#
# A fatal error has been detected by the Java Runtime Environment:
#
#  EXCEPTION_ACCESS_VIOLATION (0xc0000005) at pc=0x00007ffddb6bf403, pid=11412, tid=240
#
# JRE version: OpenJDK Runtime Environment Corretto-17.0.5.8.1 (17.0.5+8) (build 17.0.5+8-LTS)
# Java VM: OpenJDK 64-Bit Server VM Corretto-17.0.5.8.1 (17.0.5+8-LTS, mixed mode, sharing, tiered, compressed oops, compressed class ptrs, g1 gc, windows-amd64)
# Problematic frame:
# V  [jvm.dll+0x64f403]
#
# No core dump will be written. Minidumps are not enabled by default on client versions of Windows
#
# If you would like to submit a bug report, please visit:
#   https://github.com/corretto/corretto-17/issues/
#

---------------  S U M M A R Y ------------

Command Line: -Dmaven.multiModuleProjectDirectory=E:\Escritorio\WORK\asur-backend -Dmaven.home=C:\Users\PC - Escritorio\.m2\wrapper\dists\apache-maven-3.9.4-bin\2vqnav6ufo1qvo5j2um40861m\apache-maven-3.9.4 -Dclassworlds.conf=C:\Users\PC - Escritorio\.m2\wrapper\dists\apache-maven-3.9.4-bin\2vqnav6ufo1qvo5j2um40861m\apache-maven-3.9.4\bin\m2.conf -Dmaven.ext.class.path=C:\Program Files\JetBrains\IntelliJ IDEA Community Edition 2022.1.1\plugins\maven\lib\maven-event-listener.jar -javaagent:C:\Program Files\JetBrains\IntelliJ IDEA Community Edition 2022.1.1\lib\idea_rt.jar=60941:C:\Program Files\JetBrains\IntelliJ IDEA Community Edition 2022.1.1\bin -Dfile.encoding=UTF-8 org.codehaus.classworlds.Launcher -Didea.version=2022.1.1 spring-boot:run

Host: AMD Ryzen 5 3600 6-Core Processor              , 12 cores, 15G,  Windows 10 , 64 bit Build 19041 (10.0.19041.3155)
Time: Wed Sep 13 12:35:47 2023 Hora estándar de Argentina elapsed time: 12.464234 seconds (0d 0h 0m 12s)

---------------  T H R E A D  ---------------

Current thread (0x0000020c7f21b000):  JavaThread "C2 CompilerThread0" daemon [_thread_in_native, id=240, stack(0x000000daa5d00000,0x000000daa5e00000)]


Current CompileTask:
C2:  12464 6752       4       lombok.javac.JavacAST::buildStatementOrExpression (120 bytes)

Stack: [0x000000daa5d00000,0x000000daa5e00000],  sp=0x000000daa5dfb610,  free space=1005k
Native frames: (J=compiled Java code, j=interpreted, Vv=VM code, C=native code)
V  [jvm.dll+0x64f403]
V  [jvm.dll+0x64c133]
V  [jvm.dll+0x209549]
V  [jvm.dll+0x208837]
V  [jvm.dll+0x198a9d]
V  [jvm.dll+0x217bdd]
V  [jvm.dll+0x215e24]
V  [jvm.dll+0x7b06ab]
V  [jvm.dll+0x7aac5a]
V  [jvm.dll+0x645cd5]
C  [ucrtbase.dll+0x21bb2]
C  [KERNEL32.DLL+0x17614]
C  [ntdll.dll+0x526b1]


siginfo: EXCEPTION_ACCESS_VIOLATION (0xc0000005), reading address 0x00007ff5db948630


Register to memory mapping:

RIP=0x00007ffddb6bf403 jvm.dll
RAX=0x000000daa5dfe4c0 is pointing into the stack for thread: 0x0000020c7f21b000
RBX=0x0000020c7f2a54b0 points into unknown readable memory: 0x00007ff5db948590 | 90 85 94 db f5 7f 00 00
RCX=0x0000020c7f2a54b0 points into unknown readable memory: 0x00007ff5db948590 | 90 85 94 db f5 7f 00 00
RDX=0x000000daa5dfbba0 is pointing into the stack for thread: 0x0000020c7f21b000
RSP=0x000000daa5dfb610 is pointing into the stack for thread: 0x0000020c7f21b000
RBP=0x0000020c7f2a5520 points into unknown readable memory: 0x00007ffddb94d2c0 | c0 d2 94 db fd 7f 00 00
RSI=0x0 is NULL
RDI=0x0 is NULL
R8 =0x00007ff5db948590 is an unknown value
R9 =0x0000000000002668 is an unknown value
R10=0xffffffffffffdf80 is an unknown value
R11=0xffffffffffd7aa20 is an unknown value
R12=0x0000000000007e97 is an unknown value
R13=0x0000000000000010 is an unknown value
R14=0x0000020c0937a5f4 points into unknown readable memory: 97 7e 00 00
R15=0x00000000ffffffff is an unknown value


Registers:
RAX=0x000000daa5dfe4c0, RBX=0x0000020c7f2a54b0, RCX=0x0000020c7f2a54b0, RDX=0x000000daa5dfbba0
RSP=0x000000daa5dfb610, RBP=0x0000020c7f2a5520, RSI=0x0000000000000000, RDI=0x0000000000000000
R8 =0x00007ff5db948590, R9 =0x0000000000002668, R10=0xffffffffffffdf80, R11=0xffffffffffd7aa20
R12=0x0000000000007e97, R13=0x0000000000000010, R14=0x0000020c0937a5f4, R15=0x00000000ffffffff
RIP=0x00007ffddb6bf403, EFLAGS=0x0000000000010293

Top of Stack: (sp=0x000000daa5dfb610)
0x000000daa5dfb610:   0000020c084961d8 000000daa5dfca50
0x000000daa5dfb620:   0000020c05ddaca0 00007ffddb3a956c
0x000000daa5dfb630:   000008f100000001 0000000000002670
0x000000daa5dfb640:   0000020c0937a5f8 0000000000002668
0x000000daa5dfb650:   0000081fffffffff 00007ffd000003cf
0x000000daa5dfb660:   0000000000004100 ffffffffffd80ba0
0x000000daa5dfb670:   0000020c090f9114 0000020c0937c674
0x000000daa5dfb680:   ffffffffffffdf80 ffffffffffd7aa20
0x000000daa5dfb690:   0000020c0937d3c0 0000020c090f7de0
0x000000daa5dfb6a0:   0000020c090f9e60 0000020c0937b340
0x000000daa5dfb6b0:   000000000000207c 0000000000001a30
0x000000daa5dfb6c0:   0000000000000000 0000000000000000
0x000000daa5dfb6d0:   0000020c7f21b000 00007ffddb25fd00
0x000000daa5dfb6e0:   0000020c7f21b000 00007ffddb9efb98
0x000000daa5dfb6f0:   0000000000000000 0000000000000000
0x000000daa5dfb700:   0000000000000000 00007ffddb9efb98 

Instructions: (pc=0x00007ffddb6bf403)
0x00007ffddb6bf303:   cb ff 90 10 01 00 00 ff c8 48 8b cb 03 f8 48 8b
0x00007ffddb6bf313:   03 ff 90 20 01 00 00 01 44 24 24 8b 53 2c 8b c2
0x00007ffddb6bf323:   83 e0 1f 3c 1e 0f 85 02 02 00 00 48 8b 03 48 8b
0x00007ffddb6bf333:   cb 48 8b 93 80 00 00 00 ff 90 58 01 00 00 8b 4b
0x00007ffddb6bf343:   2c 8b c1 83 e0 3f 3c 3e 75 1f 48 83 bb 90 00 00
0x00007ffddb6bf353:   00 00 74 15 e8 74 57 a2 ff 01 44 24 48 e8 fb e3
0x00007ffddb6bf363:   a1 ff 01 44 24 24 8b 4b 2c 44 8b 44 24 20 8b 53
0x00007ffddb6bf373:   30 8b c2 c1 e8 08 a8 01 74 08 45 3b 3e 72 03 41
0x00007ffddb6bf383:   03 f8 c1 ea 07 f6 c2 01 74 5d 83 e1 0f 80 f9 0a
0x00007ffddb6bf393:   74 16 ba 59 02 00 00 48 8d 0d 0f 08 33 00 e8 ba
0x00007ffddb6bf3a3:   57 be ff e8 d5 75 ff ff 48 8b 44 24 68 48 8b cb
0x00007ffddb6bf3b3:   89 38 48 8b 84 24 60 01 00 00 4c 8b 03 48 8b 40
0x00007ffddb6bf3c3:   08 48 8b 90 60 08 00 00 41 ff 90 a0 00 00 00 48
0x00007ffddb6bf3d3:   8b 4c 24 50 c6 84 24 70 01 00 00 01 42 89 04 31
0x00007ffddb6bf3e3:   48 8b 44 24 60 89 30 48 8b 84 24 60 01 00 00 48
0x00007ffddb6bf3f3:   8b cb 4c 8b 03 48 8b 40 08 48 8b 90 60 08 00 00
0x00007ffddb6bf403:   41 ff 90 a0 00 00 00 8b 4b 2c 03 f8 8b c1 83 e0
0x00007ffddb6bf413:   1f 3c 1e 75 0b 80 f9 de 74 06 45 8b 26 44 03 e7
0x00007ffddb6bf423:   80 e1 03 80 f9 02 75 10 8b 43 30 c1 e8 09 a8 01
0x00007ffddb6bf433:   74 06 45 8b 3e 44 03 ff ff c6 41 3b f5 0f 82 8c
0x00007ffddb6bf443:   fe ff ff 8b 9c 24 78 01 00 00 48 8b 54 24 30 4c
0x00007ffddb6bf453:   8b 44 24 28 4c 8b 4c 24 38 8b 6c 24 44 48 8b b4
0x00007ffddb6bf463:   24 60 01 00 00 8d 45 ff 3b d8 73 5d 48 8b 46 08
0x00007ffddb6bf473:   48 8b 88 48 08 00 00 48 8b 41 30 49 8b 0c 00 e8
0x00007ffddb6bf483:   89 7f ac ff 4c 8b 4c 24 38 ff c8 85 c0 7e 30 41
0x00007ffddb6bf493:   8b 16 48 8b 4c 24 30 03 d7 4c 8b 44 24 58 03 f8
0x00007ffddb6bf4a3:   44 3b e2 41 89 04 08 42 8d 0c 20 41 0f 45 cc 41
0x00007ffddb6bf4b3:   03 c7 44 3b fa 44 8b e1 41 0f 45 c7 44 8b f8 4c
0x00007ffddb6bf4c3:   8b 44 24 28 48 8b 54 24 30 41 8b 0e ff c3 4c 8b
0x00007ffddb6bf4d3:   54 24 70 03 cf 4c 8b 5c 24 78 49 83 c0 08 48 8b
0x00007ffddb6bf4e3:   7c 24 50 49 83 c1 08 89 0a 49 83 c6 04 48 83 c2
0x00007ffddb6bf4f3:   04 89 9c 24 78 01 00 00 4c 89 44 24 28 48 89 54 


Stack slot to memory mapping:
stack at sp + 0 slots: 0x0000020c084961d8 points into unknown readable memory: 0x00007ffddb942ae8 | e8 2a 94 db fd 7f 00 00
stack at sp + 1 slots: 0x000000daa5dfca50 is pointing into the stack for thread: 0x0000020c7f21b000
stack at sp + 2 slots: 0x0000020c05ddaca0 points into unknown readable memory: 0x00007ffddb917fb0 | b0 7f 91 db fd 7f 00 00
stack at sp + 3 slots: 0x00007ffddb3a956c jvm.dll
stack at sp + 4 slots: 0x000008f100000001 is an unknown value
stack at sp + 5 slots: 0x0000000000002670 is an unknown value
stack at sp + 6 slots: 0x0000020c0937a5f8 points into unknown readable memory: 0x0000020c07ac6500 | 00 65 ac 07 0c 02 00 00
stack at sp + 7 slots: 0x0000000000002668 is an unknown value


---------------  P R O C E S S  ---------------

Threads class SMR info:
_java_thread_list=0x0000020c058442d0, length=15, elements={
0x0000020c5fd14100, 0x0000020c7f204270, 0x0000020c7f2050e0, 0x0000020c7f213700,
0x0000020c7f2141c0, 0x0000020c7f216c80, 0x0000020c7f219640, 0x0000020c7f21b000,
0x0000020c7f21c6f0, 0x0000020c7f251840, 0x0000020c7f3087e0, 0x0000020c7f418aa0,
0x0000020c7f418f70, 0x0000020c05a196f0, 0x0000020c04b5b9d0
}

Java Threads: ( => current thread )
  0x0000020c5fd14100 JavaThread "main" [_thread_in_vm, id=1404, stack(0x000000daa5000000,0x000000daa5100000)]
  0x0000020c7f204270 JavaThread "Reference Handler" daemon [_thread_blocked, id=6816, stack(0x000000daa5700000,0x000000daa5800000)]
  0x0000020c7f2050e0 JavaThread "Finalizer" daemon [_thread_blocked, id=7144, stack(0x000000daa5800000,0x000000daa5900000)]
  0x0000020c7f213700 JavaThread "Signal Dispatcher" daemon [_thread_blocked, id=11448, stack(0x000000daa5900000,0x000000daa5a00000)]
  0x0000020c7f2141c0 JavaThread "Attach Listener" daemon [_thread_blocked, id=2432, stack(0x000000daa5a00000,0x000000daa5b00000)]
  0x0000020c7f216c80 JavaThread "Service Thread" daemon [_thread_blocked, id=11720, stack(0x000000daa5b00000,0x000000daa5c00000)]
  0x0000020c7f219640 JavaThread "Monitor Deflation Thread" daemon [_thread_blocked, id=14612, stack(0x000000daa5c00000,0x000000daa5d00000)]
=>0x0000020c7f21b000 JavaThread "C2 CompilerThread0" daemon [_thread_in_native, id=240, stack(0x000000daa5d00000,0x000000daa5e00000)]
  0x0000020c7f21c6f0 JavaThread "C1 CompilerThread0" daemon [_thread_in_vm, id=8748, stack(0x000000daa5e00000,0x000000daa5f00000)]
  0x0000020c7f251840 JavaThread "Sweeper thread" daemon [_thread_blocked, id=14668, stack(0x000000daa5f00000,0x000000daa6000000)]
  0x0000020c7f3087e0 JavaThread "Common-Cleaner" daemon [_thread_blocked, id=11104, stack(0x000000daa6000000,0x000000daa6100000)]
  0x0000020c7f418aa0 JavaThread "Monitor Ctrl-Break" daemon [_thread_in_native, id=11468, stack(0x000000daa6100000,0x000000daa6200000)]
  0x0000020c7f418f70 JavaThread "Notification Thread" daemon [_thread_blocked, id=15332, stack(0x000000daa6200000,0x000000daa6300000)]
  0x0000020c05a196f0 JavaThread "C2 CompilerThread1" daemon [_thread_in_native, id=13336, stack(0x000000daa6f00000,0x000000daa7000000)]
  0x0000020c04b5b9d0 JavaThread "C2 CompilerThread2" daemon [_thread_in_native, id=6444, stack(0x000000daa7000000,0x000000daa7100000)]

Other Threads:
  0x0000020c7f1fee50 VMThread "VM Thread" [stack: 0x000000daa5600000,0x000000daa5700000] [id=4824]
  0x0000020c5fdbfeb0 WatcherThread [stack: 0x000000daa6300000,0x000000daa6400000] [id=11336]
  0x0000020c5fd837d0 GCTaskThread "GC Thread#0" [stack: 0x000000daa5100000,0x000000daa5200000] [id=11968]
  0x0000020c04ec9550 GCTaskThread "GC Thread#1" [stack: 0x000000daa6600000,0x000000daa6700000] [id=13516]
  0x0000020c04f829b0 GCTaskThread "GC Thread#2" [stack: 0x000000daa6700000,0x000000daa6800000] [id=14256]
  0x0000020c04ed9a50 GCTaskThread "GC Thread#3" [stack: 0x000000daa6800000,0x000000daa6900000] [id=13704]
  0x0000020c04f03e10 GCTaskThread "GC Thread#4" [stack: 0x000000daa6900000,0x000000daa6a00000] [id=8]
  0x0000020c05242820 GCTaskThread "GC Thread#5" [stack: 0x000000daa6a00000,0x000000daa6b00000] [id=15096]
  0x0000020c04f8aa40 GCTaskThread "GC Thread#6" [stack: 0x000000daa6b00000,0x000000daa6c00000] [id=15136]
  0x0000020c050b47e0 GCTaskThread "GC Thread#7" [stack: 0x000000daa6c00000,0x000000daa6d00000] [id=8712]
  0x0000020c05135150 GCTaskThread "GC Thread#8" [stack: 0x000000daa6d00000,0x000000daa6e00000] [id=10124]
  0x0000020c058f6520 GCTaskThread "GC Thread#9" [stack: 0x000000daa6e00000,0x000000daa6f00000] [id=9860]
  0x0000020c5fd94610 ConcurrentGCThread "G1 Main Marker" [stack: 0x000000daa5200000,0x000000daa5300000] [id=7612]
  0x0000020c5fd95020 ConcurrentGCThread "G1 Conc#0" [stack: 0x000000daa5300000,0x000000daa5400000] [id=11256]
  0x0000020c054ea320 ConcurrentGCThread "G1 Conc#1" [stack: 0x000000daa6400000,0x000000daa6500000] [id=7724]
  0x0000020c054ea070 ConcurrentGCThread "G1 Conc#2" [stack: 0x000000daa6500000,0x000000daa6600000] [id=9768]
  0x0000020c5fdede10 ConcurrentGCThread "G1 Refine#0" [stack: 0x000000daa5400000,0x000000daa5500000] [id=6976]
  0x0000020c5fdee830 ConcurrentGCThread "G1 Service" [stack: 0x000000daa5500000,0x000000daa5600000] [id=11800]

Threads with active compile tasks:
C2 CompilerThread0    12486 6752       4       lombok.javac.JavacAST::buildStatementOrExpression (120 bytes)
C1 CompilerThread0    12486 7669       3       com.sun.tools.javac.jvm.Code::curCP (33 bytes)
C2 CompilerThread1    12486 7416       4       com.sun.tools.javac.jvm.PoolReader::resolve (344 bytes)
C2 CompilerThread2    12486 7566   !   4       com.sun.tools.javac.code.Types$12::visitClassType (229 bytes)

VM state: not at safepoint (normal execution)

VM Mutex/Monitor currently owned by a thread: None

Heap address: 0x0000000701000000, size: 4080 MB, Compressed Oops mode: Zero based, Oop shift amount: 3

CDS archive(s) mapped at: [0x0000000800000000-0x0000000800bc0000-0x0000000800bc0000), size 12320768, SharedBaseAddress: 0x0000000800000000, ArchiveRelocationMode: 0.
Compressed class space mapped at: 0x0000000800c00000-0x0000000840c00000, reserved size: 1073741824
Narrow klass base: 0x0000000800000000, Narrow klass shift: 0, Narrow klass range: 0x100000000

GC Precious Log:
 CPUs: 12 total, 12 available
 Memory: 16316M
 Large Page Support: Disabled
 NUMA Support: Disabled
 Compressed Oops: Enabled (Zero based)
 Heap Region Size: 2M
 Heap Min Capacity: 8M
 Heap Initial Capacity: 256M
 Heap Max Capacity: 4080M
 Pre-touch: Disabled
 Parallel Workers: 10
 Concurrent Workers: 3
 Concurrent Refinement Workers: 10
 Periodic GC: Disabled

Heap:
 garbage-first heap   total 157696K, used 47602K [0x0000000701000000, 0x0000000800000000)
  region size 2048K, 3 young (6144K), 2 survivors (4096K)
 Metaspace       used 30570K, committed 30912K, reserved 1081344K
  class space    used 3460K, committed 3648K, reserved 1048576K

Heap Regions: E=young(eden), S=young(survivor), O=old, HS=humongous(starts), HC=humongous(continues), CS=collection set, F=free, OA=open archive, CA=closed archive, TAMS=top-at-mark-start (previous, next)
|   0|0x0000000701000000, 0x0000000701200000, 0x0000000701200000|100%| O|  |TAMS 0x0000000701200000, 0x0000000701000000| Untracked 
|   1|0x0000000701200000, 0x0000000701400000, 0x0000000701400000|100%| O|  |TAMS 0x00000007013d0600, 0x0000000701200000| Untracked 
|   2|0x0000000701400000, 0x0000000701600000, 0x0000000701600000|100%| O|  |TAMS 0x0000000701400000, 0x0000000701400000| Untracked 
|   3|0x0000000701600000, 0x0000000701800000, 0x0000000701800000|100%| O|  |TAMS 0x0000000701600000, 0x0000000701600000| Untracked 
|   4|0x0000000701800000, 0x0000000701a00000, 0x0000000701a00000|100%| O|  |TAMS 0x0000000701800000, 0x0000000701800000| Untracked 
|   5|0x0000000701a00000, 0x0000000701c00000, 0x0000000701c00000|100%| O|  |TAMS 0x0000000701a00000, 0x0000000701a00000| Untracked 
|   6|0x0000000701c00000, 0x0000000701e00000, 0x0000000701e00000|100%| O|  |TAMS 0x0000000701c00000, 0x0000000701c00000| Untracked 
|   7|0x0000000701e00000, 0x0000000702000000, 0x0000000702000000|100%| O|  |TAMS 0x0000000701e00000, 0x0000000701e00000| Untracked 
|   8|0x0000000702000000, 0x0000000702200000, 0x0000000702200000|100%| O|  |TAMS 0x0000000702000000, 0x0000000702000000| Untracked 
|   9|0x0000000702200000, 0x0000000702400000, 0x0000000702400000|100%| O|  |TAMS 0x0000000702200000, 0x0000000702200000| Untracked 
|  10|0x0000000702400000, 0x0000000702600000, 0x0000000702600000|100%| O|  |TAMS 0x0000000702400000, 0x0000000702400000| Untracked 
|  11|0x0000000702600000, 0x0000000702800000, 0x0000000702800000|100%| O|  |TAMS 0x0000000702600000, 0x0000000702600000| Untracked 
|  12|0x0000000702800000, 0x0000000702a00000, 0x0000000702a00000|100%| O|  |TAMS 0x0000000702800000, 0x0000000702800000| Untracked 
|  13|0x0000000702a00000, 0x0000000702c00000, 0x0000000702c00000|100%| O|  |TAMS 0x0000000702a00000, 0x0000000702a00000| Untracked 
|  14|0x0000000702c00000, 0x0000000702db9000, 0x0000000702e00000| 86%| O|  |TAMS 0x0000000702c00000, 0x0000000702c00000| Untracked 
|  15|0x0000000702e00000, 0x0000000702e00000, 0x0000000703000000|  0%| F|  |TAMS 0x0000000702e00000, 0x0000000702e00000| Untracked 
|  16|0x0000000703000000, 0x0000000703000000, 0x0000000703200000|  0%| F|  |TAMS 0x0000000703000000, 0x0000000703000000| Untracked 
|  17|0x0000000703200000, 0x0000000703200000, 0x0000000703400000|  0%| F|  |TAMS 0x0000000703200000, 0x0000000703200000| Untracked 
|  18|0x0000000703400000, 0x0000000703600000, 0x0000000703600000|100%| O|  |TAMS 0x0000000703400000, 0x0000000703400000| Untracked 
|  19|0x0000000703600000, 0x0000000703800000, 0x0000000703800000|100%| O|  |TAMS 0x0000000703600000, 0x0000000703600000| Untracked 
|  20|0x0000000703800000, 0x0000000703a00000, 0x0000000703a00000|100%| O|  |TAMS 0x0000000703800000, 0x0000000703800000| Untracked 
|  21|0x0000000703a00000, 0x0000000703c00000, 0x0000000703c00000|100%| O|  |TAMS 0x0000000703a00000, 0x0000000703a00000| Untracked 
|  22|0x0000000703c00000, 0x0000000703e00000, 0x0000000703e00000|100%| O|  |TAMS 0x0000000703c00000, 0x0000000703c00000| Untracked 
|  23|0x0000000703e00000, 0x0000000704000000, 0x0000000704000000|100%| O|  |TAMS 0x0000000703e00000, 0x0000000703e00000| Untracked 
|  24|0x0000000704000000, 0x0000000704000000, 0x0000000704200000|  0%| F|  |TAMS 0x0000000704000000, 0x0000000704000000| Untracked 
|  25|0x0000000704200000, 0x0000000704200000, 0x0000000704400000|  0%| F|  |TAMS 0x0000000704200000, 0x0000000704200000| Untracked 
|  26|0x0000000704400000, 0x0000000704400000, 0x0000000704600000|  0%| F|  |TAMS 0x0000000704400000, 0x0000000704400000| Untracked 
|  27|0x0000000704600000, 0x0000000704600000, 0x0000000704800000|  0%| F|  |TAMS 0x0000000704600000, 0x0000000704600000| Untracked 
|  28|0x0000000704800000, 0x0000000704800000, 0x0000000704a00000|  0%| F|  |TAMS 0x0000000704800000, 0x0000000704800000| Untracked 
|  29|0x0000000704a00000, 0x0000000704a00000, 0x0000000704c00000|  0%| F|  |TAMS 0x0000000704a00000, 0x0000000704a00000| Untracked 
|  30|0x0000000704c00000, 0x0000000704c00000, 0x0000000704e00000|  0%| F|  |TAMS 0x0000000704c00000, 0x0000000704c00000| Untracked 
|  31|0x0000000704e00000, 0x0000000704e00000, 0x0000000705000000|  0%| F|  |TAMS 0x0000000704e00000, 0x0000000704e00000| Untracked 
|  32|0x0000000705000000, 0x0000000705000000, 0x0000000705200000|  0%| F|  |TAMS 0x0000000705000000, 0x0000000705000000| Untracked 
|  33|0x0000000705200000, 0x0000000705200000, 0x0000000705400000|  0%| F|  |TAMS 0x0000000705200000, 0x0000000705200000| Untracked 
|  34|0x0000000705400000, 0x0000000705400000, 0x0000000705600000|  0%| F|  |TAMS 0x0000000705400000, 0x0000000705400000| Untracked 
|  35|0x0000000705600000, 0x0000000705600000, 0x0000000705800000|  0%| F|  |TAMS 0x0000000705600000, 0x0000000705600000| Untracked 
|  36|0x0000000705800000, 0x0000000705800000, 0x0000000705a00000|  0%| F|  |TAMS 0x0000000705800000, 0x0000000705800000| Untracked 
|  37|0x0000000705a00000, 0x0000000705a00000, 0x0000000705c00000|  0%| F|  |TAMS 0x0000000705a00000, 0x0000000705a00000| Untracked 
|  38|0x0000000705c00000, 0x0000000705c00000, 0x0000000705e00000|  0%| F|  |TAMS 0x0000000705c00000, 0x0000000705c00000| Untracked 
|  39|0x0000000705e00000, 0x0000000705e00000, 0x0000000706000000|  0%| F|  |TAMS 0x0000000705e00000, 0x0000000705e00000| Untracked 
|  40|0x0000000706000000, 0x0000000706000000, 0x0000000706200000|  0%| F|  |TAMS 0x0000000706000000, 0x0000000706000000| Untracked 
|  41|0x0000000706200000, 0x0000000706200000, 0x0000000706400000|  0%| F|  |TAMS 0x0000000706200000, 0x0000000706200000| Untracked 
|  42|0x0000000706400000, 0x00000007064c3a00, 0x0000000706600000| 38%| S|CS|TAMS 0x0000000706400000, 0x0000000706400000| Complete 
|  43|0x0000000706600000, 0x0000000706800000, 0x0000000706800000|100%| S|CS|TAMS 0x0000000706600000, 0x0000000706600000| Complete 
|  44|0x0000000706800000, 0x0000000706800000, 0x0000000706a00000|  0%| F|  |TAMS 0x0000000706800000, 0x0000000706800000| Untracked 
|  45|0x0000000706a00000, 0x0000000706a00000, 0x0000000706c00000|  0%| F|  |TAMS 0x0000000706a00000, 0x0000000706a00000| Untracked 
|  46|0x0000000706c00000, 0x0000000706c00000, 0x0000000706e00000|  0%| F|  |TAMS 0x0000000706c00000, 0x0000000706c00000| Untracked 
|  47|0x0000000706e00000, 0x0000000706e00000, 0x0000000707000000|  0%| F|  |TAMS 0x0000000706e00000, 0x0000000706e00000| Untracked 
|  48|0x0000000707000000, 0x0000000707000000, 0x0000000707200000|  0%| F|  |TAMS 0x0000000707000000, 0x0000000707000000| Untracked 
|  49|0x0000000707200000, 0x0000000707200000, 0x0000000707400000|  0%| F|  |TAMS 0x0000000707200000, 0x0000000707200000| Untracked 
|  50|0x0000000707400000, 0x0000000707400000, 0x0000000707600000|  0%| F|  |TAMS 0x0000000707400000, 0x0000000707400000| Untracked 
|  51|0x0000000707600000, 0x0000000707600000, 0x0000000707800000|  0%| F|  |TAMS 0x0000000707600000, 0x0000000707600000| Untracked 
|  52|0x0000000707800000, 0x0000000707800000, 0x0000000707a00000|  0%| F|  |TAMS 0x0000000707800000, 0x0000000707800000| Untracked 
|  53|0x0000000707a00000, 0x0000000707a00000, 0x0000000707c00000|  0%| F|  |TAMS 0x0000000707a00000, 0x0000000707a00000| Untracked 
|  54|0x0000000707c00000, 0x0000000707c00000, 0x0000000707e00000|  0%| F|  |TAMS 0x0000000707c00000, 0x0000000707c00000| Untracked 
|  55|0x0000000707e00000, 0x0000000707e00000, 0x0000000708000000|  0%| F|  |TAMS 0x0000000707e00000, 0x0000000707e00000| Untracked 
|  56|0x0000000708000000, 0x0000000708000000, 0x0000000708200000|  0%| F|  |TAMS 0x0000000708000000, 0x0000000708000000| Untracked 
|  57|0x0000000708200000, 0x0000000708200000, 0x0000000708400000|  0%| F|  |TAMS 0x0000000708200000, 0x0000000708200000| Untracked 
|  58|0x0000000708400000, 0x0000000708400000, 0x0000000708600000|  0%| F|  |TAMS 0x0000000708400000, 0x0000000708400000| Untracked 
|  59|0x0000000708600000, 0x0000000708600000, 0x0000000708800000|  0%| F|  |TAMS 0x0000000708600000, 0x0000000708600000| Untracked 
|  60|0x0000000708800000, 0x0000000708800000, 0x0000000708a00000|  0%| F|  |TAMS 0x0000000708800000, 0x0000000708800000| Untracked 
|  61|0x0000000708a00000, 0x0000000708a00000, 0x0000000708c00000|  0%| F|  |TAMS 0x0000000708a00000, 0x0000000708a00000| Untracked 
|  62|0x0000000708c00000, 0x0000000708c00000, 0x0000000708e00000|  0%| F|  |TAMS 0x0000000708c00000, 0x0000000708c00000| Untracked 
|  63|0x0000000708e00000, 0x0000000708e00000, 0x0000000709000000|  0%| F|  |TAMS 0x0000000708e00000, 0x0000000708e00000| Untracked 
|  64|0x0000000709000000, 0x0000000709000000, 0x0000000709200000|  0%| F|  |TAMS 0x0000000709000000, 0x0000000709000000| Untracked 
|  65|0x0000000709200000, 0x0000000709200000, 0x0000000709400000|  0%| F|  |TAMS 0x0000000709200000, 0x0000000709200000| Untracked 
|  66|0x0000000709400000, 0x0000000709400000, 0x0000000709600000|  0%| F|  |TAMS 0x0000000709400000, 0x0000000709400000| Untracked 
|  67|0x0000000709600000, 0x0000000709600000, 0x0000000709800000|  0%| F|  |TAMS 0x0000000709600000, 0x0000000709600000| Untracked 
|  68|0x0000000709800000, 0x0000000709800000, 0x0000000709a00000|  0%| F|  |TAMS 0x0000000709800000, 0x0000000709800000| Untracked 
|  69|0x0000000709a00000, 0x0000000709a00000, 0x0000000709c00000|  0%| F|  |TAMS 0x0000000709a00000, 0x0000000709a00000| Untracked 
|  70|0x0000000709c00000, 0x0000000709c00000, 0x0000000709e00000|  0%| F|  |TAMS 0x0000000709c00000, 0x0000000709c00000| Untracked 
|  71|0x0000000709e00000, 0x0000000709e00000, 0x000000070a000000|  0%| F|  |TAMS 0x0000000709e00000, 0x0000000709e00000| Untracked 
|  72|0x000000070a000000, 0x000000070a000000, 0x000000070a200000|  0%| F|  |TAMS 0x000000070a000000, 0x000000070a000000| Untracked 
| 118|0x000000070fc00000, 0x000000070fc00000, 0x000000070fe00000|  0%| F|  |TAMS 0x000000070fc00000, 0x000000070fc00000| Untracked 
| 119|0x000000070fe00000, 0x000000070fe00000, 0x0000000710000000|  0%| F|  |TAMS 0x000000070fe00000, 0x000000070fe00000| Untracked 
| 127|0x0000000710e00000, 0x0000000710f08d60, 0x0000000711000000| 51%| E|  |TAMS 0x0000000710e00000, 0x0000000710e00000| Complete 
|2039|0x00000007ffe00000, 0x0000000800000000, 0x0000000800000000|100%| O|  |TAMS 0x00000007ffe00000, 0x00000007ffe00000| Untracked 

Card table byte_map: [0x0000020c77580000,0x0000020c77d80000] _byte_map_base: 0x0000020c73d78000

Marking Bits (Prev, Next): (CMBitMap*) 0x0000020c5fd83e20, (CMBitMap*) 0x0000020c5fd83de0
 Prev Bits: [0x0000020c00000000, 0x0000020c03fc0000)
 Next Bits: [0x0000020c78580000, 0x0000020c7c540000)

Polling page: 0x0000020c5dc90000

Metaspace:

Usage:
  Non-class:     26.48 MB used.
      Class:      3.38 MB used.
       Both:     29.86 MB used.

Virtual space:
  Non-class space:       32.00 MB reserved,      26.69 MB ( 83%) committed,  4 nodes.
      Class space:        1.00 GB reserved,       3.56 MB ( <1%) committed,  1 nodes.
             Both:        1.03 GB reserved,      30.25 MB (  3%) committed. 

Chunk freelists:
   Non-Class:  944.00 KB
       Class:  368.00 KB
        Both:  1.28 MB

MaxMetaspaceSize: unlimited
CompressedClassSpaceSize: 1.00 GB
Initial GC threshold: 21.00 MB
Current GC threshold: 35.44 MB
CDS: on
MetaspaceReclaimPolicy: balanced
 - commit_granule_bytes: 65536.
 - commit_granule_words: 8192.
 - virtual_space_node_default_size: 1048576.
 - enlarge_chunks_in_place: 1.
 - new_chunks_are_fully_committed: 0.
 - uncommit_free_chunks: 1.
 - use_allocation_guard: 0.
 - handle_deallocations: 1.


Internal statistics:

num_allocs_failed_limit: 3.
num_arena_births: 232.
num_arena_deaths: 0.
num_vsnodes_births: 5.
num_vsnodes_deaths: 0.
num_space_committed: 484.
num_space_uncommitted: 0.
num_chunks_returned_to_freelist: 3.
num_chunks_taken_from_freelist: 1356.
num_chunk_merges: 3.
num_chunk_splits: 938.
num_chunks_enlarged: 705.
num_purges: 0.
num_inconsistent_stats: 0.

CodeHeap 'non-profiled nmethods': size=120000Kb used=3749Kb max_used=3749Kb free=116250Kb
 bounds [0x0000020c6f2f0000, 0x0000020c6f6a0000, 0x0000020c76820000]
CodeHeap 'profiled nmethods': size=120000Kb used=15289Kb max_used=15289Kb free=104710Kb
 bounds [0x0000020c67dc0000, 0x0000020c68cb0000, 0x0000020c6f2f0000]
CodeHeap 'non-nmethods': size=5760Kb used=1224Kb max_used=1276Kb free=4535Kb
 bounds [0x0000020c67820000, 0x0000020c67a90000, 0x0000020c67dc0000]
 total_blobs=7427 nmethods=6905 adapters=433
 compilation: enabled
              stopped_count=0, restarted_count=0
 full_count=0

Compilation events (20 events):
Event: 12.453 Thread 0x0000020c7f21c6f0 7631       3       com.sun.tools.javac.util.Bits::isReset (16 bytes)
Event: 12.453 Thread 0x0000020c7f21c6f0 nmethod 7631 0x0000020c68c76d10 code [0x0000020c68c76ea0, 0x0000020c68c77018]
Event: 12.453 Thread 0x0000020c7f21c6f0 7633       3       com.sun.tools.javac.util.Bits::assign (20 bytes)
Event: 12.453 Thread 0x0000020c7f21c6f0 nmethod 7633 0x0000020c68c77090 code [0x0000020c68c77240, 0x0000020c68c77488]
Event: 12.453 Thread 0x0000020c7f21c6f0 7635       3       com.sun.tools.javac.comp.Flow$CaptureAnalyzer::checkEffectivelyFinal (128 bytes)
Event: 12.454 Thread 0x0000020c7f21c6f0 nmethod 7635 0x0000020c68c77590 code [0x0000020c68c777c0, 0x0000020c68c780c8]
Event: 12.454 Thread 0x0000020c7f21c6f0 7632       3       com.sun.tools.javac.code.Scope$ScopeImpl::remove (207 bytes)
Event: 12.455 Thread 0x0000020c7f21c6f0 nmethod 7632 0x0000020c68c78390 code [0x0000020c68c78680, 0x0000020c68c79b28]
Event: 12.455 Thread 0x0000020c7f21c6f0 7637       3       com.sun.tools.javac.comp.TransTypes::coerce (54 bytes)
Event: 12.456 Thread 0x0000020c7f21c6f0 nmethod 7637 0x0000020c68c7a210 code [0x0000020c68c7a400, 0x0000020c68c7a8e8]
Event: 12.456 Thread 0x0000020c7f21c6f0 7639       3       com.sun.tools.javac.code.Types$15::visitClassType (10 bytes)
Event: 12.456 Thread 0x0000020c7f21c6f0 nmethod 7639 0x0000020c68c7aa90 code [0x0000020c68c7ac40, 0x0000020c68c7ae68]
Event: 12.456 Thread 0x0000020c7f21c6f0 7640       3       com.sun.tools.javac.code.Types$15::visitClassType (130 bytes)
Event: 12.456 Thread 0x0000020c7f21c6f0 nmethod 7640 0x0000020c68c7af10 code [0x0000020c68c7b1e0, 0x0000020c68c7c4a8]
Event: 12.456 Thread 0x0000020c7f21c6f0 7629       3       com.sun.tools.javac.util.Bits::incl (70 bytes)
Event: 12.457 Thread 0x0000020c7f21c6f0 nmethod 7629 0x0000020c68c7ca10 code [0x0000020c68c7cc20, 0x0000020c68c7d388]
Event: 12.457 Thread 0x0000020c7f21c6f0 7634       3       com.sun.tools.javac.tree.TreeInfo::isInitialConstructor (43 bytes)
Event: 12.457 Thread 0x0000020c7f21c6f0 nmethod 7634 0x0000020c68c7d610 code [0x0000020c68c7d7e0, 0x0000020c68c7da58]
Event: 12.457 Thread 0x0000020c7f21c6f0 7638       3       com.sun.tools.javac.comp.TransTypes::visitSelect (166 bytes)
Event: 12.458 Thread 0x0000020c7f21c6f0 nmethod 7638 0x0000020c68c7db90 code [0x0000020c68c7e000, 0x0000020c68c805c8]

GC Heap History (16 events):
Event: 2.474 GC heap before
{Heap before GC invocations=0 (full 0):
 garbage-first heap   total 262144K, used 22528K [0x0000000701000000, 0x0000000800000000)
  region size 2048K, 11 young (22528K), 0 survivors (0K)
 Metaspace       used 5868K, committed 6016K, reserved 1056768K
  class space    used 676K, committed 768K, reserved 1048576K
}
Event: 2.477 GC heap after
{Heap after GC invocations=1 (full 0):
 garbage-first heap   total 262144K, used 4109K [0x0000000701000000, 0x0000000800000000)
  region size 2048K, 2 young (4096K), 2 survivors (4096K)
 Metaspace       used 5868K, committed 6016K, reserved 1056768K
  class space    used 676K, committed 768K, reserved 1048576K
}
Event: 2.837 GC heap before
{Heap before GC invocations=1 (full 0):
 garbage-first heap   total 262144K, used 34829K [0x0000000701000000, 0x0000000800000000)
  region size 2048K, 17 young (34816K), 2 survivors (4096K)
 Metaspace       used 9391K, committed 9600K, reserved 1064960K
  class space    used 1115K, committed 1216K, reserved 1048576K
}
Event: 2.841 GC heap after
{Heap after GC invocations=2 (full 0):
 garbage-first heap   total 262144K, used 5339K [0x0000000701000000, 0x0000000800000000)
  region size 2048K, 1 young (2048K), 1 survivors (2048K)
 Metaspace       used 9391K, committed 9600K, reserved 1064960K
  class space    used 1115K, committed 1216K, reserved 1048576K
}
Event: 8.236 GC heap before
{Heap before GC invocations=2 (full 0):
 garbage-first heap   total 262144K, used 191707K [0x0000000701000000, 0x0000000800000000)
  region size 2048K, 76 young (155648K), 1 survivors (2048K)
 Metaspace       used 18044K, committed 18304K, reserved 1073152K
  class space    used 2042K, committed 2176K, reserved 1048576K
}
Event: 8.245 GC heap after
{Heap after GC invocations=3 (full 0):
 garbage-first heap   total 262144K, used 19524K [0x0000000701000000, 0x0000000800000000)
  region size 2048K, 8 young (16384K), 8 survivors (16384K)
 Metaspace       used 18044K, committed 18304K, reserved 1073152K
  class space    used 2042K, committed 2176K, reserved 1048576K
}
Event: 10.638 GC heap before
{Heap before GC invocations=3 (full 0):
 garbage-first heap   total 262144K, used 31812K [0x0000000701000000, 0x0000000800000000)
  region size 2048K, 16 young (32768K), 8 survivors (16384K)
 Metaspace       used 21274K, committed 21504K, reserved 1073152K
  class space    used 2497K, committed 2624K, reserved 1048576K
}
Event: 10.644 GC heap after
{Heap after GC invocations=4 (full 0):
 garbage-first heap   total 262144K, used 21892K [0x0000000701000000, 0x0000000800000000)
  region size 2048K, 2 young (4096K), 2 survivors (4096K)
 Metaspace       used 21274K, committed 21504K, reserved 1073152K
  class space    used 2497K, committed 2624K, reserved 1048576K
}
Event: 11.235 GC heap before
{Heap before GC invocations=5 (full 0):
 garbage-first heap   total 90112K, used 71044K [0x0000000701000000, 0x0000000800000000)
  region size 2048K, 26 young (53248K), 2 survivors (4096K)
 Metaspace       used 25653K, committed 25920K, reserved 1073152K
  class space    used 2948K, committed 3072K, reserved 1048576K
}
Event: 11.241 GC heap after
{Heap after GC invocations=6 (full 0):
 garbage-first heap   total 92160K, used 37751K [0x0000000701000000, 0x0000000800000000)
  region size 2048K, 4 young (8192K), 4 survivors (8192K)
 Metaspace       used 25653K, committed 25920K, reserved 1073152K
  class space    used 2948K, committed 3072K, reserved 1048576K
}
Event: 11.260 GC heap before
{Heap before GC invocations=6 (full 0):
 garbage-first heap   total 92160K, used 39799K [0x0000000701000000, 0x0000000800000000)
  region size 2048K, 5 young (10240K), 4 survivors (8192K)
 Metaspace       used 25690K, committed 25984K, reserved 1073152K
  class space    used 2949K, committed 3072K, reserved 1048576K
}
Event: 11.265 GC heap after
{Heap after GC invocations=7 (full 0):
 garbage-first heap   total 92160K, used 40371K [0x0000000701000000, 0x0000000800000000)
  region size 2048K, 1 young (2048K), 1 survivors (2048K)
 Metaspace       used 25690K, committed 25984K, reserved 1073152K
  class space    used 2949K, committed 3072K, reserved 1048576K
}
Event: 11.464 GC heap before
{Heap before GC invocations=7 (full 0):
 garbage-first heap   total 92160K, used 64947K [0x0000000701000000, 0x0000000800000000)
  region size 2048K, 13 young (26624K), 1 survivors (2048K)
 Metaspace       used 26628K, committed 26880K, reserved 1073152K
  class space    used 3043K, committed 3136K, reserved 1048576K
}
Event: 11.471 GC heap after
{Heap after GC invocations=8 (full 0):
 garbage-first heap   total 92160K, used 44759K [0x0000000701000000, 0x0000000800000000)
  region size 2048K, 2 young (4096K), 2 survivors (4096K)
 Metaspace       used 26628K, committed 26880K, reserved 1073152K
  class space    used 3043K, committed 3136K, reserved 1048576K
}
Event: 11.787 GC heap before
{Heap before GC invocations=8 (full 0):
 garbage-first heap   total 92160K, used 65239K [0x0000000701000000, 0x0000000800000000)
  region size 2048K, 13 young (26624K), 2 survivors (4096K)
 Metaspace       used 27924K, committed 28288K, reserved 1081344K
  class space    used 3195K, committed 3392K, reserved 1048576K
}
Event: 11.792 GC heap after
{Heap after GC invocations=9 (full 0):
 garbage-first heap   total 157696K, used 45444K [0x0000000701000000, 0x0000000800000000)
  region size 2048K, 1 young (2048K), 1 survivors (2048K)
 Metaspace       used 27924K, committed 28288K, reserved 1081344K
  class space    used 3195K, committed 3392K, reserved 1048576K
}

Dll operation events (11 events):
Event: 0.088 Loaded shared library C:\Users\PC - Escritorio\.jdks\corretto-17.0.5\bin\java.dll
Event: 0.117 Loaded shared library C:\Users\PC - Escritorio\.jdks\corretto-17.0.5\bin\jsvml.dll
Event: 0.176 Loaded shared library C:\Users\PC - Escritorio\.jdks\corretto-17.0.5\bin\zip.dll
Event: 0.178 Loaded shared library C:\Users\PC - Escritorio\.jdks\corretto-17.0.5\bin\instrument.dll
Event: 0.201 Loaded shared library C:\Users\PC - Escritorio\.jdks\corretto-17.0.5\bin\net.dll
Event: 0.221 Loaded shared library C:\Users\PC - Escritorio\.jdks\corretto-17.0.5\bin\nio.dll
Event: 0.230 Loaded shared library C:\Users\PC - Escritorio\.jdks\corretto-17.0.5\bin\zip.dll
Event: 0.244 Loaded shared library C:\Program Files\JetBrains\IntelliJ IDEA Community Edition 2022.1.1\bin\breakgen64.dll
Event: 1.056 Loaded shared library C:\Users\PC - Escritorio\.jdks\corretto-17.0.5\bin\jimage.dll
Event: 1.979 Loaded shared library C:\Users\PC - Escritorio\AppData\Local\Temp\jansi-2.4.0-cda9f0c4c30470ab-jansi.dll
Event: 2.002 Loaded shared library C:\Users\PC - Escritorio\.jdks\corretto-17.0.5\bin\verify.dll

Deoptimization events (20 events):
Event: 12.408 Thread 0x0000020c5fd14100 Uncommon trap: trap_request=0xffffff45 fr.pc=0x0000020c6f553d9c relative=0x000000000000027c
Event: 12.408 Thread 0x0000020c5fd14100 Uncommon trap: reason=unstable_if action=reinterpret pc=0x0000020c6f553d9c method=java.util.HashMap.getNode(Ljava/lang/Object;)Ljava/util/HashMap$Node; @ 85 c2
Event: 12.408 Thread 0x0000020c5fd14100 DEOPT PACKING pc=0x0000020c6f553d9c sp=0x000000daa50f5d20
Event: 12.408 Thread 0x0000020c5fd14100 DEOPT UNPACKING pc=0x0000020c678723a3 sp=0x000000daa50f5ca0 mode 2
Event: 12.409 Thread 0x0000020c5fd14100 Uncommon trap: trap_request=0xffffff45 fr.pc=0x0000020c6f68a580 relative=0x0000000000000c20
Event: 12.409 Thread 0x0000020c5fd14100 Uncommon trap: reason=unstable_if action=reinterpret pc=0x0000020c6f68a580 method=java.util.HashMap.removeNode(ILjava/lang/Object;Ljava/lang/Object;ZZ)Ljava/util/HashMap$Node; @ 97 c2
Event: 12.409 Thread 0x0000020c5fd14100 DEOPT PACKING pc=0x0000020c6f68a580 sp=0x000000daa50f5160
Event: 12.409 Thread 0x0000020c5fd14100 DEOPT UNPACKING pc=0x0000020c678723a3 sp=0x000000daa50f5100 mode 2
Event: 12.421 Thread 0x0000020c5fd14100 Uncommon trap: trap_request=0xffffff45 fr.pc=0x0000020c6f67913c relative=0x000000000000009c
Event: 12.421 Thread 0x0000020c5fd14100 Uncommon trap: reason=unstable_if action=reinterpret pc=0x0000020c6f67913c method=com.sun.tools.javac.comp.MatchBindingsComputer.finishBindings(Lcom/sun/tools/javac/tree/JCTree;Lcom/sun/tools/javac/comp/MatchBindingsComputer$MatchBindings;)Lcom/sun/tools/
Event: 12.421 Thread 0x0000020c5fd14100 DEOPT PACKING pc=0x0000020c6f67913c sp=0x000000daa50f91e0
Event: 12.421 Thread 0x0000020c5fd14100 DEOPT UNPACKING pc=0x0000020c678723a3 sp=0x000000daa50f9168 mode 2
Event: 12.430 Thread 0x0000020c5fd14100 Uncommon trap: trap_request=0xffffff45 fr.pc=0x0000020c6f691468 relative=0x00000000000024a8
Event: 12.430 Thread 0x0000020c5fd14100 Uncommon trap: reason=unstable_if action=reinterpret pc=0x0000020c6f691468 method=com.sun.tools.javac.code.Types.capture(Lcom/sun/tools/javac/code/Type;)Lcom/sun/tools/javac/code/Type; @ 235 c2
Event: 12.430 Thread 0x0000020c5fd14100 DEOPT PACKING pc=0x0000020c6f691468 sp=0x000000daa50faad0
Event: 12.430 Thread 0x0000020c5fd14100 DEOPT UNPACKING pc=0x0000020c678723a3 sp=0x000000daa50faaa0 mode 2
Event: 12.454 Thread 0x0000020c5fd14100 Uncommon trap: trap_request=0xffffff45 fr.pc=0x0000020c6f66515c relative=0x000000000000099c
Event: 12.454 Thread 0x0000020c5fd14100 Uncommon trap: reason=unstable_if action=reinterpret pc=0x0000020c6f66515c method=com.sun.tools.javac.code.Types$15.visitClassType(Lcom/sun/tools/javac/code/Type$ClassType;Ljava/lang/Void;)Lcom/sun/tools/javac/code/Type; @ 75 c2
Event: 12.454 Thread 0x0000020c5fd14100 DEOPT PACKING pc=0x0000020c6f66515c sp=0x000000daa50faae0
Event: 12.454 Thread 0x0000020c5fd14100 DEOPT UNPACKING pc=0x0000020c678723a3 sp=0x000000daa50faa30 mode 2

Classes unloaded (0 events):
No events

Classes redefined (0 events):
No events

Internal exceptions (20 events):
Event: 12.300 Thread 0x0000020c5fd14100 Exception <a 'sun/nio/fs/WindowsException'{0x0000000707215890}> (0x0000000707215890) 
thrown [s\src\hotspot\share\prims\jni.cpp, line 516]
Event: 12.300 Thread 0x0000020c5fd14100 Exception <a 'sun/nio/fs/WindowsException'{0x0000000707216140}> (0x0000000707216140) 
thrown [s\src\hotspot\share\prims\jni.cpp, line 516]
Event: 12.302 Thread 0x0000020c5fd14100 Exception <a 'sun/nio/fs/WindowsException'{0x0000000707228660}> (0x0000000707228660) 
thrown [s\src\hotspot\share\prims\jni.cpp, line 516]
Event: 12.302 Thread 0x0000020c5fd14100 Exception <a 'sun/nio/fs/WindowsException'{0x0000000707228cf0}> (0x0000000707228cf0) 
thrown [s\src\hotspot\share\prims\jni.cpp, line 516]
Event: 12.302 Thread 0x0000020c5fd14100 Exception <a 'sun/nio/fs/WindowsException'{0x0000000707229480}> (0x0000000707229480) 
thrown [s\src\hotspot\share\prims\jni.cpp, line 516]
Event: 12.308 Thread 0x0000020c5fd14100 Exception <a 'sun/nio/fs/WindowsException'{0x0000000707269af8}> (0x0000000707269af8) 
thrown [s\src\hotspot\share\prims\jni.cpp, line 516]
Event: 12.308 Thread 0x0000020c5fd14100 Exception <a 'sun/nio/fs/WindowsException'{0x000000070726a1a8}> (0x000000070726a1a8) 
thrown [s\src\hotspot\share\prims\jni.cpp, line 516]
Event: 12.308 Thread 0x0000020c5fd14100 Exception <a 'sun/nio/fs/WindowsException'{0x000000070726a9e8}> (0x000000070726a9e8) 
thrown [s\src\hotspot\share\prims\jni.cpp, line 516]
Event: 12.310 Thread 0x0000020c5fd14100 Exception <a 'sun/nio/fs/WindowsException'{0x000000070727b240}> (0x000000070727b240) 
thrown [s\src\hotspot\share\prims\jni.cpp, line 516]
Event: 12.310 Thread 0x0000020c5fd14100 Exception <a 'sun/nio/fs/WindowsException'{0x000000070727b8c8}> (0x000000070727b8c8) 
thrown [s\src\hotspot\share\prims\jni.cpp, line 516]
Event: 12.310 Thread 0x0000020c5fd14100 Exception <a 'sun/nio/fs/WindowsException'{0x000000070727c050}> (0x000000070727c050) 
thrown [s\src\hotspot\share\prims\jni.cpp, line 516]
Event: 12.315 Thread 0x0000020c5fd14100 Exception <a 'sun/nio/fs/WindowsException'{0x0000000707302b50}> (0x0000000707302b50) 
thrown [s\src\hotspot\share\prims\jni.cpp, line 516]
Event: 12.315 Thread 0x0000020c5fd14100 Exception <a 'sun/nio/fs/WindowsException'{0x0000000707303200}> (0x0000000707303200) 
thrown [s\src\hotspot\share\prims\jni.cpp, line 516]
Event: 12.315 Thread 0x0000020c5fd14100 Exception <a 'sun/nio/fs/WindowsException'{0x0000000707303a40}> (0x0000000707303a40) 
thrown [s\src\hotspot\share\prims\jni.cpp, line 516]
Event: 12.336 Thread 0x0000020c5fd14100 Exception <a 'java/lang/NoSuchMethodError'{0x0000000707392028}: 'int java.lang.invoke.DirectMethodHandle$Holder.invokeVirtual(java.lang.Object, java.lang.Object, java.lang.Object, java.lang.Object)'> (0x0000000707392028) 
thrown [s\src\hotspot\share\interpreter\linkResolver.cpp, line 759]
Event: 12.337 Thread 0x0000020c5fd14100 Exception <a 'java/lang/NoSuchMethodError'{0x000000070739d2f8}: 'java.lang.Object java.lang.invoke.DirectMethodHandle$Holder.newInvokeSpecial(java.lang.Object, java.lang.Object, int, java.lang.Object)'> (0x000000070739d2f8) 
thrown [s\src\hotspot\share\interpreter\linkResolver.cpp, line 759]
Event: 12.337 Thread 0x0000020c5fd14100 Exception <a 'java/lang/NoSuchMethodError'{0x00000007073a1c28}: 'java.lang.Object java.lang.invoke.DirectMethodHandle$Holder.invokeSpecial(java.lang.Object, java.lang.Object, java.lang.Object, int, java.lang.Object)'> (0x00000007073a1c28) 
thrown [s\src\hotspot\share\interpreter\linkResolver.cpp, line 759]
Event: 12.345 Thread 0x0000020c5fd14100 Exception <a 'java/lang/NoSuchMethodError'{0x00000007073d7c18}: 'java.lang.Object java.lang.invoke.DirectMethodHandle$Holder.newInvokeSpecial(java.lang.Object, java.lang.Object, java.lang.Object, java.lang.Object, java.lang.Object, java.lang.Object, java.lang.Object, java.lang.Object)'> (0x00000007073d7c18) 
thrown [s\src\hotspot\share\interpreter\linkResolver.cpp, line 759]
Event: 12.345 Thread 0x0000020c5fd14100 Exception <a 'java/lang/NoSuchMethodError'{0x00000007073dd090}: 'java.lang.Object java.lang.invoke.DirectMethodHandle$Holder.invokeSpecial(java.lang.Object, java.lang.Object, java.lang.Object, java.lang.Object, java.lang.Object, java.lang.Object, java.lang.Object, java.lang.Object, java.lang.Object)'> (0x00000007073dd090) 
thrown [s\src\hotspot\share\interpreter\linkResolver.cpp, line 759]
Event: 12.345 Thread 0x0000020c5fd14100 Exception <a 'java/lang/NoSuchMethodError'{0x00000007073e2268}: 'java.lang.Object java.lang.invoke.Invokers$Holder.linkToTargetMethod(java.lang.Object, java.lang.Object, java.lang.Object, java.lang.Object, java.lang.Object, java.lang.Object, java.lang.Object, java.lang.Object)'> (0x00000007073e2268) 
thrown [s\src\hotspot\share\interpreter\linkResolver.cpp, line 759]

VM Operations (20 events):
Event: 12.321 Executing VM operation: HandshakeAllThreads
Event: 12.321 Executing VM operation: HandshakeAllThreads done
Event: 12.328 Executing VM operation: HandshakeAllThreads
Event: 12.328 Executing VM operation: HandshakeAllThreads done
Event: 12.333 Executing VM operation: HandshakeAllThreads
Event: 12.333 Executing VM operation: HandshakeAllThreads done
Event: 12.333 Executing VM operation: HandshakeAllThreads
Event: 12.333 Executing VM operation: HandshakeAllThreads done
Event: 12.344 Executing VM operation: HandshakeAllThreads
Event: 12.344 Executing VM operation: HandshakeAllThreads done
Event: 12.347 Executing VM operation: HandshakeAllThreads
Event: 12.347 Executing VM operation: HandshakeAllThreads done
Event: 12.363 Executing VM operation: ICBufferFull
Event: 12.363 Executing VM operation: ICBufferFull done
Event: 12.365 Executing VM operation: HandshakeAllThreads
Event: 12.365 Executing VM operation: HandshakeAllThreads done
Event: 12.424 Executing VM operation: ICBufferFull
Event: 12.424 Executing VM operation: ICBufferFull done
Event: 12.455 Executing VM operation: HandshakeAllThreads
Event: 12.455 Executing VM operation: HandshakeAllThreads done

Events (20 events):
Event: 11.845 loading class java/util/regex/Pattern$SliceI done
Event: 11.847 loading class java/util/regex/Pattern$Loop
Event: 11.847 loading class java/util/regex/Pattern$Loop done
Event: 11.847 loading class java/util/regex/Pattern$Prolog
Event: 11.847 loading class java/util/regex/Pattern$Prolog done
Event: 11.883 loading class java/util/regex/Pattern$LazyLoop
Event: 11.883 loading class java/util/regex/Pattern$LazyLoop done
Event: 12.175 Thread 0x0000020c7f251840 flushing nmethod 0x0000020c6f55a010
Event: 12.218 loading class java/nio/channels/Channels$1
Event: 12.218 loading class java/nio/channels/Channels$1 done
Event: 12.252 loading class java/util/function/ToIntBiFunction
Event: 12.252 loading class java/util/function/ToIntBiFunction done
Event: 12.342 loading class java/util/EnumMap$EntrySet
Event: 12.342 loading class java/util/EnumMap$EntrySet done
Event: 12.342 loading class java/util/EnumMap$EntryIterator
Event: 12.342 loading class java/util/EnumMap$EnumMapIterator
Event: 12.342 loading class java/util/EnumMap$EnumMapIterator done
Event: 12.342 loading class java/util/EnumMap$EntryIterator done
Event: 12.342 loading class java/util/EnumMap$EntryIterator$Entry
Event: 12.342 loading class java/util/EnumMap$EntryIterator$Entry done


Dynamic libraries:
0x00007ff627350000 - 0x00007ff62735d000 	C:\Users\PC - Escritorio\.jdks\corretto-17.0.5\bin\java.exe
0x00007ffe28830000 - 0x00007ffe28a28000 	C:\WINDOWS\SYSTEM32\ntdll.dll
0x00007ffe28730000 - 0x00007ffe287ef000 	C:\WINDOWS\System32\KERNEL32.DLL
0x00007ffe26070000 - 0x00007ffe26366000 	C:\WINDOWS\System32\KERNELBASE.dll
0x00007ffe26790000 - 0x00007ffe26890000 	C:\WINDOWS\System32\ucrtbase.dll
0x00007ffe0d540000 - 0x00007ffe0d557000 	C:\Users\PC - Escritorio\.jdks\corretto-17.0.5\bin\jli.dll
0x00007ffe0c370000 - 0x00007ffe0c385000 	C:\Users\PC - Escritorio\.jdks\corretto-17.0.5\bin\VCRUNTIME140.dll
0x00007ffe26cd0000 - 0x00007ffe26e6d000 	C:\WINDOWS\System32\USER32.dll
0x00007ffe263a0000 - 0x00007ffe263c2000 	C:\WINDOWS\System32\win32u.dll
0x00007ffe26c40000 - 0x00007ffe26c6c000 	C:\WINDOWS\System32\GDI32.dll
0x00007ffe157e0000 - 0x00007ffe15a7a000 	C:\WINDOWS\WinSxS\amd64_microsoft.windows.common-controls_6595b64144ccf1df_6.0.19041.1110_none_60b5254171f9507e\COMCTL32.dll
0x00007ffe265e0000 - 0x00007ffe266f5000 	C:\WINDOWS\System32\gdi32full.dll
0x00007ffe26960000 - 0x00007ffe269fe000 	C:\WINDOWS\System32\msvcrt.dll
0x00007ffe26540000 - 0x00007ffe265dd000 	C:\WINDOWS\System32\msvcp_win.dll
0x00007ffe27e50000 - 0x00007ffe27e80000 	C:\WINDOWS\System32\IMM32.DLL
0x00007ffdeb5c0000 - 0x00007ffdeb65b000 	C:\Users\PC - Escritorio\.jdks\corretto-17.0.5\bin\msvcp140.dll
0x00007ffddb070000 - 0x00007ffddbc84000 	C:\Users\PC - Escritorio\.jdks\corretto-17.0.5\bin\server\jvm.dll
0x00007ffe26b90000 - 0x00007ffe26c3f000 	C:\WINDOWS\System32\ADVAPI32.dll
0x00007ffe28330000 - 0x00007ffe283cc000 	C:\WINDOWS\System32\sechost.dll
0x00007ffe26e70000 - 0x00007ffe26f96000 	C:\WINDOWS\System32\RPCRT4.dll
0x00007ffe208d0000 - 0x00007ffe208d9000 	C:\WINDOWS\SYSTEM32\WSOCK32.dll
0x00007ffe1d6c0000 - 0x00007ffe1d6ca000 	C:\WINDOWS\SYSTEM32\VERSION.dll
0x00007ffe1a530000 - 0x00007ffe1a557000 	C:\WINDOWS\SYSTEM32\WINMM.dll
0x00007ffe27570000 - 0x00007ffe275db000 	C:\WINDOWS\System32\WS2_32.dll
0x00007ffe24720000 - 0x00007ffe24732000 	C:\WINDOWS\SYSTEM32\kernel.appcore.dll
0x00007ffe1ebc0000 - 0x00007ffe1ebca000 	C:\Users\PC - Escritorio\.jdks\corretto-17.0.5\bin\jimage.dll
0x00007ffe23540000 - 0x00007ffe23724000 	C:\WINDOWS\SYSTEM32\DBGHELP.DLL
0x00007ffe0c150000 - 0x00007ffe0c184000 	C:\WINDOWS\SYSTEM32\dbgcore.DLL
0x00007ffe26700000 - 0x00007ffe26782000 	C:\WINDOWS\System32\bcryptPrimitives.dll
0x00007ffe1ee50000 - 0x00007ffe1ee5e000 	C:\Users\PC - Escritorio\.jdks\corretto-17.0.5\bin\instrument.dll
0x00007ffe0c340000 - 0x00007ffe0c365000 	C:\Users\PC - Escritorio\.jdks\corretto-17.0.5\bin\java.dll
0x00007ffde2880000 - 0x00007ffde2956000 	C:\Users\PC - Escritorio\.jdks\corretto-17.0.5\bin\jsvml.dll
0x00007ffe27700000 - 0x00007ffe27e44000 	C:\WINDOWS\System32\SHELL32.dll
0x00007ffe23f70000 - 0x00007ffe24703000 	C:\WINDOWS\SYSTEM32\windows.storage.dll
0x00007ffe283d0000 - 0x00007ffe28724000 	C:\WINDOWS\System32\combase.dll
0x00007ffe25950000 - 0x00007ffe2597e000 	C:\WINDOWS\SYSTEM32\Wldp.dll
0x00007ffe26a00000 - 0x00007ffe26aad000 	C:\WINDOWS\System32\SHCORE.dll
0x00007ffe274b0000 - 0x00007ffe27505000 	C:\WINDOWS\System32\shlwapi.dll
0x00007ffe25e40000 - 0x00007ffe25e65000 	C:\WINDOWS\SYSTEM32\profapi.dll
0x00007ffe023d0000 - 0x00007ffe023e8000 	C:\Users\PC - Escritorio\.jdks\corretto-17.0.5\bin\zip.dll
0x00007ffe0b890000 - 0x00007ffe0b8a9000 	C:\Users\PC - Escritorio\.jdks\corretto-17.0.5\bin\net.dll
0x00007ffe1f600000 - 0x00007ffe1f70a000 	C:\WINDOWS\SYSTEM32\WINHTTP.dll
0x00007ffe25660000 - 0x00007ffe256ca000 	C:\WINDOWS\system32\mswsock.dll
0x00007ffe023f0000 - 0x00007ffe02405000 	C:\Users\PC - Escritorio\.jdks\corretto-17.0.5\bin\nio.dll
0x00007ffe1ee30000 - 0x00007ffe1ee4a000 	C:\Program Files\JetBrains\IntelliJ IDEA Community Edition 2022.1.1\bin\breakgen64.dll
0x0000000069ac0000 - 0x0000000069ae4000 	C:\Users\PC - Escritorio\AppData\Local\Temp\jansi-2.4.0-cda9f0c4c30470ab-jansi.dll
0x00007ffe0e160000 - 0x00007ffe0e170000 	C:\Users\PC - Escritorio\.jdks\corretto-17.0.5\bin\verify.dll

dbghelp: loaded successfully - version: 4.0.5 - missing functions: none
symbol engine: initialized successfully - sym options: 0x614 - pdb path: .;C:\Users\PC - Escritorio\.jdks\corretto-17.0.5\bin;C:\WINDOWS\SYSTEM32;C:\WINDOWS\WinSxS\amd64_microsoft.windows.common-controls_6595b64144ccf1df_6.0.19041.1110_none_60b5254171f9507e;C:\Users\PC - Escritorio\.jdks\corretto-17.0.5\bin\server;C:\Program Files\JetBrains\IntelliJ IDEA Community Edition 2022.1.1\bin;C:\Users\PC - Escritorio\AppData\Local\Temp

VM Arguments:
jvm_args: -Dmaven.multiModuleProjectDirectory=E:\Escritorio\WORK\asur-backend -Dmaven.home=C:\Users\PC - Escritorio\.m2\wrapper\dists\apache-maven-3.9.4-bin\2vqnav6ufo1qvo5j2um40861m\apache-maven-3.9.4 -Dclassworlds.conf=C:\Users\PC - Escritorio\.m2\wrapper\dists\apache-maven-3.9.4-bin\2vqnav6ufo1qvo5j2um40861m\apache-maven-3.9.4\bin\m2.conf -Dmaven.ext.class.path=C:\Program Files\JetBrains\IntelliJ IDEA Community Edition 2022.1.1\plugins\maven\lib\maven-event-listener.jar -javaagent:C:\Program Files\JetBrains\IntelliJ IDEA Community Edition 2022.1.1\lib\idea_rt.jar=60941:C:\Program Files\JetBrains\IntelliJ IDEA Community Edition 2022.1.1\bin -Dfile.encoding=UTF-8 
java_command: org.codehaus.classworlds.Launcher -Didea.version=2022.1.1 spring-boot:run
java_class_path (initial): C:\Users\PC - Escritorio\.m2\wrapper\dists\apache-maven-3.9.4-bin\2vqnav6ufo1qvo5j2um40861m\apache-maven-3.9.4\boot\plexus-classworlds-2.7.0.jar;C:\Users\PC - Escritorio\.m2\wrapper\dists\apache-maven-3.9.4-bin\2vqnav6ufo1qvo5j2um40861m\apache-maven-3.9.4\boot\plexus-classworlds.license
Launcher Type: SUN_STANDARD

[Global flags]
     intx CICompilerCount                          = 4                                         {product} {ergonomic}
     uint ConcGCThreads                            = 3                                         {product} {ergonomic}
     uint G1ConcRefinementThreads                  = 10                                        {product} {ergonomic}
   size_t G1HeapRegionSize                         = 2097152                                   {product} {ergonomic}
    uintx GCDrainStackTargetSize                   = 64                                        {product} {ergonomic}
   size_t InitialHeapSize                          = 268435456                                 {product} {ergonomic}
   size_t MarkStackSize                            = 4194304                                   {product} {ergonomic}
   size_t MaxHeapSize                              = 4278190080                                {product} {ergonomic}
   size_t MaxNewSize                               = 2566914048                                {product} {ergonomic}
   size_t MinHeapDeltaBytes                        = 2097152                                   {product} {ergonomic}
   size_t MinHeapSize                              = 8388608                                   {product} {ergonomic}
    uintx NonNMethodCodeHeapSize                   = 5839372                                {pd product} {ergonomic}
    uintx NonProfiledCodeHeapSize                  = 122909434                              {pd product} {ergonomic}
    uintx ProfiledCodeHeapSize                     = 122909434                              {pd product} {ergonomic}
    uintx ReservedCodeCacheSize                    = 251658240                              {pd product} {ergonomic}
     bool SegmentedCodeCache                       = true                                      {product} {ergonomic}
   size_t SoftMaxHeapSize                          = 4278190080                             {manageable} {ergonomic}
     bool UseCompressedClassPointers               = true                           {product lp64_product} {ergonomic}
     bool UseCompressedOops                        = true                           {product lp64_product} {ergonomic}
     bool UseG1GC                                  = true                                      {product} {ergonomic}
     bool UseLargePagesIndividualAllocation        = false                                  {pd product} {ergonomic}

Logging:
Log output configuration:
 #0: stdout all=warning uptime,level,tags
 #1: stderr all=off uptime,level,tags

Environment Variables:
JAVA_HOME=C:\Program Files\Java\jdk-11
PATH=C:\Program Files\Common Files\Oracle\Java\javapath;C:\Program Files (x86)\Common Files\Oracle\Java\javapath;C:\ProgramData\Oracle\Java\javapath;c:\python39\scripts\;c:\python39\;c:\windows\system32;c:\windows;c:\windows\system32\wbem;c:\windows\system32\windowspowershell\v1.0\;c:\windows\system32\openssh\;c:\program files\java\jdk1.8.0_281\bin;c:\programdata\chocolatey\bin;c:\users\pc - escritorio\appdata\roaming\nvm;c:\program files\nodejs;c:\program files\git\cmd;C:\Program Files (x86)\NVIDIA Corporation\PhysX\Common;C:\Program Files\NVIDIA Corporation\NVIDIA NvDLISR;C:\WINDOWS\system32;C:\WINDOWS;C:\WINDOWS\System32\Wbem;C:\WINDOWS\System32\WindowsPowerShell\v1.0\;C:\WINDOWS\System32\OpenSSH\;C:\Program Files\Docker\Docker\resources\bin;C:\Users\PC - Escritorio\AppData\Local\Programs\Python\Python311\Scripts\;C:\Users\PC - Escritorio\AppData\Local\Programs\Python\Python311\;C:\Users\PC - Escritorio\AppData\Local\Microsoft\WindowsApps;C:\Users\PC - Escritorio\AppData\Local\Programs\Microsoft VS Code\bin;C:\Program Files\MongoDB\Server\4.4\bin;C:\Users\PC - Escritorio\AppData\Roaming\npm;C:\Program Files\Azure Data Studio\bin;C:\Program Files\JetBrains\IntelliJ IDEA Community Edition 2022.1.1\bin;;C:\maven\bin;C:\Program Files\Java\jdk-11\bin;C:\Users\PC - Escritorio\AppData\Roaming\nvm;C:\Program Files\nodejs;
USERNAME=PC - Escritorio
OS=Windows_NT
PROCESSOR_IDENTIFIER=AMD64 Family 23 Model 113 Stepping 0, AuthenticAMD
TMP=C:\Users\PC - Escritorio\AppData\Local\Temp
TEMP=C:\Users\PC - Escritorio\AppData\Local\Temp



---------------  S Y S T E M  ---------------

OS:
 Windows 10 , 64 bit Build 19041 (10.0.19041.3155)
OS uptime: 0 days 16:22 hours
Hyper-V role detected

CPU: total 12 (initial active 12) (12 cores per cpu, 2 threads per core) family 23 model 113 stepping 0 microcode 0x0, cx8, cmov, fxsr, ht, mmx, 3dnowpref, sse, sse2, sse3, ssse3, sse4a, sse4.1, sse4.2, popcnt, lzcnt, tsc, tscinvbit, avx, avx2, aes, clmul, bmi1, bmi2, adx, sha, fma, vzeroupper, clflush, clflushopt, hv

Memory: 4k page, system-wide physical 16316M (6950M free)
TotalPageFile size 32700M (AvailPageFile size 18168M)
current process WorkingSet (physical memory assigned to process): 307M, peak: 307M
current process commit charge ("private bytes"): 355M, peak: 406M

vm_info: OpenJDK 64-Bit Server VM (17.0.5+8-LTS) for windows-amd64 JRE (17.0.5+8-LTS), built on Oct 13 2022 05:18:14 by "Administrator" with MS VC++ 15.9 (VS2017)

END.
