#
# There is insufficient memory for the Java Runtime Environment to continue.
# Native memory allocation (malloc) failed to allocate 1445856 bytes for Chunk::new
# Possible reasons:
#   The system is out of physical RAM or swap space
#   The process is running with CompressedOops enabled, and the Java Heap may be blocking the growth of the native heap
# Possible solutions:
#   Reduce memory load on the system
#   Increase physical memory or swap space
#   Check if swap backing store is full
#   Decrease Java heap size (-Xmx/-Xms)
#   Decrease number of Java threads
#   Decrease Java thread stack sizes (-Xss)
#   Set larger code cache with -XX:ReservedCodeCacheSize=
#   JVM is running with Zero Based Compressed Oops mode in which the Java heap is
#     placed in the first 32GB address space. The Java Heap base address is the
#     maximum limit for the native heap growth. Please use -XX:HeapBaseMinAddress
#     to set the Java Heap base and to place the Java Heap above 32GB virtual address.
# This output file may be truncated or incomplete.
#
#  Out of Memory Error (arena.cpp:191), pid=163964, tid=163296
#
# JRE version: OpenJDK Runtime Environment Corretto-17.0.9.8.1 (17.0.9+8) (build 17.0.9+8-LTS)
# Java VM: OpenJDK 64-Bit Server VM Corretto-17.0.9.8.1 (17.0.9+8-LTS, mixed mode, sharing, tiered, compressed oops, compressed class ptrs, g1 gc, windows-amd64)
# No core dump will be written. Minidumps are not enabled by default on client versions of Windows
#

---------------  S U M M A R Y ------------

Command Line: -javaagent:C:\Program Files\JetBrains\IntelliJ IDEA Community Edition 2022.1.2\lib\idea_rt.jar=62714:C:\Program Files\JetBrains\IntelliJ IDEA Community Edition 2022.1.2\bin -Dfile.encoding=UTF-8 com.msmeli.MsMeliApplication

Host: 11th Gen Intel(R) Core(TM) i5-1135G7 @ 2.40GHz, 8 cores, 15G,  Windows 10 , 64 bit Build 19041 (10.0.19041.3570)
Time: Thu Nov  9 15:46:35 2023 Hora estándar de Argentina elapsed time: 1.338890 seconds (0d 0h 0m 1s)

---------------  T H R E A D  ---------------

Current thread (0x000001c4452b2f90):  JavaThread "C2 CompilerThread1" daemon [_thread_in_native, id=163296, stack(0x0000001620400000,0x0000001620500000)]


Current CompileTask:
C2:   1338 1734   !   4       java.net.URL::<init> (543 bytes)

Stack: [0x0000001620400000,0x0000001620500000]
Native frames: (J=compiled Java code, j=interpreted, Vv=VM code, C=native code)
V  [jvm.dll+0x67cb49]
V  [jvm.dll+0x8344da]
V  [jvm.dll+0x835f9e]
V  [jvm.dll+0x836603]
V  [jvm.dll+0x247b5f]
V  [jvm.dll+0xac43c]
V  [jvm.dll+0xaca8c]
V  [jvm.dll+0x366c87]
V  [jvm.dll+0x330fda]
V  [jvm.dll+0x33047a]
V  [jvm.dll+0x21a201]
V  [jvm.dll+0x219621]
V  [jvm.dll+0x1a56cd]
V  [jvm.dll+0x2293ee]
V  [jvm.dll+0x2275bc]
V  [jvm.dll+0x7e95a7]
V  [jvm.dll+0x7e396a]
V  [jvm.dll+0x67ba35]
C  [ucrtbase.dll+0x21bb2]
C  [KERNEL32.DLL+0x17344]
C  [ntdll.dll+0x526b1]


---------------  P R O C E S S  ---------------

Threads class SMR info:
_java_thread_list=0x000001c44a7c77a0, length=16, elements={
0x000001c45fd4ad60, 0x000001c47e86c970, 0x000001c47e86d530, 0x000001c47e87fee0,
0x000001c47e8809b0, 0x000001c47e885790, 0x000001c47e886150, 0x000001c47e886ef0,
0x000001c47e88c4c0, 0x000001c47e894ed0, 0x000001c47e854da0, 0x000001c4452b2f90,
0x000001c4452b34b0, 0x000001c4457725a0, 0x000001c44571bc80, 0x000001c44aadcba0
}

Java Threads: ( => current thread )
  0x000001c45fd4ad60 JavaThread "main" [_thread_in_vm, id=160508, stack(0x000000161f300000,0x000000161f400000)]
  0x000001c47e86c970 JavaThread "Reference Handler" daemon [_thread_blocked, id=161776, stack(0x000000161fa00000,0x000000161fb00000)]
  0x000001c47e86d530 JavaThread "Finalizer" daemon [_thread_blocked, id=163712, stack(0x000000161fb00000,0x000000161fc00000)]
  0x000001c47e87fee0 JavaThread "Signal Dispatcher" daemon [_thread_blocked, id=163348, stack(0x000000161fc00000,0x000000161fd00000)]
  0x000001c47e8809b0 JavaThread "Attach Listener" daemon [_thread_blocked, id=163704, stack(0x000000161fd00000,0x000000161fe00000)]
  0x000001c47e885790 JavaThread "Service Thread" daemon [_thread_blocked, id=162488, stack(0x000000161fe00000,0x000000161ff00000)]
  0x000001c47e886150 JavaThread "Monitor Deflation Thread" daemon [_thread_blocked, id=163596, stack(0x000000161ff00000,0x0000001620000000)]
  0x000001c47e886ef0 JavaThread "C2 CompilerThread0" daemon [_thread_in_native, id=163512, stack(0x0000001620000000,0x0000001620100000)]
  0x000001c47e88c4c0 JavaThread "C1 CompilerThread0" daemon [_thread_blocked, id=163700, stack(0x0000001620100000,0x0000001620200000)]
  0x000001c47e894ed0 JavaThread "Sweeper thread" daemon [_thread_blocked, id=151884, stack(0x0000001620200000,0x0000001620300000)]
  0x000001c47e854da0 JavaThread "Common-Cleaner" daemon [_thread_blocked, id=152060, stack(0x0000001620300000,0x0000001620400000)]
=>0x000001c4452b2f90 JavaThread "C2 CompilerThread1" daemon [_thread_in_native, id=163296, stack(0x0000001620400000,0x0000001620500000)]
  0x000001c4452b34b0 JavaThread "C2 CompilerThread2" daemon [_thread_in_native, id=162768, stack(0x0000001620500000,0x0000001620600000)]
  0x000001c4457725a0 JavaThread "Monitor Ctrl-Break" daemon [_thread_in_native, id=97064, stack(0x0000001620600000,0x0000001620700000)]
  0x000001c44571bc80 JavaThread "Notification Thread" daemon [_thread_blocked, id=153492, stack(0x0000001620700000,0x0000001620800000)]
  0x000001c44aadcba0 JavaThread "background-preinit" [_thread_in_native, id=149708, stack(0x0000001620e00000,0x0000001620f00000)]

Other Threads:
  0x000001c47e867ec0 VMThread "VM Thread" [stack: 0x000000161f900000,0x000000161fa00000] [id=161340]
  0x000001c4452b41e0 WatcherThread [stack: 0x0000001620800000,0x0000001620900000] [id=162364]
  0x000001c45fdb43e0 GCTaskThread "GC Thread#0" [stack: 0x000000161f400000,0x000000161f500000] [id=151204]
  0x000001c445b2c8d0 GCTaskThread "GC Thread#1" [stack: 0x0000001620900000,0x0000001620a00000] [id=162472]
  0x000001c445b2cb90 GCTaskThread "GC Thread#2" [stack: 0x0000001620a00000,0x0000001620b00000] [id=137608]
  0x000001c445b2ce50 GCTaskThread "GC Thread#3" [stack: 0x0000001620b00000,0x0000001620c00000] [id=164520]
  0x000001c4459a22e0 GCTaskThread "GC Thread#4" [stack: 0x0000001620c00000,0x0000001620d00000] [id=163036]
  0x000001c4459a29a0 GCTaskThread "GC Thread#5" [stack: 0x0000001620d00000,0x0000001620e00000] [id=147232]
  0x000001c44a7c62a0 GCTaskThread "GC Thread#6" [stack: 0x0000001620f00000,0x0000001621000000] [id=164196]
  0x000001c44ab2b2e0 GCTaskThread "GC Thread#7" [stack: 0x0000001621000000,0x0000001621100000] [id=157832]
  0x000001c45fdc4fd0 ConcurrentGCThread "G1 Main Marker" [stack: 0x000000161f500000,0x000000161f600000] [id=158652]
  0x000001c45fdc71a0 ConcurrentGCThread "G1 Conc#0" [stack: 0x000000161f600000,0x000000161f700000] [id=142816]
  0x000001c45fdfdc60 ConcurrentGCThread "G1 Refine#0" [stack: 0x000000161f700000,0x000000161f800000] [id=132388]
  0x000001c45fdfe690 ConcurrentGCThread "G1 Service" [stack: 0x000000161f800000,0x000000161f900000] [id=115244]

Threads with active compile tasks:
C2 CompilerThread0     1354 1716       4       org.springframework.boot.context.config.ConfigDataEnvironmentContributor$ContributorIterator::fetchIfNecessary (153 bytes)
C1 CompilerThread0     1354 1897       3       jdk.internal.org.objectweb.asm.MethodVisitor::visitMethodInsn (80 bytes)
C2 CompilerThread1     1354 1734   !   4       java.net.URL::<init> (543 bytes)
C2 CompilerThread2     1354 1758       4       jdk.internal.org.objectweb.asm.Frame::execute (2305 bytes)

VM state: not at safepoint (normal execution)

VM Mutex/Monitor currently owned by a thread: None

Heap address: 0x0000000703600000, size: 4042 MB, Compressed Oops mode: Zero based, Oop shift amount: 3

CDS archive(s) mapped at: [0x000001c404000000-0x000001c404ba0000-0x000001c404ba0000), size 12189696, SharedBaseAddress: 0x000001c404000000, ArchiveRelocationMode: 1.
Compressed class space mapped at: 0x000001c405000000-0x000001c445000000, reserved size: 1073741824
Narrow klass base: 0x000001c404000000, Narrow klass shift: 0, Narrow klass range: 0x100000000

GC Precious Log:
 CPUs: 8 total, 8 available
 Memory: 16167M
 Large Page Support: Disabled
 NUMA Support: Disabled
 Compressed Oops: Enabled (Zero based)
 Heap Region Size: 2M
 Heap Min Capacity: 8M
 Heap Initial Capacity: 254M
 Heap Max Capacity: 4042M
 Pre-touch: Disabled
 Parallel Workers: 8
 Concurrent Workers: 2
 Concurrent Refinement Workers: 8
 Periodic GC: Disabled

Heap:
 garbage-first heap   total 260096K, used 26318K [0x0000000703600000, 0x0000000800000000)
  region size 2048K, 10 young (20480K), 1 survivors (2048K)
 Metaspace       used 13143K, committed 13376K, reserved 1114112K
  class space    used 1754K, committed 1856K, reserved 1048576K

Heap Regions: E=young(eden), S=young(survivor), O=old, HS=humongous(starts), HC=humongous(continues), CS=collection set, F=free, OA=open archive, CA=closed archive, TAMS=top-at-mark-start (previous, next)
|   0|0x0000000703600000, 0x0000000703800000, 0x0000000703800000|100%| O|  |TAMS 0x0000000703600000, 0x0000000703600000| Untracked 
|   1|0x0000000703800000, 0x0000000703a00000, 0x0000000703a00000|100%| O|  |TAMS 0x0000000703800000, 0x0000000703800000| Untracked 
|   2|0x0000000703a00000, 0x0000000703c00000, 0x0000000703c00000|100%| O|  |TAMS 0x0000000703a00000, 0x0000000703a00000| Untracked 
|   3|0x0000000703c00000, 0x0000000703dcda00, 0x0000000703e00000| 90%| O|  |TAMS 0x0000000703c00000, 0x0000000703c00000| Untracked 
|   4|0x0000000703e00000, 0x0000000703e00000, 0x0000000704000000|  0%| F|  |TAMS 0x0000000703e00000, 0x0000000703e00000| Untracked 
|   5|0x0000000704000000, 0x0000000704000000, 0x0000000704200000|  0%| F|  |TAMS 0x0000000704000000, 0x0000000704000000| Untracked 
|   6|0x0000000704200000, 0x0000000704200000, 0x0000000704400000|  0%| F|  |TAMS 0x0000000704200000, 0x0000000704200000| Untracked 
|   7|0x0000000704400000, 0x0000000704400000, 0x0000000704600000|  0%| F|  |TAMS 0x0000000704400000, 0x0000000704400000| Untracked 
|   8|0x0000000704600000, 0x0000000704600000, 0x0000000704800000|  0%| F|  |TAMS 0x0000000704600000, 0x0000000704600000| Untracked 
|   9|0x0000000704800000, 0x0000000704800000, 0x0000000704a00000|  0%| F|  |TAMS 0x0000000704800000, 0x0000000704800000| Untracked 
|  10|0x0000000704a00000, 0x0000000704a00000, 0x0000000704c00000|  0%| F|  |TAMS 0x0000000704a00000, 0x0000000704a00000| Untracked 
|  11|0x0000000704c00000, 0x0000000704c00000, 0x0000000704e00000|  0%| F|  |TAMS 0x0000000704c00000, 0x0000000704c00000| Untracked 
|  12|0x0000000704e00000, 0x0000000704e00000, 0x0000000705000000|  0%| F|  |TAMS 0x0000000704e00000, 0x0000000704e00000| Untracked 
|  13|0x0000000705000000, 0x0000000705000000, 0x0000000705200000|  0%| F|  |TAMS 0x0000000705000000, 0x0000000705000000| Untracked 
|  14|0x0000000705200000, 0x0000000705200000, 0x0000000705400000|  0%| F|  |TAMS 0x0000000705200000, 0x0000000705200000| Untracked 
|  15|0x0000000705400000, 0x0000000705400000, 0x0000000705600000|  0%| F|  |TAMS 0x0000000705400000, 0x0000000705400000| Untracked 
|  16|0x0000000705600000, 0x0000000705600000, 0x0000000705800000|  0%| F|  |TAMS 0x0000000705600000, 0x0000000705600000| Untracked 
|  17|0x0000000705800000, 0x0000000705800000, 0x0000000705a00000|  0%| F|  |TAMS 0x0000000705800000, 0x0000000705800000| Untracked 
|  18|0x0000000705a00000, 0x0000000705a00000, 0x0000000705c00000|  0%| F|  |TAMS 0x0000000705a00000, 0x0000000705a00000| Untracked 
|  19|0x0000000705c00000, 0x0000000705c00000, 0x0000000705e00000|  0%| F|  |TAMS 0x0000000705c00000, 0x0000000705c00000| Untracked 
|  20|0x0000000705e00000, 0x0000000705e00000, 0x0000000706000000|  0%| F|  |TAMS 0x0000000705e00000, 0x0000000705e00000| Untracked 
|  21|0x0000000706000000, 0x0000000706000000, 0x0000000706200000|  0%| F|  |TAMS 0x0000000706000000, 0x0000000706000000| Untracked 
|  22|0x0000000706200000, 0x0000000706200000, 0x0000000706400000|  0%| F|  |TAMS 0x0000000706200000, 0x0000000706200000| Untracked 
|  23|0x0000000706400000, 0x0000000706400000, 0x0000000706600000|  0%| F|  |TAMS 0x0000000706400000, 0x0000000706400000| Untracked 
|  24|0x0000000706600000, 0x0000000706600000, 0x0000000706800000|  0%| F|  |TAMS 0x0000000706600000, 0x0000000706600000| Untracked 
|  25|0x0000000706800000, 0x0000000706800000, 0x0000000706a00000|  0%| F|  |TAMS 0x0000000706800000, 0x0000000706800000| Untracked 
|  26|0x0000000706a00000, 0x0000000706a00000, 0x0000000706c00000|  0%| F|  |TAMS 0x0000000706a00000, 0x0000000706a00000| Untracked 
|  27|0x0000000706c00000, 0x0000000706c00000, 0x0000000706e00000|  0%| F|  |TAMS 0x0000000706c00000, 0x0000000706c00000| Untracked 
|  28|0x0000000706e00000, 0x0000000706e00000, 0x0000000707000000|  0%| F|  |TAMS 0x0000000706e00000, 0x0000000706e00000| Untracked 
|  29|0x0000000707000000, 0x0000000707000000, 0x0000000707200000|  0%| F|  |TAMS 0x0000000707000000, 0x0000000707000000| Untracked 
|  30|0x0000000707200000, 0x0000000707200000, 0x0000000707400000|  0%| F|  |TAMS 0x0000000707200000, 0x0000000707200000| Untracked 
|  31|0x0000000707400000, 0x0000000707400000, 0x0000000707600000|  0%| F|  |TAMS 0x0000000707400000, 0x0000000707400000| Untracked 
|  32|0x0000000707600000, 0x0000000707600000, 0x0000000707800000|  0%| F|  |TAMS 0x0000000707600000, 0x0000000707600000| Untracked 
|  33|0x0000000707800000, 0x0000000707800000, 0x0000000707a00000|  0%| F|  |TAMS 0x0000000707800000, 0x0000000707800000| Untracked 
|  34|0x0000000707a00000, 0x0000000707a00000, 0x0000000707c00000|  0%| F|  |TAMS 0x0000000707a00000, 0x0000000707a00000| Untracked 
|  35|0x0000000707c00000, 0x0000000707c00000, 0x0000000707e00000|  0%| F|  |TAMS 0x0000000707c00000, 0x0000000707c00000| Untracked 
|  36|0x0000000707e00000, 0x0000000707e00000, 0x0000000708000000|  0%| F|  |TAMS 0x0000000707e00000, 0x0000000707e00000| Untracked 
|  37|0x0000000708000000, 0x0000000708000000, 0x0000000708200000|  0%| F|  |TAMS 0x0000000708000000, 0x0000000708000000| Untracked 
|  38|0x0000000708200000, 0x0000000708200000, 0x0000000708400000|  0%| F|  |TAMS 0x0000000708200000, 0x0000000708200000| Untracked 
|  39|0x0000000708400000, 0x0000000708400000, 0x0000000708600000|  0%| F|  |TAMS 0x0000000708400000, 0x0000000708400000| Untracked 
|  40|0x0000000708600000, 0x0000000708600000, 0x0000000708800000|  0%| F|  |TAMS 0x0000000708600000, 0x0000000708600000| Untracked 
|  41|0x0000000708800000, 0x0000000708800000, 0x0000000708a00000|  0%| F|  |TAMS 0x0000000708800000, 0x0000000708800000| Untracked 
|  42|0x0000000708a00000, 0x0000000708a00000, 0x0000000708c00000|  0%| F|  |TAMS 0x0000000708a00000, 0x0000000708a00000| Untracked 
|  43|0x0000000708c00000, 0x0000000708c00000, 0x0000000708e00000|  0%| F|  |TAMS 0x0000000708c00000, 0x0000000708c00000| Untracked 
|  44|0x0000000708e00000, 0x0000000708e00000, 0x0000000709000000|  0%| F|  |TAMS 0x0000000708e00000, 0x0000000708e00000| Untracked 
|  45|0x0000000709000000, 0x0000000709000000, 0x0000000709200000|  0%| F|  |TAMS 0x0000000709000000, 0x0000000709000000| Untracked 
|  46|0x0000000709200000, 0x0000000709200000, 0x0000000709400000|  0%| F|  |TAMS 0x0000000709200000, 0x0000000709200000| Untracked 
|  47|0x0000000709400000, 0x0000000709400000, 0x0000000709600000|  0%| F|  |TAMS 0x0000000709400000, 0x0000000709400000| Untracked 
|  48|0x0000000709600000, 0x0000000709600000, 0x0000000709800000|  0%| F|  |TAMS 0x0000000709600000, 0x0000000709600000| Untracked 
|  49|0x0000000709800000, 0x0000000709800000, 0x0000000709a00000|  0%| F|  |TAMS 0x0000000709800000, 0x0000000709800000| Untracked 
|  50|0x0000000709a00000, 0x0000000709a00000, 0x0000000709c00000|  0%| F|  |TAMS 0x0000000709a00000, 0x0000000709a00000| Untracked 
|  51|0x0000000709c00000, 0x0000000709c00000, 0x0000000709e00000|  0%| F|  |TAMS 0x0000000709c00000, 0x0000000709c00000| Untracked 
|  52|0x0000000709e00000, 0x0000000709e00000, 0x000000070a000000|  0%| F|  |TAMS 0x0000000709e00000, 0x0000000709e00000| Untracked 
|  53|0x000000070a000000, 0x000000070a000000, 0x000000070a200000|  0%| F|  |TAMS 0x000000070a000000, 0x000000070a000000| Untracked 
|  54|0x000000070a200000, 0x000000070a200000, 0x000000070a400000|  0%| F|  |TAMS 0x000000070a200000, 0x000000070a200000| Untracked 
|  55|0x000000070a400000, 0x000000070a400000, 0x000000070a600000|  0%| F|  |TAMS 0x000000070a400000, 0x000000070a400000| Untracked 
|  56|0x000000070a600000, 0x000000070a600000, 0x000000070a800000|  0%| F|  |TAMS 0x000000070a600000, 0x000000070a600000| Untracked 
|  57|0x000000070a800000, 0x000000070a800000, 0x000000070aa00000|  0%| F|  |TAMS 0x000000070a800000, 0x000000070a800000| Untracked 
|  58|0x000000070aa00000, 0x000000070aa00000, 0x000000070ac00000|  0%| F|  |TAMS 0x000000070aa00000, 0x000000070aa00000| Untracked 
|  59|0x000000070ac00000, 0x000000070ac00000, 0x000000070ae00000|  0%| F|  |TAMS 0x000000070ac00000, 0x000000070ac00000| Untracked 
|  60|0x000000070ae00000, 0x000000070ae00000, 0x000000070b000000|  0%| F|  |TAMS 0x000000070ae00000, 0x000000070ae00000| Untracked 
|  61|0x000000070b000000, 0x000000070b000000, 0x000000070b200000|  0%| F|  |TAMS 0x000000070b000000, 0x000000070b000000| Untracked 
|  62|0x000000070b200000, 0x000000070b200000, 0x000000070b400000|  0%| F|  |TAMS 0x000000070b200000, 0x000000070b200000| Untracked 
|  63|0x000000070b400000, 0x000000070b400000, 0x000000070b600000|  0%| F|  |TAMS 0x000000070b400000, 0x000000070b400000| Untracked 
|  64|0x000000070b600000, 0x000000070b600000, 0x000000070b800000|  0%| F|  |TAMS 0x000000070b600000, 0x000000070b600000| Untracked 
|  65|0x000000070b800000, 0x000000070b800000, 0x000000070ba00000|  0%| F|  |TAMS 0x000000070b800000, 0x000000070b800000| Untracked 
|  66|0x000000070ba00000, 0x000000070ba00000, 0x000000070bc00000|  0%| F|  |TAMS 0x000000070ba00000, 0x000000070ba00000| Untracked 
|  67|0x000000070bc00000, 0x000000070bc00000, 0x000000070be00000|  0%| F|  |TAMS 0x000000070bc00000, 0x000000070bc00000| Untracked 
|  68|0x000000070be00000, 0x000000070be00000, 0x000000070c000000|  0%| F|  |TAMS 0x000000070be00000, 0x000000070be00000| Untracked 
|  69|0x000000070c000000, 0x000000070c000000, 0x000000070c200000|  0%| F|  |TAMS 0x000000070c000000, 0x000000070c000000| Untracked 
|  70|0x000000070c200000, 0x000000070c200000, 0x000000070c400000|  0%| F|  |TAMS 0x000000070c200000, 0x000000070c200000| Untracked 
|  71|0x000000070c400000, 0x000000070c400000, 0x000000070c600000|  0%| F|  |TAMS 0x000000070c400000, 0x000000070c400000| Untracked 
|  72|0x000000070c600000, 0x000000070c600000, 0x000000070c800000|  0%| F|  |TAMS 0x000000070c600000, 0x000000070c600000| Untracked 
|  73|0x000000070c800000, 0x000000070c800000, 0x000000070ca00000|  0%| F|  |TAMS 0x000000070c800000, 0x000000070c800000| Untracked 
|  74|0x000000070ca00000, 0x000000070ca00000, 0x000000070cc00000|  0%| F|  |TAMS 0x000000070ca00000, 0x000000070ca00000| Untracked 
|  75|0x000000070cc00000, 0x000000070cc00000, 0x000000070ce00000|  0%| F|  |TAMS 0x000000070cc00000, 0x000000070cc00000| Untracked 
|  76|0x000000070ce00000, 0x000000070ce00000, 0x000000070d000000|  0%| F|  |TAMS 0x000000070ce00000, 0x000000070ce00000| Untracked 
|  77|0x000000070d000000, 0x000000070d000000, 0x000000070d200000|  0%| F|  |TAMS 0x000000070d000000, 0x000000070d000000| Untracked 
|  78|0x000000070d200000, 0x000000070d200000, 0x000000070d400000|  0%| F|  |TAMS 0x000000070d200000, 0x000000070d200000| Untracked 
|  79|0x000000070d400000, 0x000000070d400000, 0x000000070d600000|  0%| F|  |TAMS 0x000000070d400000, 0x000000070d400000| Untracked 
|  80|0x000000070d600000, 0x000000070d600000, 0x000000070d800000|  0%| F|  |TAMS 0x000000070d600000, 0x000000070d600000| Untracked 
|  81|0x000000070d800000, 0x000000070d800000, 0x000000070da00000|  0%| F|  |TAMS 0x000000070d800000, 0x000000070d800000| Untracked 
|  82|0x000000070da00000, 0x000000070da00000, 0x000000070dc00000|  0%| F|  |TAMS 0x000000070da00000, 0x000000070da00000| Untracked 
|  83|0x000000070dc00000, 0x000000070dc00000, 0x000000070de00000|  0%| F|  |TAMS 0x000000070dc00000, 0x000000070dc00000| Untracked 
|  84|0x000000070de00000, 0x000000070de00000, 0x000000070e000000|  0%| F|  |TAMS 0x000000070de00000, 0x000000070de00000| Untracked 
|  85|0x000000070e000000, 0x000000070e000000, 0x000000070e200000|  0%| F|  |TAMS 0x000000070e000000, 0x000000070e000000| Untracked 
|  86|0x000000070e200000, 0x000000070e200000, 0x000000070e400000|  0%| F|  |TAMS 0x000000070e200000, 0x000000070e200000| Untracked 
|  87|0x000000070e400000, 0x000000070e400000, 0x000000070e600000|  0%| F|  |TAMS 0x000000070e400000, 0x000000070e400000| Untracked 
|  88|0x000000070e600000, 0x000000070e600000, 0x000000070e800000|  0%| F|  |TAMS 0x000000070e600000, 0x000000070e600000| Untracked 
|  89|0x000000070e800000, 0x000000070e800000, 0x000000070ea00000|  0%| F|  |TAMS 0x000000070e800000, 0x000000070e800000| Untracked 
|  90|0x000000070ea00000, 0x000000070ea00000, 0x000000070ec00000|  0%| F|  |TAMS 0x000000070ea00000, 0x000000070ea00000| Untracked 
|  91|0x000000070ec00000, 0x000000070ec00000, 0x000000070ee00000|  0%| F|  |TAMS 0x000000070ec00000, 0x000000070ec00000| Untracked 
|  92|0x000000070ee00000, 0x000000070ee00000, 0x000000070f000000|  0%| F|  |TAMS 0x000000070ee00000, 0x000000070ee00000| Untracked 
|  93|0x000000070f000000, 0x000000070f000000, 0x000000070f200000|  0%| F|  |TAMS 0x000000070f000000, 0x000000070f000000| Untracked 
|  94|0x000000070f200000, 0x000000070f200000, 0x000000070f400000|  0%| F|  |TAMS 0x000000070f200000, 0x000000070f200000| Untracked 
|  95|0x000000070f400000, 0x000000070f400000, 0x000000070f600000|  0%| F|  |TAMS 0x000000070f400000, 0x000000070f400000| Untracked 
|  96|0x000000070f600000, 0x000000070f600000, 0x000000070f800000|  0%| F|  |TAMS 0x000000070f600000, 0x000000070f600000| Untracked 
|  97|0x000000070f800000, 0x000000070f800000, 0x000000070fa00000|  0%| F|  |TAMS 0x000000070f800000, 0x000000070f800000| Untracked 
|  98|0x000000070fa00000, 0x000000070fa00000, 0x000000070fc00000|  0%| F|  |TAMS 0x000000070fa00000, 0x000000070fa00000| Untracked 
|  99|0x000000070fc00000, 0x000000070fc00000, 0x000000070fe00000|  0%| F|  |TAMS 0x000000070fc00000, 0x000000070fc00000| Untracked 
| 100|0x000000070fe00000, 0x000000070fe00000, 0x0000000710000000|  0%| F|  |TAMS 0x000000070fe00000, 0x000000070fe00000| Untracked 
| 101|0x0000000710000000, 0x0000000710000000, 0x0000000710200000|  0%| F|  |TAMS 0x0000000710000000, 0x0000000710000000| Untracked 
| 102|0x0000000710200000, 0x0000000710200000, 0x0000000710400000|  0%| F|  |TAMS 0x0000000710200000, 0x0000000710200000| Untracked 
| 103|0x0000000710400000, 0x0000000710400000, 0x0000000710600000|  0%| F|  |TAMS 0x0000000710400000, 0x0000000710400000| Untracked 
| 104|0x0000000710600000, 0x0000000710600000, 0x0000000710800000|  0%| F|  |TAMS 0x0000000710600000, 0x0000000710600000| Untracked 
| 105|0x0000000710800000, 0x0000000710800000, 0x0000000710a00000|  0%| F|  |TAMS 0x0000000710800000, 0x0000000710800000| Untracked 
| 106|0x0000000710a00000, 0x0000000710a00000, 0x0000000710c00000|  0%| F|  |TAMS 0x0000000710a00000, 0x0000000710a00000| Untracked 
| 107|0x0000000710c00000, 0x0000000710c00000, 0x0000000710e00000|  0%| F|  |TAMS 0x0000000710c00000, 0x0000000710c00000| Untracked 
| 108|0x0000000710e00000, 0x0000000710e00000, 0x0000000711000000|  0%| F|  |TAMS 0x0000000710e00000, 0x0000000710e00000| Untracked 
| 109|0x0000000711000000, 0x0000000711000000, 0x0000000711200000|  0%| F|  |TAMS 0x0000000711000000, 0x0000000711000000| Untracked 
| 110|0x0000000711200000, 0x0000000711200000, 0x0000000711400000|  0%| F|  |TAMS 0x0000000711200000, 0x0000000711200000| Untracked 
| 111|0x0000000711400000, 0x0000000711400000, 0x0000000711600000|  0%| F|  |TAMS 0x0000000711400000, 0x0000000711400000| Untracked 
| 112|0x0000000711600000, 0x0000000711600000, 0x0000000711800000|  0%| F|  |TAMS 0x0000000711600000, 0x0000000711600000| Untracked 
| 113|0x0000000711800000, 0x0000000711800000, 0x0000000711a00000|  0%| F|  |TAMS 0x0000000711800000, 0x0000000711800000| Untracked 
| 114|0x0000000711a00000, 0x0000000711a00000, 0x0000000711c00000|  0%| F|  |TAMS 0x0000000711a00000, 0x0000000711a00000| Untracked 
| 115|0x0000000711c00000, 0x0000000711c00000, 0x0000000711e00000|  0%| F|  |TAMS 0x0000000711c00000, 0x0000000711c00000| Untracked 
| 116|0x0000000711e00000, 0x0000000711fe5ff0, 0x0000000712000000| 94%| S|CS|TAMS 0x0000000711e00000, 0x0000000711e00000| Complete 
| 117|0x0000000712000000, 0x0000000712000000, 0x0000000712200000|  0%| F|  |TAMS 0x0000000712000000, 0x0000000712000000| Untracked 
| 118|0x0000000712200000, 0x00000007122483b0, 0x0000000712400000| 14%| E|  |TAMS 0x0000000712200000, 0x0000000712200000| Complete 
| 119|0x0000000712400000, 0x0000000712600000, 0x0000000712600000|100%| E|CS|TAMS 0x0000000712400000, 0x0000000712400000| Complete 
| 120|0x0000000712600000, 0x0000000712800000, 0x0000000712800000|100%| E|CS|TAMS 0x0000000712600000, 0x0000000712600000| Complete 
| 121|0x0000000712800000, 0x0000000712a00000, 0x0000000712a00000|100%| E|CS|TAMS 0x0000000712800000, 0x0000000712800000| Complete 
| 122|0x0000000712a00000, 0x0000000712c00000, 0x0000000712c00000|100%| E|CS|TAMS 0x0000000712a00000, 0x0000000712a00000| Complete 
| 123|0x0000000712c00000, 0x0000000712e00000, 0x0000000712e00000|100%| E|CS|TAMS 0x0000000712c00000, 0x0000000712c00000| Complete 
| 124|0x0000000712e00000, 0x0000000713000000, 0x0000000713000000|100%| E|CS|TAMS 0x0000000712e00000, 0x0000000712e00000| Complete 
| 125|0x0000000713000000, 0x0000000713200000, 0x0000000713200000|100%| E|CS|TAMS 0x0000000713000000, 0x0000000713000000| Complete 
| 126|0x0000000713200000, 0x0000000713400000, 0x0000000713400000|100%| E|CS|TAMS 0x0000000713200000, 0x0000000713200000| Complete 

Card table byte_map: [0x000001c477370000,0x000001c477b60000] _byte_map_base: 0x000001c473b55000

Marking Bits (Prev, Next): (CMBitMap*) 0x000001c45fdb4a00, (CMBitMap*) 0x000001c45fdb4a40
 Prev Bits: [0x000001c478350000, 0x000001c47c278000)
 Next Bits: [0x000001c400000000, 0x000001c403f28000)

Polling page: 0x000001c45dd30000

Metaspace:

Usage:
  Non-class:     11.17 MB used.
      Class:      1.72 MB used.
       Both:     12.88 MB used.

Virtual space:
  Non-class space:       64.00 MB reserved,      11.31 MB ( 18%) committed,  1 nodes.
      Class space:        1.00 GB reserved,       1.81 MB ( <1%) committed,  1 nodes.
             Both:        1.06 GB reserved,      13.12 MB (  1%) committed. 

Chunk freelists:
   Non-Class:  4.70 MB
       Class:  14.12 MB
        Both:  18.83 MB

MaxMetaspaceSize: unlimited
CompressedClassSpaceSize: 1.00 GB
Initial GC threshold: 21.00 MB
Current GC threshold: 21.00 MB
CDS: on
MetaspaceReclaimPolicy: balanced
 - commit_granule_bytes: 65536.
 - commit_granule_words: 8192.
 - virtual_space_node_default_size: 8388608.
 - enlarge_chunks_in_place: 1.
 - new_chunks_are_fully_committed: 0.
 - uncommit_free_chunks: 1.
 - use_allocation_guard: 0.
 - handle_deallocations: 1.


Internal statistics:

num_allocs_failed_limit: 0.
num_arena_births: 210.
num_arena_deaths: 0.
num_vsnodes_births: 2.
num_vsnodes_deaths: 0.
num_space_committed: 210.
num_space_uncommitted: 0.
num_chunks_returned_to_freelist: 0.
num_chunks_taken_from_freelist: 631.
num_chunk_merges: 0.
num_chunk_splits: 419.
num_chunks_enlarged: 317.
num_inconsistent_stats: 0.

CodeHeap 'non-profiled nmethods': size=120000Kb used=665Kb max_used=665Kb free=119334Kb
 bounds [0x000001c46f320000, 0x000001c46f590000, 0x000001c476850000]
CodeHeap 'profiled nmethods': size=120000Kb used=3601Kb max_used=3601Kb free=116398Kb
 bounds [0x000001c467850000, 0x000001c467be0000, 0x000001c46ed80000]
CodeHeap 'non-nmethods': size=5760Kb used=1183Kb max_used=1205Kb free=4576Kb
 bounds [0x000001c46ed80000, 0x000001c46eff0000, 0x000001c46f320000]
 total_blobs=2353 nmethods=1893 adapters=372
 compilation: enabled
              stopped_count=0, restarted_count=0
 full_count=0

Compilation events (20 events):
Event: 1.293 Thread 0x000001c47e88c4c0 1875       3       java.lang.Class$AnnotationData::<init> (20 bytes)
Event: 1.293 Thread 0x000001c47e88c4c0 nmethod 1875 0x000001c467bbda90 code [0x000001c467bbdc40, 0x000001c467bbde78]
Event: 1.298 Thread 0x000001c47e88c4c0 1876       3       sun.reflect.annotation.AnnotationParser::parseSig (62 bytes)
Event: 1.299 Thread 0x000001c47e88c4c0 nmethod 1876 0x000001c467bbdf10 code [0x000001c467bbe200, 0x000001c467bbf3f8]
Event: 1.299 Thread 0x000001c47e88c4c0 1877       3       sun.reflect.generics.parser.SignatureParser::parseTypeSig (10 bytes)
Event: 1.300 Thread 0x000001c47e88c4c0 nmethod 1877 0x000001c467bbf990 code [0x000001c467bbfb40, 0x000001c467bbfd48]
Event: 1.300 Thread 0x000001c47e88c4c0 1878       3       sun.reflect.annotation.AnnotationParser::toClass (32 bytes)
Event: 1.300 Thread 0x000001c47e88c4c0 nmethod 1878 0x000001c467bbfe10 code [0x000001c467bc0060, 0x000001c467bc0bc8]
Event: 1.302 Thread 0x000001c47e88c4c0 1879       3       org.springframework.util.ConcurrentReferenceHashMap$Segment$$Lambda$24/0x000001c405023828::add (25 bytes)
Event: 1.302 Thread 0x000001c47e88c4c0 nmethod 1879 0x000001c467bc0e10 code [0x000001c467bc0fc0, 0x000001c467bc1128]
Event: 1.303 Thread 0x000001c47e88c4c0 1880       3       org.springframework.util.ConcurrentReferenceHashMap$Segment::lambda$doTask$0 (43 bytes)
Event: 1.303 Thread 0x000001c47e88c4c0 nmethod 1880 0x000001c467bc1210 code [0x000001c467bc1400, 0x000001c467bc1958]
Event: 1.307 Thread 0x000001c47e88c4c0 1881       3       java.lang.Short::<init> (10 bytes)
Event: 1.307 Thread 0x000001c47e88c4c0 nmethod 1881 0x000001c467bc1b90 code [0x000001c467bc1d40, 0x000001c467bc1f18]
Event: 1.329 Thread 0x000001c47e88c4c0 1882       3       java.lang.NamedPackage::<init> (59 bytes)
Event: 1.329 Thread 0x000001c47e88c4c0 nmethod 1882 0x000001c467bc2010 code [0x000001c467bc22a0, 0x000001c467bc2d98]
Event: 1.333 Thread 0x000001c47e88c4c0 1883       3       jdk.internal.loader.BuiltinClassLoader::definePackage (277 bytes)
Event: 1.336 Thread 0x000001c47e88c4c0 nmethod 1883 0x000001c467bc3190 code [0x000001c467bc3820, 0x000001c467bc79c8]
Event: 1.336 Thread 0x000001c47e88c4c0 1884       3       org.springframework.util.Assert::state (14 bytes)
Event: 1.336 Thread 0x000001c47e88c4c0 nmethod 1884 0x000001c467bc9290 code [0x000001c467bc9440, 0x000001c467bc9628]

GC Heap History (4 events):
Event: 0.618 GC heap before
{Heap before GC invocations=0 (full 0):
 garbage-first heap   total 260096K, used 22528K [0x0000000703600000, 0x0000000800000000)
  region size 2048K, 11 young (22528K), 0 survivors (0K)
 Metaspace       used 4815K, committed 4992K, reserved 1114112K
  class space    used 540K, committed 640K, reserved 1048576K
}
Event: 0.621 GC heap after
{Heap after GC invocations=1 (full 0):
 garbage-first heap   total 260096K, used 8367K [0x0000000703600000, 0x0000000800000000)
  region size 2048K, 2 young (4096K), 2 survivors (4096K)
 Metaspace       used 4815K, committed 4992K, reserved 1114112K
  class space    used 540K, committed 640K, reserved 1048576K
}
Event: 1.161 GC heap before
{Heap before GC invocations=1 (full 0):
 garbage-first heap   total 260096K, used 28847K [0x0000000703600000, 0x0000000800000000)
  region size 2048K, 12 young (24576K), 2 survivors (4096K)
 Metaspace       used 9971K, committed 10240K, reserved 1114112K
  class space    used 1243K, committed 1344K, reserved 1048576K
}
Event: 1.165 GC heap after
{Heap after GC invocations=2 (full 0):
 garbage-first heap   total 260096K, used 9934K [0x0000000703600000, 0x0000000800000000)
  region size 2048K, 1 young (2048K), 1 survivors (2048K)
 Metaspace       used 9971K, committed 10240K, reserved 1114112K
  class space    used 1243K, committed 1344K, reserved 1048576K
}

Dll operation events (10 events):
Event: 0.007 Loaded shared library C:\Users\strip\.jdks\corretto-17.0.9\bin\java.dll
Event: 0.031 Loaded shared library C:\Users\strip\.jdks\corretto-17.0.9\bin\jsvml.dll
Event: 0.159 Loaded shared library C:\Users\strip\.jdks\corretto-17.0.9\bin\zip.dll
Event: 0.161 Loaded shared library C:\Users\strip\.jdks\corretto-17.0.9\bin\instrument.dll
Event: 0.165 Loaded shared library C:\Users\strip\.jdks\corretto-17.0.9\bin\net.dll
Event: 0.167 Loaded shared library C:\Users\strip\.jdks\corretto-17.0.9\bin\nio.dll
Event: 0.168 Loaded shared library C:\Users\strip\.jdks\corretto-17.0.9\bin\zip.dll
Event: 0.263 Loaded shared library C:\Program Files\JetBrains\IntelliJ IDEA Community Edition 2022.1.2\bin\breakgen64.dll
Event: 0.275 Loaded shared library C:\Users\strip\.jdks\corretto-17.0.9\bin\jimage.dll
Event: 1.181 Loaded shared library C:\Users\strip\.jdks\corretto-17.0.9\bin\verify.dll

Deoptimization events (20 events):
Event: 1.177 Thread 0x000001c44aadcba0 DEOPT PACKING pc=0x000001c467b447c8 sp=0x0000001620efccd0
Event: 1.177 Thread 0x000001c44aadcba0 DEOPT UNPACKING pc=0x000001c46eddace3 sp=0x0000001620efc1e8 mode 0
Event: 1.189 Thread 0x000001c44aadcba0 DEOPT PACKING pc=0x000001c467b447c8 sp=0x0000001620efd5f0
Event: 1.189 Thread 0x000001c44aadcba0 DEOPT UNPACKING pc=0x000001c46eddace3 sp=0x0000001620efcb08 mode 0
Event: 1.190 Thread 0x000001c44aadcba0 Uncommon trap: trap_request=0xffffff45 fr.pc=0x000001c46f393474 relative=0x00000000000001b4
Event: 1.190 Thread 0x000001c44aadcba0 Uncommon trap: reason=unstable_if action=reinterpret pc=0x000001c46f393474 method=java.util.concurrent.ConcurrentHashMap.addCount(JI)V @ 171 c2
Event: 1.190 Thread 0x000001c44aadcba0 DEOPT PACKING pc=0x000001c46f393474 sp=0x0000001620efd8b0
Event: 1.190 Thread 0x000001c44aadcba0 DEOPT UNPACKING pc=0x000001c46edda1a3 sp=0x0000001620efd7f0 mode 2
Event: 1.190 Thread 0x000001c45fd4ad60 Uncommon trap: trap_request=0xffffff45 fr.pc=0x000001c46f393474 relative=0x00000000000001b4
Event: 1.190 Thread 0x000001c45fd4ad60 Uncommon trap: reason=unstable_if action=reinterpret pc=0x000001c46f393474 method=java.util.concurrent.ConcurrentHashMap.addCount(JI)V @ 171 c2
Event: 1.190 Thread 0x000001c45fd4ad60 DEOPT PACKING pc=0x000001c46f393474 sp=0x000000161f3fab50
Event: 1.190 Thread 0x000001c45fd4ad60 DEOPT UNPACKING pc=0x000001c46edda1a3 sp=0x000000161f3faa90 mode 2
Event: 1.240 Thread 0x000001c45fd4ad60 Uncommon trap: trap_request=0xffffff45 fr.pc=0x000001c46f38e6fc relative=0x00000000000002dc
Event: 1.240 Thread 0x000001c45fd4ad60 Uncommon trap: reason=unstable_if action=reinterpret pc=0x000001c46f38e6fc method=jdk.internal.org.objectweb.asm.SymbolTable.put(Ljdk/internal/org/objectweb/asm/SymbolTable$Entry;)Ljdk/internal/org/objectweb/asm/SymbolTable$Entry; @ 13 c2
Event: 1.240 Thread 0x000001c45fd4ad60 DEOPT PACKING pc=0x000001c46f38e6fc sp=0x000000161f3fd730
Event: 1.240 Thread 0x000001c45fd4ad60 DEOPT UNPACKING pc=0x000001c46edda1a3 sp=0x000000161f3fd6b0 mode 2
Event: 1.278 Thread 0x000001c44aadcba0 Uncommon trap: trap_request=0xffffff45 fr.pc=0x000001c46f382a9c relative=0x000000000000027c
Event: 1.278 Thread 0x000001c44aadcba0 Uncommon trap: reason=unstable_if action=reinterpret pc=0x000001c46f382a9c method=java.util.concurrent.ConcurrentHashMap.get(Ljava/lang/Object;)Ljava/lang/Object; @ 86 c2
Event: 1.278 Thread 0x000001c44aadcba0 DEOPT PACKING pc=0x000001c46f382a9c sp=0x0000001620efdf70
Event: 1.278 Thread 0x000001c44aadcba0 DEOPT UNPACKING pc=0x000001c46edda1a3 sp=0x0000001620efded8 mode 2

Classes unloaded (0 events):
No events

Classes redefined (0 events):
No events

Internal exceptions (20 events):
Event: 0.922 Thread 0x000001c45fd4ad60 Exception <a 'java/lang/NoSuchMethodError'{0x0000000712d51a48}: 'java.lang.Object java.lang.invoke.DirectMethodHandle$Holder.invokeSpecial(java.lang.Object, java.lang.Object, java.lang.Object, java.lang.Object, java.lang.Object, java.lang.Object, java.lang.Object, int)'> (0x0000000712d51a48) 
thrown [s\src\hotspot\share\interpreter\linkResolver.cpp, line 759]
Event: 0.945 Thread 0x000001c45fd4ad60 Exception <a 'java/lang/NoSuchMethodError'{0x0000000712a72630}: 'int java.lang.invoke.DirectMethodHandle$Holder.invokeInterface(java.lang.Object, java.lang.Object)'> (0x0000000712a72630) 
thrown [s\src\hotspot\share\interpreter\linkResolver.cpp, line 759]
Event: 0.961 Thread 0x000001c45fd4ad60 Exception <a 'java/lang/NoSuchMethodError'{0x0000000712ae3728}: 'int java.lang.invoke.DirectMethodHandle$Holder.invokeVirtual(java.lang.Object, java.lang.Object)'> (0x0000000712ae3728) 
thrown [s\src\hotspot\share\interpreter\linkResolver.cpp, line 759]
Event: 0.974 Thread 0x000001c45fd4ad60 Exception <a 'java/lang/NoSuchMethodError'{0x0000000712b68cd8}: 'java.lang.Object java.lang.invoke.DirectMethodHandle$Holder.invokeSpecial(java.lang.Object, java.lang.Object, java.lang.Object, int, java.lang.Object)'> (0x0000000712b68cd8) 
thrown [s\src\hotspot\share\interpreter\linkResolver.cpp, line 759]
Event: 0.975 Thread 0x000001c45fd4ad60 Exception <a 'java/lang/NoSuchMethodError'{0x0000000712b71240}: 'java.lang.Object java.lang.invoke.DirectMethodHandle$Holder.newInvokeSpecial(java.lang.Object, java.lang.Object, java.lang.Object, int, java.lang.Object)'> (0x0000000712b71240) 
thrown [s\src\hotspot\share\interpreter\linkResolver.cpp, line 759]
Event: 0.975 Thread 0x000001c45fd4ad60 Exception <a 'java/lang/NoSuchMethodError'{0x0000000712b78c10}: 'java.lang.Object java.lang.invoke.Invokers$Holder.linkToTargetMethod(java.lang.Object, java.lang.Object, int, java.lang.Object, java.lang.Object)'> (0x0000000712b78c10) 
thrown [s\src\hotspot\share\interpreter\linkResolver.cpp, line 759]
Event: 0.977 Thread 0x000001c45fd4ad60 Exception <a 'java/lang/NoSuchMethodError'{0x0000000712b87968}: 'java.lang.Object java.lang.invoke.DirectMethodHandle$Holder.newInvokeSpecial(java.lang.Object, int, java.lang.Object)'> (0x0000000712b87968) 
thrown [s\src\hotspot\share\interpreter\linkResolver.cpp, line 759]
Event: 0.977 Thread 0x000001c45fd4ad60 Exception <a 'java/lang/NoSuchMethodError'{0x0000000712b8c438}: 'int java.lang.invoke.DirectMethodHandle$Holder.invokeSpecialIFC(java.lang.Object, java.lang.Object, java.lang.Object, java.lang.Object)'> (0x0000000712b8c438) 
thrown [s\src\hotspot\share\interpreter\linkResolver.cpp, line 759]
Event: 0.998 Thread 0x000001c45fd4ad60 Exception <a 'java/lang/NoSuchMethodError'{0x0000000712855c68}: 'void java.lang.invoke.DirectMethodHandle$Holder.invokeInterface(java.lang.Object, java.lang.Object, java.lang.Object)'> (0x0000000712855c68) 
thrown [s\src\hotspot\share\interpreter\linkResolver.cpp, line 759]
Event: 1.026 Thread 0x000001c45fd4ad60 Exception <a 'java/lang/NoSuchMethodError'{0x00000007128f54d0}: 'void java.lang.invoke.DirectMethodHandle$Holder.invokeStaticInit(java.lang.Object, java.lang.Object)'> (0x00000007128f54d0) 
thrown [s\src\hotspot\share\interpreter\linkResolver.cpp, line 759]
Event: 1.028 Thread 0x000001c45fd4ad60 Exception <a 'java/lang/NoSuchMethodError'{0x0000000712901fc0}: 'void java.lang.invoke.DirectMethodHandle$Holder.invokeStaticInit(java.lang.Object, java.lang.Object, java.lang.Object)'> (0x0000000712901fc0) 
thrown [s\src\hotspot\share\interpreter\linkResolver.cpp, line 759]
Event: 1.034 Thread 0x000001c45fd4ad60 Exception <a 'java/lang/NoSuchMethodError'{0x000000071293dd40}: 'java.lang.Object java.lang.invoke.DirectMethodHandle$Holder.invokeStatic(java.lang.Object, java.lang.Object, long, java.lang.Object)'> (0x000000071293dd40) 
thrown [s\src\hotspot\share\interpreter\linkResolver.cpp, line 759]
Event: 1.034 Thread 0x000001c45fd4ad60 Exception <a 'java/lang/NoSuchMethodError'{0x00000007129417d8}: 'java.lang.Object java.lang.invoke.DirectMethodHandle$Holder.invokeStaticInit(java.lang.Object, java.lang.Object, long, java.lang.Object)'> (0x00000007129417d8) 
thrown [s\src\hotspot\share\interpreter\linkResolver.cpp, line 759]
Event: 1.035 Thread 0x000001c45fd4ad60 Exception <a 'java/lang/NoSuchMethodError'{0x0000000712947b08}: 'java.lang.Object java.lang.invoke.DirectMethodHandle$Holder.newInvokeSpecial(java.lang.Object, java.lang.Object, long)'> (0x0000000712947b08) 
thrown [s\src\hotspot\share\interpreter\linkResolver.cpp, line 759]
Event: 1.035 Thread 0x000001c45fd4ad60 Exception <a 'java/lang/NoSuchMethodError'{0x000000071294b678}: 'java.lang.Object java.lang.invoke.Invokers$Holder.linkToTargetMethod(java.lang.Object, long, java.lang.Object)'> (0x000000071294b678) 
thrown [s\src\hotspot\share\interpreter\linkResolver.cpp, line 759]
Event: 1.055 Thread 0x000001c45fd4ad60 Exception <a 'java/lang/NoSuchMethodError'{0x00000007129b59c0}: 'void java.lang.invoke.DirectMethodHandle$Holder.invokeVirtual(java.lang.Object, java.lang.Object, java.lang.Object, java.lang.Object)'> (0x00000007129b59c0) 
thrown [s\src\hotspot\share\interpreter\linkResolver.cpp, line 759]
Event: 1.091 Thread 0x000001c45fd4ad60 Exception <a 'java/lang/NoSuchMethodError'{0x0000000712796268}: 'void java.lang.invoke.DirectMethodHandle$Holder.invokeSpecial(java.lang.Object, java.lang.Object, java.lang.Object)'> (0x0000000712796268) 
thrown [s\src\hotspot\share\interpreter\linkResolver.cpp, line 759]
Event: 1.091 Thread 0x000001c45fd4ad60 Exception <a 'java/lang/NoSuchMethodError'{0x000000071279c840}: 'void java.lang.invoke.DirectMethodHandle$Holder.invokeSpecial(java.lang.Object, java.lang.Object, java.lang.Object, java.lang.Object, java.lang.Object)'> (0x000000071279c840) 
thrown [s\src\hotspot\share\interpreter\linkResolver.cpp, line 759]
Event: 1.096 Thread 0x000001c45fd4ad60 Exception <a 'java/lang/IncompatibleClassChangeError'{0x00000007127c1910}: Found class java.lang.Object, but interface was expected> (0x00000007127c1910) 
thrown [s\src\hotspot\share\interpreter\linkResolver.cpp, line 826]
Event: 1.103 Thread 0x000001c45fd4ad60 Exception <a 'java/lang/NoSuchMethodError'{0x00000007124e57c0}: 'java.lang.Object java.lang.invoke.DirectMethodHandle$Holder.invokeStaticInit(java.lang.Object, int)'> (0x00000007124e57c0) 
thrown [s\src\hotspot\share\interpreter\linkResolver.cpp, line 759]

VM Operations (20 events):
Event: 0.629 Executing VM operation: HandshakeAllThreads
Event: 0.629 Executing VM operation: HandshakeAllThreads done
Event: 0.763 Executing VM operation: HandshakeAllThreads
Event: 0.763 Executing VM operation: HandshakeAllThreads done
Event: 0.788 Executing VM operation: HandshakeAllThreads
Event: 0.788 Executing VM operation: HandshakeAllThreads done
Event: 0.958 Executing VM operation: HandshakeAllThreads
Event: 0.958 Executing VM operation: HandshakeAllThreads done
Event: 1.050 Executing VM operation: ICBufferFull
Event: 1.050 Executing VM operation: ICBufferFull done
Event: 1.088 Executing VM operation: HandshakeAllThreads
Event: 1.088 Executing VM operation: HandshakeAllThreads done
Event: 1.088 Executing VM operation: HandshakeAllThreads
Event: 1.088 Executing VM operation: HandshakeAllThreads done
Event: 1.161 Executing VM operation: G1CollectForAllocation
Event: 1.165 Executing VM operation: G1CollectForAllocation done
Event: 1.188 Executing VM operation: HandshakeAllThreads
Event: 1.188 Executing VM operation: HandshakeAllThreads done
Event: 1.301 Executing VM operation: HandshakeAllThreads
Event: 1.301 Executing VM operation: HandshakeAllThreads done

Events (20 events):
Event: 1.247 loading class sun/reflect/generics/tree/IntSignature done
Event: 1.247 loading class sun/reflect/generics/tree/LongSignature
Event: 1.247 loading class sun/reflect/generics/tree/LongSignature done
Event: 1.247 loading class sun/reflect/generics/tree/ShortSignature
Event: 1.247 loading class sun/reflect/generics/tree/ShortSignature done
Event: 1.264 loading class java/util/RegularEnumSet$EnumSetIterator
Event: 1.264 loading class java/util/RegularEnumSet$EnumSetIterator done
Event: 1.307 loading class java/lang/Byte$ByteCache
Event: 1.307 loading class java/lang/Byte$ByteCache done
Event: 1.307 loading class java/lang/Short$ShortCache
Event: 1.307 loading class java/lang/Short$ShortCache done
Event: 1.314 loading class org/xml/sax/InputSource
Event: 1.314 loading class org/xml/sax/InputSource done
Event: 1.327 loading class java/lang/invoke/DirectMethodHandle$Special
Event: 1.327 loading class java/lang/invoke/DirectMethodHandle$Special done
Event: 1.334 loading class jdk/internal/loader/BootLoader$PackageHelper
Event: 1.334 loading class jdk/internal/loader/BootLoader$PackageHelper done
Event: 1.336 loading class java/beans/IntrospectionException
Event: 1.336 loading class java/beans/IntrospectionException done
Event: 1.336 loading class java/beans/PropertyDescriptor


Dynamic libraries:
0x00007ff662db0000 - 0x00007ff662dbe000 	C:\Users\strip\.jdks\corretto-17.0.9\bin\java.exe
0x00007ff8f13f0000 - 0x00007ff8f15e7000 	C:\Windows\SYSTEM32\ntdll.dll
0x00007ff8ef610000 - 0x00007ff8ef6cd000 	C:\Windows\System32\KERNEL32.DLL
0x00007ff8eecd0000 - 0x00007ff8eefc6000 	C:\Windows\System32\KERNELBASE.dll
0x00007ff8ef250000 - 0x00007ff8ef350000 	C:\Windows\System32\ucrtbase.dll
0x00007ff8e64f0000 - 0x00007ff8e6507000 	C:\Users\strip\.jdks\corretto-17.0.9\bin\jli.dll
0x00007ff8e64d0000 - 0x00007ff8e64eb000 	C:\Users\strip\.jdks\corretto-17.0.9\bin\VCRUNTIME140.dll
0x00007ff8efea0000 - 0x00007ff8f003e000 	C:\Windows\System32\USER32.dll
0x00007ff8c0070000 - 0x00007ff8c030a000 	C:\Windows\WinSxS\amd64_microsoft.windows.common-controls_6595b64144ccf1df_6.0.19041.3570_none_60bb2a3971f3e41a\COMCTL32.dll
0x00007ff8ef0b0000 - 0x00007ff8ef0d2000 	C:\Windows\System32\win32u.dll
0x00007ff8efdf0000 - 0x00007ff8efe8e000 	C:\Windows\System32\msvcrt.dll
0x00007ff8f0aa0000 - 0x00007ff8f0acc000 	C:\Windows\System32\GDI32.dll
0x00007ff8ef0e0000 - 0x00007ff8ef1fa000 	C:\Windows\System32\gdi32full.dll
0x00007ff8eead0000 - 0x00007ff8eeb6d000 	C:\Windows\System32\msvcp_win.dll
0x00007ff8f0250000 - 0x00007ff8f0280000 	C:\Windows\System32\IMM32.DLL
0x00007ff8e64c0000 - 0x00007ff8e64cc000 	C:\Users\strip\.jdks\corretto-17.0.9\bin\vcruntime140_1.dll
0x00007ff8a65e0000 - 0x00007ff8a666d000 	C:\Users\strip\.jdks\corretto-17.0.9\bin\msvcp140.dll
0x00007ff880c30000 - 0x00007ff881891000 	C:\Users\strip\.jdks\corretto-17.0.9\bin\server\jvm.dll
0x00007ff8f0c50000 - 0x00007ff8f0cfe000 	C:\Windows\System32\ADVAPI32.dll
0x00007ff8f1310000 - 0x00007ff8f13ac000 	C:\Windows\System32\sechost.dll
0x00007ff8ef8f0000 - 0x00007ff8efa16000 	C:\Windows\System32\RPCRT4.dll
0x00007ff8edff0000 - 0x00007ff8ee03b000 	C:\Windows\SYSTEM32\POWRPROF.dll
0x00007ff8d8120000 - 0x00007ff8d8147000 	C:\Windows\SYSTEM32\WINMM.dll
0x00007ff8ea710000 - 0x00007ff8ea719000 	C:\Windows\SYSTEM32\WSOCK32.dll
0x00007ff8e3ab0000 - 0x00007ff8e3aba000 	C:\Windows\SYSTEM32\VERSION.dll
0x00007ff8f12a0000 - 0x00007ff8f130b000 	C:\Windows\System32\WS2_32.dll
0x00007ff8edeb0000 - 0x00007ff8edec2000 	C:\Windows\SYSTEM32\UMPDC.dll
0x00007ff8ec910000 - 0x00007ff8ec922000 	C:\Windows\SYSTEM32\kernel.appcore.dll
0x00007ff8e64b0000 - 0x00007ff8e64ba000 	C:\Users\strip\.jdks\corretto-17.0.9\bin\jimage.dll
0x00007ff8e2360000 - 0x00007ff8e2544000 	C:\Windows\SYSTEM32\DBGHELP.DLL
0x00007ff8d5d40000 - 0x00007ff8d5d74000 	C:\Windows\SYSTEM32\dbgcore.DLL
0x00007ff8ef350000 - 0x00007ff8ef3d2000 	C:\Windows\System32\bcryptPrimitives.dll
0x00007ff8eb670000 - 0x00007ff8eb67e000 	C:\Users\strip\.jdks\corretto-17.0.9\bin\instrument.dll
0x00007ff8e5f30000 - 0x00007ff8e5f55000 	C:\Users\strip\.jdks\corretto-17.0.9\bin\java.dll
0x00007ff894e70000 - 0x00007ff894f47000 	C:\Users\strip\.jdks\corretto-17.0.9\bin\jsvml.dll
0x00007ff8f0350000 - 0x00007ff8f0a94000 	C:\Windows\System32\SHELL32.dll
0x00007ff8ecb30000 - 0x00007ff8ed2cb000 	C:\Windows\SYSTEM32\windows.storage.dll
0x00007ff8efa80000 - 0x00007ff8efdd4000 	C:\Windows\System32\combase.dll
0x00007ff8ee430000 - 0x00007ff8ee45d000 	C:\Windows\SYSTEM32\Wldp.dll
0x00007ff8ef6d0000 - 0x00007ff8ef77d000 	C:\Windows\System32\SHCORE.dll
0x00007ff8efa20000 - 0x00007ff8efa75000 	C:\Windows\System32\shlwapi.dll
0x00007ff8eea00000 - 0x00007ff8eea25000 	C:\Windows\SYSTEM32\profapi.dll
0x00007ff8a8d30000 - 0x00007ff8a8d48000 	C:\Users\strip\.jdks\corretto-17.0.9\bin\zip.dll
0x00007ff8a8d70000 - 0x00007ff8a8d89000 	C:\Users\strip\.jdks\corretto-17.0.9\bin\net.dll
0x00007ff8e87b0000 - 0x00007ff8e88ba000 	C:\Windows\SYSTEM32\WINHTTP.dll
0x00007ff8ee210000 - 0x00007ff8ee27a000 	C:\Windows\system32\mswsock.dll
0x00007ff8a8d50000 - 0x00007ff8a8d66000 	C:\Users\strip\.jdks\corretto-17.0.9\bin\nio.dll
0x00007ff8e57d0000 - 0x00007ff8e57ea000 	C:\Program Files\JetBrains\IntelliJ IDEA Community Edition 2022.1.2\bin\breakgen64.dll
0x00007ff8eded0000 - 0x00007ff8edf0b000 	C:\Windows\SYSTEM32\IPHLPAPI.DLL
0x00007ff8f0340000 - 0x00007ff8f0348000 	C:\Windows\System32\NSI.dll
0x00007ff8e3a80000 - 0x00007ff8e3a97000 	C:\Windows\SYSTEM32\dhcpcsvc6.DLL
0x00007ff8e3a60000 - 0x00007ff8e3a7d000 	C:\Windows\SYSTEM32\dhcpcsvc.DLL
0x00007ff8edf20000 - 0x00007ff8edfea000 	C:\Windows\SYSTEM32\DNSAPI.dll
0x00007ff8e65f0000 - 0x00007ff8e65fa000 	C:\Windows\System32\rasadhlp.dll
0x00007ff8e1fd0000 - 0x00007ff8e2052000 	C:\Windows\System32\fwpuclnt.dll
0x00007ff8eefd0000 - 0x00007ff8eeff7000 	C:\Windows\System32\bcrypt.dll
0x00007ff8bcfc0000 - 0x00007ff8bcfd0000 	C:\Users\strip\.jdks\corretto-17.0.9\bin\verify.dll

dbghelp: loaded successfully - version: 4.0.5 - missing functions: none
symbol engine: initialized successfully - sym options: 0x614 - pdb path: .;C:\Users\strip\.jdks\corretto-17.0.9\bin;C:\Windows\SYSTEM32;C:\Windows\WinSxS\amd64_microsoft.windows.common-controls_6595b64144ccf1df_6.0.19041.3570_none_60bb2a3971f3e41a;C:\Users\strip\.jdks\corretto-17.0.9\bin\server;C:\Program Files\JetBrains\IntelliJ IDEA Community Edition 2022.1.2\bin

VM Arguments:
jvm_args: -javaagent:C:\Program Files\JetBrains\IntelliJ IDEA Community Edition 2022.1.2\lib\idea_rt.jar=62714:C:\Program Files\JetBrains\IntelliJ IDEA Community Edition 2022.1.2\bin -Dfile.encoding=UTF-8 
java_command: com.msmeli.MsMeliApplication
java_class_path (initial): C:\Users\strip\Desktop\Practica\aceleracion gyl\GyL-backend\target\classes;C:\Users\strip\.m2\repository\org\springframework\boot\spring-boot-starter-data-jpa\3.0.10\spring-boot-starter-data-jpa-3.0.10.jar;C:\Users\strip\.m2\repository\org\springframework\boot\spring-boot-starter-aop\3.0.10\spring-boot-starter-aop-3.0.10.jar;C:\Users\strip\.m2\repository\org\aspectj\aspectjweaver\1.9.20\aspectjweaver-1.9.20.jar;C:\Users\strip\.m2\repository\org\springframework\boot\spring-boot-starter-jdbc\3.0.10\spring-boot-starter-jdbc-3.0.10.jar;C:\Users\strip\.m2\repository\com\zaxxer\HikariCP\5.0.1\HikariCP-5.0.1.jar;C:\Users\strip\.m2\repository\org\springframework\spring-jdbc\6.0.11\spring-jdbc-6.0.11.jar;C:\Users\strip\.m2\repository\org\hibernate\orm\hibernate-core\6.1.7.Final\hibernate-core-6.1.7.Final.jar;C:\Users\strip\.m2\repository\jakarta\persistence\jakarta.persistence-api\3.1.0\jakarta.persistence-api-3.1.0.jar;C:\Users\strip\.m2\repository\jakarta\transaction\jakarta.transaction-api\2.0.1\jakarta.transaction-api-2.0.1.jar;C:\Users\strip\.m2\repository\org\jboss\logging\jboss-logging\3.5.3.Final\jboss-logging-3.5.3.Final.jar;C:\Users\strip\.m2\repository\org\hibernate\common\hibernate-commons-annotations\6.0.6.Final\hibernate-commons-annotations-6.0.6.Final.jar;C:\Users\strip\.m2\repository\org\jboss\jandex\2.4.2.Final\jandex-2.4.2.Final.jar;C:\Users\strip\.m2\repository\com\fasterxml\classmate\1.5.1\classmate-1.5.1.jar;C:\Users\strip\.m2\repository\net\bytebuddy\byte-buddy\1.12.23\byte-buddy-1.12.23.jar;C:\Users\strip\.m2\repository\org\glassfish\jaxb\jaxb-runtime\4.0.3\jaxb-runtime-4.0.3.jar;C:\Users\strip\.m2\repository\org\glassfish\jaxb\jaxb-core\4.0.3\jaxb-core-4.0.3.jar;C:\Users\strip\.m2\repository\org\glassfish\jaxb\txw2\4.0.3\txw2-4.0.3.jar;C:\Users\strip\.m2\repository\com\sun\istack\istack-commons-runtime\4.1.2\istack-commons-runtime-4.1.2.jar;C:\Users\strip\.m2\repository\jakarta\inject\jakarta.inject-api\2.0.0\jakarta.injec
Launcher Type: SUN_STANDARD

[Global flags]
     intx CICompilerCount                          = 4                                         {product} {ergonomic}
     uint ConcGCThreads                            = 2                                         {product} {ergonomic}
     uint G1ConcRefinementThreads                  = 8                                         {product} {ergonomic}
   size_t G1HeapRegionSize                         = 2097152                                   {product} {ergonomic}
    uintx GCDrainStackTargetSize                   = 64                                        {product} {ergonomic}
   size_t InitialHeapSize                          = 266338304                                 {product} {ergonomic}
   size_t MarkStackSize                            = 4194304                                   {product} {ergonomic}
   size_t MaxHeapSize                              = 4238344192                                {product} {ergonomic}
   size_t MaxNewSize                               = 2541748224                                {product} {ergonomic}
   size_t MinHeapDeltaBytes                        = 2097152                                   {product} {ergonomic}
   size_t MinHeapSize                              = 8388608                                   {product} {ergonomic}
    uintx NonNMethodCodeHeapSize                   = 5839372                                {pd product} {ergonomic}
    uintx NonProfiledCodeHeapSize                  = 122909434                              {pd product} {ergonomic}
    uintx ProfiledCodeHeapSize                     = 122909434                              {pd product} {ergonomic}
    uintx ReservedCodeCacheSize                    = 251658240                              {pd product} {ergonomic}
     bool SegmentedCodeCache                       = true                                      {product} {ergonomic}
   size_t SoftMaxHeapSize                          = 4238344192                             {manageable} {ergonomic}
     bool UseCompressedClassPointers               = true                           {product lp64_product} {ergonomic}
     bool UseCompressedOops                        = true                           {product lp64_product} {ergonomic}
     bool UseG1GC                                  = true                                      {product} {ergonomic}
     bool UseLargePagesIndividualAllocation        = false                                  {pd product} {ergonomic}

Logging:
Log output configuration:
 #0: stdout all=warning uptime,level,tags
 #1: stderr all=off uptime,level,tags

Environment Variables:
JAVA_HOME=C:\Program Files\Java\jdk-17
PATH=C:\Program Files\Common Files\Oracle\Java\javapath;C:\Program Files (x86)\Common Files\Oracle\Java\javapath;C:\Windows\system32;C:\Windows;C:\Windows\System32\Wbem;C:\Windows\System32\WindowsPowerShell\v1.0\;C:\Windows\System32\OpenSSH\;C:\Program Files\dotnet\;C:\Program Files\nodejs\;C:\Program Files\PuTTY\;C:\Program Files\maven\apache-maven-3.9.4\bin;C:\Program Files\Java\jdk-17\bin;C:\Program Files\Git\cmd;C:\Program Files\Docker\Docker\resources\bin;C:\Users\strip\AppData\Local\Programs\Python\Python310\Scripts\;C:\Users\strip\AppData\Local\Programs\Python\Python310\;C:\Users\strip\AppData\Local\Microsoft\WindowsApps;C:\Users\strip\AppData\Local\Programs\Microsoft VS Code\bin;C:\Users\strip\AppData\Roaming\npm
USERNAME=strip
OS=Windows_NT
PROCESSOR_IDENTIFIER=Intel64 Family 6 Model 140 Stepping 1, GenuineIntel
TMP=C:\Users\strip\AppData\Local\Temp
TEMP=C:\Users\strip\AppData\Local\Temp



Periodic native trim disabled


---------------  S Y S T E M  ---------------

OS:
 Windows 10 , 64 bit Build 19041 (10.0.19041.3570)
OS uptime: 8 days 4:13 hours
Hyper-V role detected

CPU: total 8 (initial active 8) (4 cores per cpu, 2 threads per core) family 6 model 140 stepping 1 microcode 0xa6, cx8, cmov, fxsr, ht, mmx, 3dnowpref, sse, sse2, sse3, ssse3, sse4.1, sse4.2, popcnt, lzcnt, tsc, tscinvbit, avx, avx2, aes, erms, clmul, bmi1, bmi2, adx, avx512f, avx512dq, avx512cd, avx512bw, avx512vl, sha, fma, vzeroupper, avx512_vpopcntdq, avx512_vpclmulqdq, avx512_vaes, avx512_vnni, clflush, clflushopt, clwb, avx512_vbmi2, avx512_vbmi, hv
Processor Information for all 8 processors :
  Max Mhz: 2419, Current Mhz: 2419, Mhz Limit: 2419

Memory: 4k page, system-wide physical 16167M (638M free)
TotalPageFile size 46611M (AvailPageFile size 5M)
current process WorkingSet (physical memory assigned to process): 130M, peak: 131M
current process commit charge ("private bytes"): 403M, peak: 404M

vm_info: OpenJDK 64-Bit Server VM (17.0.9+8-LTS) for windows-amd64 JRE (17.0.9+8-LTS), built on Oct 12 2023 16:15:33 by "Administrator" with MS VC++ 16.10 / 16.11 (VS2019)

END.
