#
# There is insufficient memory for the Java Runtime Environment to continue.
# Native memory allocation (mmap) failed to map 266338304 bytes for G1 virtual space
# Possible reasons:
#   The system is out of physical RAM or swap space
#   The process is running with CompressedOops enabled, and the Java Heap may be blocking the growth of the native heap
# Possible solutions:
#   Reduce memory load on the system
#   Increase physical memory or swap space
#   Check if swap backing store is full
#   Decrease Java heap size (-Xmx/-Xms)
#   Decrease number of Java threads
#   Decrease Java thread stack sizes (-Xss)
#   Set larger code cache with -XX:ReservedCodeCacheSize=
#   JVM is running with Zero Based Compressed Oops mode in which the Java heap is
#     placed in the first 32GB address space. The Java Heap base address is the
#     maximum limit for the native heap growth. Please use -XX:HeapBaseMinAddress
#     to set the Java Heap base and to place the Java Heap above 32GB virtual address.
# This output file may be truncated or incomplete.
#
#  Out of Memory Error (os_windows.cpp:3829), pid=160140, tid=158784
#
# JRE version:  (17.0.8.1+7) (build )
# Java VM: OpenJDK 64-Bit Server VM (17.0.8.1+7-b1000.32, mixed mode, sharing, tiered, compressed oops, compressed class ptrs, g1 gc, windows-amd64)
# No core dump will be written. Minidumps are not enabled by default on client versions of Windows
#

---------------  S U M M A R Y ------------

Command Line: git4idea.http.GitAskPassApp Username for 'https://github.com': 

Host: 11th Gen Intel(R) Core(TM) i5-1135G7 @ 2.40GHz, 8 cores, 15G,  Windows 10 , 64 bit Build 19041 (10.0.19041.3570)
Time: Thu Nov  9 15:10:11 2023 Hora estándar de Argentina elapsed time: 0.008986 seconds (0d 0h 0m 0s)

---------------  T H R E A D  ---------------

Current thread (0x00000193ade17e50):  JavaThread "Unknown thread" [_thread_in_vm, id=158784, stack(0x0000007b69900000,0x0000007b69a00000)]

Stack: [0x0000007b69900000,0x0000007b69a00000]
Native frames: (J=compiled Java code, j=interpreted, Vv=VM code, C=native code)
V  [jvm.dll+0x6852da]
V  [jvm.dll+0x844c84]
V  [jvm.dll+0x84659e]
V  [jvm.dll+0x846c03]
V  [jvm.dll+0x24b7cf]
V  [jvm.dll+0x682049]
V  [jvm.dll+0x67671a]
V  [jvm.dll+0x30be2b]
V  [jvm.dll+0x3132d6]
V  [jvm.dll+0x36302e]
V  [jvm.dll+0x36325f]
V  [jvm.dll+0x2e1f48]
V  [jvm.dll+0x2e2eb4]
V  [jvm.dll+0x815c11]
V  [jvm.dll+0x370df1]
V  [jvm.dll+0x7f4fdc]
V  [jvm.dll+0x3f3f1f]
V  [jvm.dll+0x3f5b31]
C  [jli.dll+0x528f]
C  [ucrtbase.dll+0x21bb2]
C  [KERNEL32.DLL+0x17344]
C  [ntdll.dll+0x526b1]


---------------  P R O C E S S  ---------------

Threads class SMR info:
_java_thread_list=0x00007ff89f1300d8, length=0, elements={
}

Java Threads: ( => current thread )

Other Threads:
  0x00000193ade84880 GCTaskThread "GC Thread#0" [stack: 0x0000007b69a00000,0x0000007b69b00000] [id=162556]
  0x00000193ade95370 ConcurrentGCThread "G1 Main Marker" [stack: 0x0000007b69b00000,0x0000007b69c00000] [id=163168]
  0x00000193ade95c90 ConcurrentGCThread "G1 Conc#0" [stack: 0x0000007b69c00000,0x0000007b69d00000] [id=159956]

[error occurred during error reporting (printing all threads), id 0xc0000005, EXCEPTION_ACCESS_VIOLATION (0xc0000005) at pc=0x00007ff89e8e2ab7]

VM state: not at safepoint (not fully initialized)

VM Mutex/Monitor currently owned by a thread:  ([mutex/lock_event])
[0x00000193ade124f0] Heap_lock - owner thread: 0x00000193ade17e50

Heap address: 0x0000000703600000, size: 4042 MB, Compressed Oops mode: Zero based, Oop shift amount: 3

CDS archive(s) mapped at: [0x0000000000000000-0x0000000000000000-0x0000000000000000), size 0, SharedBaseAddress: 0x0000000800000000, ArchiveRelocationMode: 1.
Narrow klass base: 0x0000000000000000, Narrow klass shift: 0, Narrow klass range: 0x0

GC Precious Log:
<Empty>

Heap:
 garbage-first heap   total 0K, used 0K [0x0000000703600000, 0x0000000800000000)
  region size 2048K, 0 young (0K), 0 survivors (0K)
 Metaspace       used 0K, committed 0K, reserved 0K
  class space    used 0K, committed 0K, reserved 0K

Heap Regions: E=young(eden), S=young(survivor), O=old, HS=humongous(starts), HC=humongous(continues), CS=collection set, F=free, OA=open archive, CA=closed archive, TAMS=top-at-mark-start (previous, next)

Card table byte_map: [0x00000193c2ff0000,0x00000193c37e0000] _byte_map_base: 0x00000193bf7d5000

Marking Bits (Prev, Next): (CMBitMap*) 0x00000193ade84db0, (CMBitMap*) 0x00000193ade84df0
 Prev Bits: [0x00000193c3fd0000, 0x00000193c7ef8000)
 Next Bits: [0x00000193c7f00000, 0x00000193cbe28000)

GC Heap History (0 events):
No events

Dll operation events (1 events):
Event: 0.005 Loaded shared library C:\Program Files\JetBrains\IntelliJ IDEA Community Edition 2022.1.2\jbr\bin\java.dll

Deoptimization events (0 events):
No events

Classes unloaded (0 events):
No events

Classes redefined (0 events):
No events

Internal exceptions (0 events):
No events

VM Operations (0 events):
No events

Events (0 events):
No events


Dynamic libraries:
0x00007ff6f0bc0000 - 0x00007ff6f0bca000 	C:\Program Files\JetBrains\IntelliJ IDEA Community Edition 2022.1.2\jbr\bin\java.exe
0x00007ff8f13f0000 - 0x00007ff8f15e7000 	C:\Windows\SYSTEM32\ntdll.dll
0x00007ff8ef610000 - 0x00007ff8ef6cd000 	C:\Windows\System32\KERNEL32.DLL
0x00007ff8eecd0000 - 0x00007ff8eefc6000 	C:\Windows\System32\KERNELBASE.dll
0x00007ff8ef250000 - 0x00007ff8ef350000 	C:\Windows\System32\ucrtbase.dll
0x00007ff8c1830000 - 0x00007ff8c1847000 	C:\Program Files\JetBrains\IntelliJ IDEA Community Edition 2022.1.2\jbr\bin\jli.dll
0x00007ff8efea0000 - 0x00007ff8f003e000 	C:\Windows\System32\USER32.dll
0x00007ff8b2070000 - 0x00007ff8b208b000 	C:\Program Files\JetBrains\IntelliJ IDEA Community Edition 2022.1.2\jbr\bin\VCRUNTIME140.dll
0x00007ff8ef0b0000 - 0x00007ff8ef0d2000 	C:\Windows\System32\win32u.dll
0x00007ff8c0070000 - 0x00007ff8c030a000 	C:\Windows\WinSxS\amd64_microsoft.windows.common-controls_6595b64144ccf1df_6.0.19041.3570_none_60bb2a3971f3e41a\COMCTL32.dll
0x00007ff8f0aa0000 - 0x00007ff8f0acc000 	C:\Windows\System32\GDI32.dll
0x00007ff8efdf0000 - 0x00007ff8efe8e000 	C:\Windows\System32\msvcrt.dll
0x00007ff8ef0e0000 - 0x00007ff8ef1fa000 	C:\Windows\System32\gdi32full.dll
0x00007ff8eead0000 - 0x00007ff8eeb6d000 	C:\Windows\System32\msvcp_win.dll
0x00007ff8f0250000 - 0x00007ff8f0280000 	C:\Windows\System32\IMM32.DLL
0x00007ff8eb670000 - 0x00007ff8eb67c000 	C:\Program Files\JetBrains\IntelliJ IDEA Community Edition 2022.1.2\jbr\bin\vcruntime140_1.dll
0x00007ff8a8200000 - 0x00007ff8a828d000 	C:\Program Files\JetBrains\IntelliJ IDEA Community Edition 2022.1.2\jbr\bin\msvcp140.dll
0x00007ff89e5f0000 - 0x00007ff89f273000 	C:\Program Files\JetBrains\IntelliJ IDEA Community Edition 2022.1.2\jbr\bin\server\jvm.dll
0x00007ff8f0c50000 - 0x00007ff8f0cfe000 	C:\Windows\System32\ADVAPI32.dll
0x00007ff8f1310000 - 0x00007ff8f13ac000 	C:\Windows\System32\sechost.dll
0x00007ff8ef8f0000 - 0x00007ff8efa16000 	C:\Windows\System32\RPCRT4.dll
0x00007ff8edff0000 - 0x00007ff8ee03b000 	C:\Windows\SYSTEM32\POWRPROF.dll
0x00007ff8d8120000 - 0x00007ff8d8147000 	C:\Windows\SYSTEM32\WINMM.dll
0x00007ff8ea710000 - 0x00007ff8ea719000 	C:\Windows\SYSTEM32\WSOCK32.dll
0x00007ff8e3ab0000 - 0x00007ff8e3aba000 	C:\Windows\SYSTEM32\VERSION.dll
0x00007ff8f12a0000 - 0x00007ff8f130b000 	C:\Windows\System32\WS2_32.dll
0x00007ff8edeb0000 - 0x00007ff8edec2000 	C:\Windows\SYSTEM32\UMPDC.dll
0x00007ff8ec910000 - 0x00007ff8ec922000 	C:\Windows\SYSTEM32\kernel.appcore.dll
0x00007ff8ea700000 - 0x00007ff8ea70a000 	C:\Program Files\JetBrains\IntelliJ IDEA Community Edition 2022.1.2\jbr\bin\jimage.dll
0x00007ff8e2360000 - 0x00007ff8e2544000 	C:\Windows\SYSTEM32\DBGHELP.DLL
0x00007ff8d5d40000 - 0x00007ff8d5d74000 	C:\Windows\SYSTEM32\dbgcore.DLL
0x00007ff8ef350000 - 0x00007ff8ef3d2000 	C:\Windows\System32\bcryptPrimitives.dll
0x00007ff8e5ed0000 - 0x00007ff8e5ef5000 	C:\Program Files\JetBrains\IntelliJ IDEA Community Edition 2022.1.2\jbr\bin\java.dll

dbghelp: loaded successfully - version: 4.0.5 - missing functions: none
symbol engine: initialized successfully - sym options: 0x614 - pdb path: .;C:\Program Files\JetBrains\IntelliJ IDEA Community Edition 2022.1.2\jbr\bin;C:\Windows\SYSTEM32;C:\Windows\WinSxS\amd64_microsoft.windows.common-controls_6595b64144ccf1df_6.0.19041.3570_none_60bb2a3971f3e41a;C:\Program Files\JetBrains\IntelliJ IDEA Community Edition 2022.1.2\jbr\bin\server

VM Arguments:
java_command: git4idea.http.GitAskPassApp Username for 'https://github.com': 
java_class_path (initial): C:/Program Files/JetBrains/IntelliJ IDEA Community Edition 2022.1.2/plugins/vcs-git/lib/git4idea-rt.jar;C:/Program Files/JetBrains/IntelliJ IDEA Community Edition 2022.1.2/lib/externalProcess-rt.jar
Launcher Type: SUN_STANDARD

[Global flags]
     intx CICompilerCount                          = 4                                         {product} {ergonomic}
     uint ConcGCThreads                            = 2                                         {product} {ergonomic}
     uint G1ConcRefinementThreads                  = 8                                         {product} {ergonomic}
   size_t G1HeapRegionSize                         = 2097152                                   {product} {ergonomic}
    uintx GCDrainStackTargetSize                   = 64                                        {product} {ergonomic}
   size_t InitialHeapSize                          = 266338304                                 {product} {ergonomic}
   size_t MarkStackSize                            = 4194304                                   {product} {ergonomic}
   size_t MaxHeapSize                              = 4238344192                                {product} {ergonomic}
   size_t MinHeapDeltaBytes                        = 2097152                                   {product} {ergonomic}
   size_t MinHeapSize                              = 8388608                                   {product} {ergonomic}
    uintx NonNMethodCodeHeapSize                   = 5839372                                {pd product} {ergonomic}
    uintx NonProfiledCodeHeapSize                  = 122909434                              {pd product} {ergonomic}
    uintx ProfiledCodeHeapSize                     = 122909434                              {pd product} {ergonomic}
    uintx ReservedCodeCacheSize                    = 251658240                              {pd product} {ergonomic}
     bool SegmentedCodeCache                       = true                                      {product} {ergonomic}
   size_t SoftMaxHeapSize                          = 4238344192                             {manageable} {ergonomic}
     bool UseCompressedClassPointers               = true                           {product lp64_product} {ergonomic}
     bool UseCompressedOops                        = true                           {product lp64_product} {ergonomic}
     bool UseG1GC                                  = true                                      {product} {ergonomic}
     bool UseLargePagesIndividualAllocation        = false                                  {pd product} {ergonomic}

Logging:
Log output configuration:
 #0: stdout all=warning uptime,level,tags
 #1: stderr all=off uptime,level,tags

Environment Variables:
JAVA_HOME=C:\Program Files\Java\jdk-17
PATH=C:/Program Files/Git/mingw64/libexec/git-core;C:/Program Files/Git/mingw64/libexec/git-core;C:\Program Files\Git\mingw64\bin;C:\Program Files\Git\usr\bin;C:\Users\strip\bin;C:\Program Files\Common Files\Oracle\Java\javapath;C:\Program Files (x86)\Common Files\Oracle\Java\javapath;C:\Windows\system32;C:\Windows;C:\Windows\System32\Wbem;C:\Windows\System32\WindowsPowerShell\v1.0\;C:\Windows\System32\OpenSSH\;C:\Program Files\dotnet\;C:\Program Files\nodejs\;C:\Program Files\PuTTY\;C:\Program Files\maven\apache-maven-3.9.4\bin;C:\Program Files\Java\jdk-17\bin;C:\Program Files\Git\cmd;C:\Program Files\Docker\Docker\resources\bin;C:\Users\strip\AppData\Local\Programs\Python\Python310\Scripts\;C:\Users\strip\AppData\Local\Programs\Python\Python310\;C:\Users\strip\AppData\Local\Microsoft\WindowsApps;C:\Users\strip\AppData\Local\Programs\Microsoft VS Code\bin;C:\Users\strip\AppData\Roaming\npm
USERNAME=strip
DISPLAY=:0.0
LC_ALL=en_US.UTF-8
TERM=xterm-256color
TMPDIR=C:\Users\strip\AppData\Local\Temp
OS=Windows_NT
PROCESSOR_IDENTIFIER=Intel64 Family 6 Model 140 Stepping 1, GenuineIntel
TMP=C:\Users\strip\AppData\Local\Temp
TEMP=C:\Users\strip\AppData\Local\Temp


JNI global refs:
JNI global refs: 0, weak refs: 0

JNI global refs memory usage: 0, weak refs: 0

OOME stack traces (most recent first):
Classloader memory used:


---------------  S Y S T E M  ---------------

OS:
 Windows 10 , 64 bit Build 19041 (10.0.19041.3570)
OS uptime: 8 days 3:36 hours
Hyper-V role detected

CPU: total 8 (initial active 8) (4 cores per cpu, 2 threads per core) family 6 model 140 stepping 1 microcode 0xa6, cx8, cmov, fxsr, ht, mmx, 3dnowpref, sse, sse2, sse3, ssse3, sse4.1, sse4.2, popcnt, lzcnt, tsc, tscinvbit, avx, avx2, aes, erms, clmul, bmi1, bmi2, adx, avx512f, avx512dq, avx512cd, avx512bw, avx512vl, sha, fma, vzeroupper, avx512_vpopcntdq, avx512_vpclmulqdq, avx512_vaes, avx512_vnni, clflush, clflushopt, clwb, avx512_vbmi2, avx512_vbmi, hv
Processor Information for all 8 processors :
  Max Mhz: 2419, Current Mhz: 2419, Mhz Limit: 2419

Memory: 4k page, system-wide physical 16167M (940M free)
TotalPageFile size 46611M (AvailPageFile size 129M)
current process WorkingSet (physical memory assigned to process): 10M, peak: 10M
current process commit charge ("private bytes"): 60M, peak: 314M

vm_info: OpenJDK 64-Bit Server VM (17.0.8.1+7-b1000.32) for windows-amd64 JRE (17.0.8.1+7-b1000.32), built on 2023-09-15 by "builduser" with MS VC++ 16.10 / 16.11 (VS2019)

END.
