#
# A fatal error has been detected by the Java Runtime Environment:
#
#  EXCEPTION_ACCESS_VIOLATION (0xc0000005) at pc=0x00007ffddb5d96a5, pid=8176, tid=2440
#
# JRE version: OpenJDK Runtime Environment Corretto-17.0.5.8.1 (17.0.5+8) (build 17.0.5+8-LTS)
# Java VM: OpenJDK 64-Bit Server VM Corretto-17.0.5.8.1 (17.0.5+8-LTS, mixed mode, sharing, tiered, compressed oops, compressed class ptrs, g1 gc, windows-amd64)
# Problematic frame:
# V  [jvm.dll+0x5696a5]
#
# No core dump will be written. Minidumps are not enabled by default on client versions of Windows
#
# If you would like to submit a bug report, please visit:
#   https://github.com/corretto/corretto-17/issues/
#

---------------  S U M M A R Y ------------

Command Line: -Dmaven.multiModuleProjectDirectory=E:\Escritorio\WORK\asur-backend -Dmaven.home=C:\Users\PC - Escritorio\.m2\wrapper\dists\apache-maven-3.9.4-bin\2vqnav6ufo1qvo5j2um40861m\apache-maven-3.9.4 -Dclassworlds.conf=C:\Users\PC - Escritorio\.m2\wrapper\dists\apache-maven-3.9.4-bin\2vqnav6ufo1qvo5j2um40861m\apache-maven-3.9.4\bin\m2.conf -Dmaven.ext.class.path=C:\Program Files\JetBrains\IntelliJ IDEA Community Edition 2022.1.1\plugins\maven\lib\maven-event-listener.jar -javaagent:C:\Program Files\JetBrains\IntelliJ IDEA Community Edition 2022.1.1\lib\idea_rt.jar=60873:C:\Program Files\JetBrains\IntelliJ IDEA Community Edition 2022.1.1\bin -Dfile.encoding=UTF-8 org.codehaus.classworlds.Launcher -Didea.version=2022.1.1 spring-boot:run

Host: AMD Ryzen 5 3600 6-Core Processor              , 12 cores, 15G,  Windows 10 , 64 bit Build 19041 (10.0.19041.3155)
Time: Wed Sep 13 12:23:52 2023 Hora estándar de Argentina elapsed time: 4.638987 seconds (0d 0h 0m 4s)

---------------  T H R E A D  ---------------

Current thread (0x000001fc77bbdae0):  JavaThread "C2 CompilerThread0" daemon [_thread_in_native, id=2440, stack(0x0000008e60500000,0x0000008e60600000)]


Current CompileTask:
C2:   4639 6724       4       lombok.core.AST::buildWithField (21 bytes)

Stack: [0x0000008e60500000,0x0000008e60600000],  sp=0x0000008e605fb6d0,  free space=1005k
Native frames: (J=compiled Java code, j=interpreted, Vv=VM code, C=native code)
V  [jvm.dll+0x5696a5]
V  [jvm.dll+0x6916b5]
V  [jvm.dll+0x1afc6e]
V  [jvm.dll+0x20938f]
V  [jvm.dll+0x208837]
V  [jvm.dll+0x198a9d]
V  [jvm.dll+0x217bdd]
V  [jvm.dll+0x215e24]
V  [jvm.dll+0x7b06ab]
V  [jvm.dll+0x7aac5a]
V  [jvm.dll+0x645cd5]
C  [ucrtbase.dll+0x21bb2]
C  [KERNEL32.DLL+0x17614]
C  [ntdll.dll+0x526b1]


siginfo: EXCEPTION_ACCESS_VIOLATION (0xc0000005), reading address 0x00007ff5db8e0928


Register to memory mapping:

RIP=0x00007ffddb5d96a5 jvm.dll
RAX=0x00007ff5db8e0920 is an unknown value
RBX=0x000001fc78c45428 points into unknown readable memory: 0x00007ffddb914bc0 | c0 4b 91 db fd 7f 00 00
RCX=0x000001fc78c454b0 points into unknown readable memory: 0x00007ff5db8e0920 | 20 09 8e db f5 7f 00 00
RDX=0x0000000000000002 is an unknown value
RSP=0x0000008e605fb6d0 is pointing into the stack for thread: 0x000001fc77bbdae0
RBP=0x0000000000000002 is an unknown value
RSI=0x0000000000000002 is an unknown value
RDI=0x0000000000000001 is an unknown value
R8 =0x0000000000000002 is an unknown value
R9 =0x000001fc7b49ae80 points into unknown readable memory: 0x00007ffddb917e40 | 40 7e 91 db fd 7f 00 00
R10=0x000001fc7bb0d960 points into unknown readable memory: 0x000001fc7b5e6900 | 00 69 5e 7b fc 01 00 00
R11=0x0000008e605fb698 is pointing into the stack for thread: 0x000001fc77bbdae0
R12=0x0000000000000002 is an unknown value
R13=0x00007ffddbb3c340 jvm.dll
R14=0x0000000000000004 is an unknown value
R15=0x0000000000000004 is an unknown value


Registers:
RAX=0x00007ff5db8e0920, RBX=0x000001fc78c45428, RCX=0x000001fc78c454b0, RDX=0x0000000000000002
RSP=0x0000008e605fb6d0, RBP=0x0000000000000002, RSI=0x0000000000000002, RDI=0x0000000000000001
R8 =0x0000000000000002, R9 =0x000001fc7b49ae80, R10=0x000001fc7bb0d960, R11=0x0000008e605fb698
R12=0x0000000000000002, R13=0x00007ffddbb3c340, R14=0x0000000000000004, R15=0x0000000000000004
RIP=0x00007ffddb5d96a5, EFLAGS=0x0000000000010246

Top of Stack: (sp=0x0000008e605fb6d0)
0x0000008e605fb6d0:   0000000000000004 0000000000000004
0x0000008e605fb6e0:   0000000000000002 0000000000000002
0x0000008e605fb6f0:   0000000000000000 00007ffddb7016b5
0x0000008e605fb700:   00007ffddb914bc0 0000000000000004
0x0000008e605fb710:   000001fc7b8bf218 0000008e605fb800
0x0000008e605fb720:   0000008e605fbb38 0000008e605fb8f0
0x0000008e605fb730:   000001fc00000004 000001fc7c466e60
0x0000008e605fb740:   000001fc7dde4530 0000008e605fb901
0x0000008e605fb750:   0000000000000000 0000000000000000
0x0000008e605fb760:   0000000000000003 000001fc7b5e6970
0x0000008e605fb770:   0000000000000002 0000000000000000
0x0000008e605fb780:   000001fc78c45428 00000004000000c5
0x0000008e605fb790:   0000000300000000 000001fc7dde4530
0x0000008e605fb7a0:   000000000000065c 000001fc7dde4b60
0x0000008e605fb7b0:   000001fc78c4fd40 000001fc7df731d0
0x0000008e605fb7c0:   0000000000000bdd 000001fc7df6f310 

Instructions: (pc=0x00007ffddb5d96a5)
0x00007ffddb5d95a5:   8b 01 ff 90 d0 00 00 00 3b f8 75 12 48 8b 05 20
0x00007ffddb5d95b5:   ec 55 00 48 8b 5c 24 30 48 83 c4 20 5f c3 48 8b
0x00007ffddb5d95c5:   43 08 8b 15 ef 0e 61 00 41 b8 20 00 00 00 48 8b
0x00007ffddb5d95d5:   0c f8 65 48 8b 04 25 58 00 00 00 48 8b 04 d0 4a
0x00007ffddb5d95e5:   8b 14 00 48 8b 82 d0 04 00 00 48 8b 90 80 00 00
0x00007ffddb5d95f5:   00 48 8b 9a 58 08 00 00 48 8b 11 ff 52 68 8b c0
0x00007ffddb5d9605:   48 8b 84 c3 18 0b 00 00 48 8b 5c 24 30 48 83 c4
0x00007ffddb5d9615:   20 5f c3 cc cc cc cc cc cc cc cc 48 89 5c 24 18
0x00007ffddb5d9625:   48 89 6c 24 20 56 48 83 ec 20 48 8b 01 8b ea 48
0x00007ffddb5d9635:   8b d9 ff 90 c8 00 00 00 8b f0 3b e8 73 48 8b 0d
0x00007ffddb5d9645:   73 0e 61 00 65 48 8b 04 25 58 00 00 00 ba 20 00
0x00007ffddb5d9655:   00 00 48 8b 04 c8 48 8b 0c 10 48 8b 81 d0 04 00
0x00007ffddb5d9665:   00 48 8b 88 80 00 00 00 48 8b 81 58 08 00 00 48
0x00007ffddb5d9675:   8b 80 b8 0a 00 00 48 8b 5c 24 40 48 8b 6c 24 48
0x00007ffddb5d9685:   48 83 c4 20 5e c3 48 8b 43 40 48 89 7c 24 30 bf
0x00007ffddb5d9695:   01 00 00 00 4c 89 74 24 38 48 8b 48 08 48 8b 01
0x00007ffddb5d96a5:   ff 50 08 8d 0c 30 3b e9 72 1a 90 48 8b 43 40 8b
0x00007ffddb5d96b5:   f1 ff c7 48 8b 0c f8 48 8b 01 ff 50 08 8d 0c 30
0x00007ffddb5d96c5:   3b e9 73 e7 48 8b 03 48 8b cb ff 90 e8 00 00 00
0x00007ffddb5d96d5:   4c 8b f0 48 85 c0 74 10 48 8b 13 48 8b cb ff 92
0x00007ffddb5d96e5:   b0 00 00 00 3b f8 74 17 48 8b 43 40 2b ee 8b cf
0x00007ffddb5d96f5:   8b d5 48 8b 0c c8 48 8b 01 ff 50 10 4c 8b f0 48
0x00007ffddb5d9705:   8b 7c 24 30 49 8b c6 4c 8b 74 24 38 48 8b 5c 24
0x00007ffddb5d9715:   40 48 8b 6c 24 48 48 83 c4 20 5e c3 cc cc cc cc
0x00007ffddb5d9725:   cc cc cc cc cc cc cc cc cc cc cc 85 d2 75 08 48
0x00007ffddb5d9735:   8d 05 d5 ba 5e 00 c3 48 8b 41 08 48 8b 48 08 48
0x00007ffddb5d9745:   8b 01 48 ff 60 78 cc cc cc cc cc 48 83 ec 28 ba
0x00007ffddb5d9755:   50 00 00 00 48 8d 0d e0 24 40 00 e8 cb b3 cc ff
0x00007ffddb5d9765:   e8 16 d2 0d 00 33 c0 48 83 c4 28 c3 cc cc cc cc
0x00007ffddb5d9775:   cc cc cc cc cc cc cc cc cc cc cc 8b c2 48 8d 04
0x00007ffddb5d9785:   40 48 c1 e0 05 48 03 41 48 c3 cc 48 89 5c 24 08
0x00007ffddb5d9795:   57 48 83 ec 20 8b fa 48 8b d9 83 fa 05 73 17 48 


Stack slot to memory mapping:
stack at sp + 0 slots: 0x0000000000000004 is an unknown value
stack at sp + 1 slots: 0x0000000000000004 is an unknown value
stack at sp + 2 slots: 0x0000000000000002 is an unknown value
stack at sp + 3 slots: 0x0000000000000002 is an unknown value
stack at sp + 4 slots: 0x0 is NULL
stack at sp + 5 slots: 0x00007ffddb7016b5 jvm.dll
stack at sp + 6 slots: 0x00007ffddb914bc0 jvm.dll
stack at sp + 7 slots: 0x0000000000000004 is an unknown value


---------------  P R O C E S S  ---------------

Threads class SMR info:
_java_thread_list=0x000001fc78f24280, length=15, elements={
0x000001fc54733f80, 0x000001fc77ba75f0, 0x000001fc77ba8460, 0x000001fc77bb5e40,
0x000001fc77bb7b60, 0x000001fc77bbac30, 0x000001fc77bbb5e0, 0x000001fc77bbdae0,
0x000001fc77bc4ca0, 0x000001fc77bc51b0, 0x000001fc785f6630, 0x000001fc786fe870,
0x000001fc786fed40, 0x000001fc78768010, 0x000001fc78a76550
}

Java Threads: ( => current thread )
  0x000001fc54733f80 JavaThread "main" [_thread_in_Java, id=8268, stack(0x0000008e5f800000,0x0000008e5f900000)]
  0x000001fc77ba75f0 JavaThread "Reference Handler" daemon [_thread_blocked, id=14692, stack(0x0000008e5ff00000,0x0000008e60000000)]
  0x000001fc77ba8460 JavaThread "Finalizer" daemon [_thread_blocked, id=15056, stack(0x0000008e60000000,0x0000008e60100000)]
  0x000001fc77bb5e40 JavaThread "Signal Dispatcher" daemon [_thread_blocked, id=10848, stack(0x0000008e60100000,0x0000008e60200000)]
  0x000001fc77bb7b60 JavaThread "Attach Listener" daemon [_thread_blocked, id=14784, stack(0x0000008e60200000,0x0000008e60300000)]
  0x000001fc77bbac30 JavaThread "Service Thread" daemon [_thread_blocked, id=14716, stack(0x0000008e60300000,0x0000008e60400000)]
  0x000001fc77bbb5e0 JavaThread "Monitor Deflation Thread" daemon [_thread_blocked, id=14060, stack(0x0000008e60400000,0x0000008e60500000)]
=>0x000001fc77bbdae0 JavaThread "C2 CompilerThread0" daemon [_thread_in_native, id=2440, stack(0x0000008e60500000,0x0000008e60600000)]
  0x000001fc77bc4ca0 JavaThread "C1 CompilerThread0" daemon [_thread_blocked, id=3564, stack(0x0000008e60600000,0x0000008e60700000)]
  0x000001fc77bc51b0 JavaThread "Sweeper thread" daemon [_thread_blocked, id=14308, stack(0x0000008e60700000,0x0000008e60800000)]
  0x000001fc785f6630 JavaThread "Common-Cleaner" daemon [_thread_blocked, id=9652, stack(0x0000008e60800000,0x0000008e60900000)]
  0x000001fc786fe870 JavaThread "Monitor Ctrl-Break" daemon [_thread_in_native, id=1704, stack(0x0000008e60900000,0x0000008e60a00000)]
  0x000001fc786fed40 JavaThread "Notification Thread" daemon [_thread_blocked, id=6916, stack(0x0000008e60a00000,0x0000008e60b00000)]
  0x000001fc78768010 JavaThread "C2 CompilerThread1" daemon [_thread_in_native, id=12420, stack(0x0000008e60c00000,0x0000008e60d00000)]
  0x000001fc78a76550 JavaThread "C2 CompilerThread2" daemon [_thread_in_native, id=13384, stack(0x0000008e60d00000,0x0000008e60e00000)]

Other Threads:
  0x000001fc77ba29f0 VMThread "VM Thread" [stack: 0x0000008e5fe00000,0x0000008e5ff00000] [id=2172]
  0x000001fc547bd9b0 WatcherThread [stack: 0x0000008e60b00000,0x0000008e60c00000] [id=14936]
  0x000001fc547a28b0 GCTaskThread "GC Thread#0" [stack: 0x0000008e5f900000,0x0000008e5fa00000] [id=9900]
  0x000001fc78a76a60 GCTaskThread "GC Thread#1" [stack: 0x0000008e60e00000,0x0000008e60f00000] [id=5452]
  0x000001fc7911ea70 GCTaskThread "GC Thread#2" [stack: 0x0000008e60f00000,0x0000008e61000000] [id=14776]
  0x000001fc7911ed20 GCTaskThread "GC Thread#3" [stack: 0x0000008e61000000,0x0000008e61100000] [id=15344]
  0x000001fc7907a040 GCTaskThread "GC Thread#4" [stack: 0x0000008e61100000,0x0000008e61200000] [id=9276]
  0x000001fc7907a2f0 GCTaskThread "GC Thread#5" [stack: 0x0000008e61200000,0x0000008e61300000] [id=6664]
  0x000001fc78f56fb0 GCTaskThread "GC Thread#6" [stack: 0x0000008e61300000,0x0000008e61400000] [id=1876]
  0x000001fc78f58270 GCTaskThread "GC Thread#7" [stack: 0x0000008e61400000,0x0000008e61500000] [id=11700]
  0x000001fc79172130 GCTaskThread "GC Thread#8" [stack: 0x0000008e61500000,0x0000008e61600000] [id=13892]
  0x000001fc791723e0 GCTaskThread "GC Thread#9" [stack: 0x0000008e61600000,0x0000008e61700000] [id=6072]
  0x000001fc547b36f0 ConcurrentGCThread "G1 Main Marker" [stack: 0x0000008e5fa00000,0x0000008e5fb00000] [id=9732]
  0x000001fc547b4100 ConcurrentGCThread "G1 Conc#0" [stack: 0x0000008e5fb00000,0x0000008e5fc00000] [id=6544]
  0x000001fc79ddf5f0 ConcurrentGCThread "G1 Conc#1" [stack: 0x0000008e61700000,0x0000008e61800000] [id=800]
  0x000001fc79ddf8a0 ConcurrentGCThread "G1 Conc#2" [stack: 0x0000008e61800000,0x0000008e61900000] [id=1352]
  0x000001fc5480d640 ConcurrentGCThread "G1 Refine#0" [stack: 0x0000008e5fc00000,0x0000008e5fd00000] [id=8932]
  0x000001fc5480e060 ConcurrentGCThread "G1 Service" [stack: 0x0000008e5fd00000,0x0000008e5fe00000] [id=14732]

Threads with active compile tasks:
C2 CompilerThread0     4661 6724       4       lombok.core.AST::buildWithField (21 bytes)
C2 CompilerThread1     4661 6719       4       lombok.javac.JavacAST::buildStatementOrExpression (120 bytes)
C2 CompilerThread2     4661 6837   !   4       lombok.javac.JavacAST::drill (146 bytes)

VM state: not at safepoint (normal execution)

VM Mutex/Monitor currently owned by a thread:  ([mutex/lock_event])
[0x000001fc5471c780] CodeCache_lock - owner thread: 0x000001fc54733f80
[0x000001fc5472fef0] Compile_lock - owner thread: 0x000001fc54733f80

Heap address: 0x0000000701000000, size: 4080 MB, Compressed Oops mode: Zero based, Oop shift amount: 3

CDS archive(s) mapped at: [0x0000000800000000-0x0000000800bc0000-0x0000000800bc0000), size 12320768, SharedBaseAddress: 0x0000000800000000, ArchiveRelocationMode: 0.
Compressed class space mapped at: 0x0000000800c00000-0x0000000840c00000, reserved size: 1073741824
Narrow klass base: 0x0000000800000000, Narrow klass shift: 0, Narrow klass range: 0x100000000

GC Precious Log:
 CPUs: 12 total, 12 available
 Memory: 16316M
 Large Page Support: Disabled
 NUMA Support: Disabled
 Compressed Oops: Enabled (Zero based)
 Heap Region Size: 2M
 Heap Min Capacity: 8M
 Heap Initial Capacity: 256M
 Heap Max Capacity: 4080M
 Pre-touch: Disabled
 Parallel Workers: 10
 Concurrent Workers: 3
 Concurrent Refinement Workers: 10
 Periodic GC: Disabled

Heap:
 garbage-first heap   total 157696K, used 74419K [0x0000000701000000, 0x0000000800000000)
  region size 2048K, 16 young (32768K), 1 survivors (2048K)
 Metaspace       used 30039K, committed 30336K, reserved 1081344K
  class space    used 3418K, committed 3584K, reserved 1048576K

Heap Regions: E=young(eden), S=young(survivor), O=old, HS=humongous(starts), HC=humongous(continues), CS=collection set, F=free, OA=open archive, CA=closed archive, TAMS=top-at-mark-start (previous, next)
|   0|0x0000000701000000, 0x0000000701200000, 0x0000000701200000|100%| O|  |TAMS 0x0000000701200000, 0x0000000701000000| Untracked 
|   1|0x0000000701200000, 0x0000000701400000, 0x0000000701400000|100%| O|  |TAMS 0x0000000701400000, 0x0000000701200000| Untracked 
|   2|0x0000000701400000, 0x0000000701600000, 0x0000000701600000|100%| O|  |TAMS 0x0000000701600000, 0x0000000701400000| Untracked 
|   3|0x0000000701600000, 0x0000000701800000, 0x0000000701800000|100%| O|  |TAMS 0x0000000701800000, 0x0000000701600000| Untracked 
|   4|0x0000000701800000, 0x0000000701a00000, 0x0000000701a00000|100%| O|  |TAMS 0x0000000701a00000, 0x0000000701800000| Untracked 
|   5|0x0000000701a00000, 0x0000000701c00000, 0x0000000701c00000|100%| O|  |TAMS 0x0000000701c00000, 0x0000000701a00000| Untracked 
|   6|0x0000000701c00000, 0x0000000701e00000, 0x0000000701e00000|100%| O|  |TAMS 0x0000000701e00000, 0x0000000701c00000| Untracked 
|   7|0x0000000701e00000, 0x0000000702000000, 0x0000000702000000|100%| O|  |TAMS 0x0000000702000000, 0x0000000701e00000| Untracked 
|   8|0x0000000702000000, 0x0000000702200000, 0x0000000702200000|100%| O|  |TAMS 0x0000000702200000, 0x0000000702000000| Untracked 
|   9|0x0000000702200000, 0x0000000702400000, 0x0000000702400000|100%| O|  |TAMS 0x0000000702400000, 0x0000000702200000| Untracked 
|  10|0x0000000702400000, 0x0000000702600000, 0x0000000702600000|100%| O|  |TAMS 0x0000000702600000, 0x0000000702400000| Untracked 
|  11|0x0000000702600000, 0x0000000702800000, 0x0000000702800000|100%| O|  |TAMS 0x0000000702800000, 0x0000000702600000| Untracked 
|  12|0x0000000702800000, 0x0000000702a00000, 0x0000000702a00000|100%| O|  |TAMS 0x0000000702a00000, 0x0000000702800000| Untracked 
|  13|0x0000000702a00000, 0x0000000702c00000, 0x0000000702c00000|100%| O|  |TAMS 0x0000000702c00000, 0x0000000702a00000| Untracked 
|  14|0x0000000702c00000, 0x0000000702e00000, 0x0000000702e00000|100%| O|  |TAMS 0x0000000702e00000, 0x0000000702c00000| Untracked 
|  15|0x0000000702e00000, 0x0000000702f50400, 0x0000000703000000| 65%| O|  |TAMS 0x0000000702f50400, 0x0000000702e00000| Untracked 
|  16|0x0000000703000000, 0x0000000703000000, 0x0000000703200000|  0%| F|  |TAMS 0x0000000703000000, 0x0000000703000000| Untracked 
|  17|0x0000000703200000, 0x0000000703200000, 0x0000000703400000|  0%| F|  |TAMS 0x0000000703200000, 0x0000000703200000| Untracked 
|  18|0x0000000703400000, 0x0000000703600000, 0x0000000703600000|100%| O|  |TAMS 0x0000000703600000, 0x0000000703400000| Untracked 
|  19|0x0000000703600000, 0x0000000703800000, 0x0000000703800000|100%| O|  |TAMS 0x0000000703800000, 0x0000000703600000| Untracked 
|  20|0x0000000703800000, 0x0000000703a00000, 0x0000000703a00000|100%| O|  |TAMS 0x0000000703a00000, 0x0000000703800000| Untracked 
|  21|0x0000000703a00000, 0x0000000703c00000, 0x0000000703c00000|100%| O|  |TAMS 0x0000000703c00000, 0x0000000703a00000| Untracked 
|  22|0x0000000703c00000, 0x0000000703e00000, 0x0000000703e00000|100%| O|  |TAMS 0x0000000703e00000, 0x0000000703c00000| Untracked 
|  23|0x0000000703e00000, 0x0000000703e00000, 0x0000000704000000|  0%| F|  |TAMS 0x0000000703e00000, 0x0000000703e00000| Untracked 
|  24|0x0000000704000000, 0x0000000704000000, 0x0000000704200000|  0%| F|  |TAMS 0x0000000704000000, 0x0000000704000000| Untracked 
|  25|0x0000000704200000, 0x0000000704200000, 0x0000000704400000|  0%| F|  |TAMS 0x0000000704200000, 0x0000000704200000| Untracked 
|  26|0x0000000704400000, 0x0000000704400000, 0x0000000704600000|  0%| F|  |TAMS 0x0000000704400000, 0x0000000704400000| Untracked 
|  27|0x0000000704600000, 0x0000000704600000, 0x0000000704800000|  0%| F|  |TAMS 0x0000000704600000, 0x0000000704600000| Untracked 
|  28|0x0000000704800000, 0x0000000704800000, 0x0000000704a00000|  0%| F|  |TAMS 0x0000000704800000, 0x0000000704800000| Untracked 
|  29|0x0000000704a00000, 0x0000000704a00000, 0x0000000704c00000|  0%| F|  |TAMS 0x0000000704a00000, 0x0000000704a00000| Untracked 
|  30|0x0000000704c00000, 0x0000000704d5cb70, 0x0000000704e00000| 68%| S|CS|TAMS 0x0000000704c00000, 0x0000000704c00000| Complete 
|  31|0x0000000704e00000, 0x0000000704e00000, 0x0000000705000000|  0%| F|  |TAMS 0x0000000704e00000, 0x0000000704e00000| Untracked 
|  32|0x0000000705000000, 0x0000000705000000, 0x0000000705200000|  0%| F|  |TAMS 0x0000000705000000, 0x0000000705000000| Untracked 
|  33|0x0000000705200000, 0x0000000705200000, 0x0000000705400000|  0%| F|  |TAMS 0x0000000705200000, 0x0000000705200000| Untracked 
|  34|0x0000000705400000, 0x0000000705400000, 0x0000000705600000|  0%| F|  |TAMS 0x0000000705400000, 0x0000000705400000| Untracked 
|  35|0x0000000705600000, 0x0000000705600000, 0x0000000705800000|  0%| F|  |TAMS 0x0000000705600000, 0x0000000705600000| Untracked 
|  36|0x0000000705800000, 0x0000000705800000, 0x0000000705a00000|  0%| F|  |TAMS 0x0000000705800000, 0x0000000705800000| Untracked 
|  37|0x0000000705a00000, 0x0000000705a00000, 0x0000000705c00000|  0%| F|  |TAMS 0x0000000705a00000, 0x0000000705a00000| Untracked 
|  38|0x0000000705c00000, 0x0000000705c00000, 0x0000000705e00000|  0%| F|  |TAMS 0x0000000705c00000, 0x0000000705c00000| Untracked 
|  39|0x0000000705e00000, 0x0000000705e00000, 0x0000000706000000|  0%| F|  |TAMS 0x0000000705e00000, 0x0000000705e00000| Untracked 
|  40|0x0000000706000000, 0x0000000706000000, 0x0000000706200000|  0%| F|  |TAMS 0x0000000706000000, 0x0000000706000000| Untracked 
|  41|0x0000000706200000, 0x0000000706200000, 0x0000000706400000|  0%| F|  |TAMS 0x0000000706200000, 0x0000000706200000| Untracked 
|  42|0x0000000706400000, 0x0000000706400000, 0x0000000706600000|  0%| F|  |TAMS 0x0000000706400000, 0x0000000706400000| Untracked 
|  43|0x0000000706600000, 0x0000000706600000, 0x0000000706800000|  0%| F|  |TAMS 0x0000000706600000, 0x0000000706600000| Untracked 
|  44|0x0000000706800000, 0x0000000706800000, 0x0000000706a00000|  0%| F|  |TAMS 0x0000000706800000, 0x0000000706800000| Untracked 
|  45|0x0000000706a00000, 0x0000000706a00000, 0x0000000706c00000|  0%| F|  |TAMS 0x0000000706a00000, 0x0000000706a00000| Untracked 
|  46|0x0000000706c00000, 0x0000000706c00000, 0x0000000706e00000|  0%| F|  |TAMS 0x0000000706c00000, 0x0000000706c00000| Untracked 
|  47|0x0000000706e00000, 0x0000000706e00000, 0x0000000707000000|  0%| F|  |TAMS 0x0000000706e00000, 0x0000000706e00000| Untracked 
|  48|0x0000000707000000, 0x0000000707000000, 0x0000000707200000|  0%| F|  |TAMS 0x0000000707000000, 0x0000000707000000| Untracked 
|  49|0x0000000707200000, 0x0000000707200000, 0x0000000707400000|  0%| F|  |TAMS 0x0000000707200000, 0x0000000707200000| Untracked 
|  50|0x0000000707400000, 0x0000000707400000, 0x0000000707600000|  0%| F|  |TAMS 0x0000000707400000, 0x0000000707400000| Untracked 
|  51|0x0000000707600000, 0x0000000707600000, 0x0000000707800000|  0%| F|  |TAMS 0x0000000707600000, 0x0000000707600000| Untracked 
|  52|0x0000000707800000, 0x0000000707800000, 0x0000000707a00000|  0%| F|  |TAMS 0x0000000707800000, 0x0000000707800000| Untracked 
|  53|0x0000000707a00000, 0x0000000707a00000, 0x0000000707c00000|  0%| F|  |TAMS 0x0000000707a00000, 0x0000000707a00000| Untracked 
|  54|0x0000000707c00000, 0x0000000707c00000, 0x0000000707e00000|  0%| F|  |TAMS 0x0000000707c00000, 0x0000000707c00000| Untracked 
|  55|0x0000000707e00000, 0x0000000707e00000, 0x0000000708000000|  0%| F|  |TAMS 0x0000000707e00000, 0x0000000707e00000| Untracked 
|  56|0x0000000708000000, 0x0000000708000000, 0x0000000708200000|  0%| F|  |TAMS 0x0000000708000000, 0x0000000708000000| Untracked 
|  57|0x0000000708200000, 0x0000000708200000, 0x0000000708400000|  0%| F|  |TAMS 0x0000000708200000, 0x0000000708200000| Untracked 
|  58|0x0000000708400000, 0x0000000708400000, 0x0000000708600000|  0%| F|  |TAMS 0x0000000708400000, 0x0000000708400000| Untracked 
|  59|0x0000000708600000, 0x0000000708600000, 0x0000000708800000|  0%| F|  |TAMS 0x0000000708600000, 0x0000000708600000| Untracked 
|  60|0x0000000708800000, 0x0000000708800000, 0x0000000708a00000|  0%| F|  |TAMS 0x0000000708800000, 0x0000000708800000| Untracked 
|  61|0x0000000708a00000, 0x0000000708c00000, 0x0000000708c00000|100%| E|  |TAMS 0x0000000708a00000, 0x0000000708a00000| Complete 
|  62|0x0000000708c00000, 0x0000000708e00000, 0x0000000708e00000|100%| E|CS|TAMS 0x0000000708c00000, 0x0000000708c00000| Complete 
|  63|0x0000000708e00000, 0x0000000709000000, 0x0000000709000000|100%| E|CS|TAMS 0x0000000708e00000, 0x0000000708e00000| Complete 
|  64|0x0000000709000000, 0x0000000709200000, 0x0000000709200000|100%| E|CS|TAMS 0x0000000709000000, 0x0000000709000000| Complete 
|  65|0x0000000709200000, 0x0000000709400000, 0x0000000709400000|100%| E|CS|TAMS 0x0000000709200000, 0x0000000709200000| Complete 
|  66|0x0000000709400000, 0x0000000709600000, 0x0000000709600000|100%| E|CS|TAMS 0x0000000709400000, 0x0000000709400000| Complete 
|  67|0x0000000709600000, 0x0000000709800000, 0x0000000709800000|100%| E|CS|TAMS 0x0000000709600000, 0x0000000709600000| Complete 
|  68|0x0000000709800000, 0x0000000709a00000, 0x0000000709a00000|100%| E|CS|TAMS 0x0000000709800000, 0x0000000709800000| Complete 
|  69|0x0000000709a00000, 0x0000000709c00000, 0x0000000709c00000|100%| E|CS|TAMS 0x0000000709a00000, 0x0000000709a00000| Complete 
|  70|0x0000000709c00000, 0x0000000709e00000, 0x0000000709e00000|100%| E|CS|TAMS 0x0000000709c00000, 0x0000000709c00000| Complete 
|  71|0x0000000709e00000, 0x000000070a000000, 0x000000070a000000|100%| E|CS|TAMS 0x0000000709e00000, 0x0000000709e00000| Complete 
|  72|0x000000070a000000, 0x000000070a200000, 0x000000070a200000|100%| E|CS|TAMS 0x000000070a000000, 0x000000070a000000| Complete 
| 117|0x000000070fa00000, 0x000000070fc00000, 0x000000070fc00000|100%| E|CS|TAMS 0x000000070fa00000, 0x000000070fa00000| Complete 
| 118|0x000000070fc00000, 0x000000070fe00000, 0x000000070fe00000|100%| E|CS|TAMS 0x000000070fc00000, 0x000000070fc00000| Complete 
| 127|0x0000000710e00000, 0x0000000711000000, 0x0000000711000000|100%| E|CS|TAMS 0x0000000710e00000, 0x0000000710e00000| Complete 
|2039|0x00000007ffe00000, 0x0000000800000000, 0x0000000800000000|100%| O|  |TAMS 0x0000000800000000, 0x00000007ffe00000| Untracked 

Card table byte_map: [0x000001fc6bf90000,0x000001fc6c790000] _byte_map_base: 0x000001fc68788000

Marking Bits (Prev, Next): (CMBitMap*) 0x000001fc547a2ec0, (CMBitMap*) 0x000001fc547a2f00
 Prev Bits: [0x000001fc6cf90000, 0x000001fc70f50000)
 Next Bits: [0x000001fc70f50000, 0x000001fc74f10000)

Polling page: 0x000001fc526e0000

Metaspace:

Usage:
  Non-class:     26.00 MB used.
      Class:      3.34 MB used.
       Both:     29.34 MB used.

Virtual space:
  Non-class space:       32.00 MB reserved,      26.13 MB ( 82%) committed,  4 nodes.
      Class space:        1.00 GB reserved,       3.50 MB ( <1%) committed,  1 nodes.
             Both:        1.03 GB reserved,      29.63 MB (  3%) committed. 

Chunk freelists:
   Non-Class:  1.25 MB
       Class:  523.00 KB
        Both:  1.76 MB

MaxMetaspaceSize: unlimited
CompressedClassSpaceSize: 1.00 GB
Initial GC threshold: 21.00 MB
Current GC threshold: 47.31 MB
CDS: on
MetaspaceReclaimPolicy: balanced
 - commit_granule_bytes: 65536.
 - commit_granule_words: 8192.
 - virtual_space_node_default_size: 1048576.
 - enlarge_chunks_in_place: 1.
 - new_chunks_are_fully_committed: 0.
 - uncommit_free_chunks: 1.
 - use_allocation_guard: 0.
 - handle_deallocations: 1.


Internal statistics:

num_allocs_failed_limit: 3.
num_arena_births: 232.
num_arena_deaths: 0.
num_vsnodes_births: 5.
num_vsnodes_deaths: 0.
num_space_committed: 474.
num_space_uncommitted: 0.
num_chunks_returned_to_freelist: 3.
num_chunks_taken_from_freelist: 1359.
num_chunk_merges: 3.
num_chunk_splits: 917.
num_chunks_enlarged: 680.
num_purges: 0.
num_inconsistent_stats: 0.

CodeHeap 'non-profiled nmethods': size=120000Kb used=3549Kb max_used=3549Kb free=116450Kb
 bounds [0x000001fc63d10000, 0x000001fc64090000, 0x000001fc6b240000]
CodeHeap 'profiled nmethods': size=120000Kb used=13975Kb max_used=13975Kb free=106024Kb
 bounds [0x000001fc5c7e0000, 0x000001fc5d590000, 0x000001fc63d10000]
CodeHeap 'non-nmethods': size=5760Kb used=1215Kb max_used=1260Kb free=4544Kb
 bounds [0x000001fc5c240000, 0x000001fc5c4b0000, 0x000001fc5c7e0000]
 total_blobs=7031 nmethods=6511 adapters=432
 compilation: enabled
              stopped_count=0, restarted_count=0
 full_count=0

Compilation events (20 events):
Event: 4.621 Thread 0x000001fc77bc4ca0 7294       3       java.util.regex.Pattern::compile (500 bytes)
Event: 4.622 Thread 0x000001fc77bc4ca0 nmethod 7294 0x000001fc5d55c290 code [0x000001fc5d55c740, 0x000001fc5d55f5e8]
Event: 4.622 Thread 0x000001fc77bc4ca0 7296       3       java.util.regex.Pattern::escape (1327 bytes)
Event: 4.627 Thread 0x000001fc77bc4ca0 nmethod 7296 0x000001fc5d560010 code [0x000001fc5d560b80, 0x000001fc5d567fb8]
Event: 4.627 Thread 0x000001fc77bc4ca0 7301       2       java.lang.invoke.AbstractValidatingLambdaMetafactory::checkDescriptor (133 bytes)
Event: 4.627 Thread 0x000001fc77bc4ca0 nmethod 7301 0x000001fc5d569710 code [0x000001fc5d569a00, 0x000001fc5d56aa58]
Event: 4.627 Thread 0x000001fc77bc4ca0 7297   !   2       java.lang.invoke.MethodHandles$Lookup::revealDirect (196 bytes)
Event: 4.628 Thread 0x000001fc77bc4ca0 nmethod 7297 0x000001fc5d56b210 code [0x000001fc5d56b4a0, 0x000001fc5d56bce8]
Event: 4.628 Thread 0x000001fc77bc4ca0 7298       2       java.lang.invoke.InfoFromMemberName::<init> (72 bytes)
Event: 4.628 Thread 0x000001fc77bc4ca0 nmethod 7298 0x000001fc5d56c190 code [0x000001fc5d56c320, 0x000001fc5d56c478]
Event: 4.628 Thread 0x000001fc77bc4ca0 7299       2       java.lang.invoke.InnerClassLambdaMetafactory::lambdaClassName (57 bytes)
Event: 4.628 Thread 0x000001fc77bc4ca0 nmethod 7299 0x000001fc5d56c510 code [0x000001fc5d56c740, 0x000001fc5d56cac8]
Event: 4.628 Thread 0x000001fc77bc4ca0 7300       2       java.lang.invoke.AbstractValidatingLambdaMetafactory::isAdaptableToAsReturn (36 bytes)
Event: 4.629 Thread 0x000001fc77bc4ca0 nmethod 7300 0x000001fc5d56cd10 code [0x000001fc5d56cec0, 0x000001fc5d56d068]
Event: 4.629 Thread 0x000001fc77bc4ca0 7302       2       java.lang.invoke.AbstractValidatingLambdaMetafactory::validateMetafactoryArgs (607 bytes)
Event: 4.633 Thread 0x000001fc77bc4ca0 nmethod 7302 0x000001fc5d56d190 code [0x000001fc5d56d800, 0x000001fc5d571228]
Event: 4.633 Thread 0x000001fc77bc4ca0 7304       3       com.sun.tools.javac.code.Types::isSubtypeNoCapture (8 bytes)
Event: 4.633 Thread 0x000001fc77bc4ca0 nmethod 7304 0x000001fc5c8d6610 code [0x000001fc5c8d67a0, 0x000001fc5c8d68e8]
Event: 4.633 Thread 0x000001fc77bc4ca0 7303   !   2       java.lang.invoke.InnerClassLambdaMetafactory::buildCallSite (201 bytes)
Event: 4.634 Thread 0x000001fc77bc4ca0 nmethod 7303 0x000001fc5ca3d510 code [0x000001fc5ca3d840, 0x000001fc5ca3e638]

GC Heap History (18 events):
Event: 0.485 GC heap before
{Heap before GC invocations=0 (full 0):
 garbage-first heap   total 262144K, used 22528K [0x0000000701000000, 0x0000000800000000)
  region size 2048K, 11 young (22528K), 0 survivors (0K)
 Metaspace       used 5721K, committed 5952K, reserved 1056768K
  class space    used 673K, committed 768K, reserved 1048576K
}
Event: 0.488 GC heap after
{Heap after GC invocations=1 (full 0):
 garbage-first heap   total 262144K, used 3915K [0x0000000701000000, 0x0000000800000000)
  region size 2048K, 2 young (4096K), 2 survivors (4096K)
 Metaspace       used 5721K, committed 5952K, reserved 1056768K
  class space    used 673K, committed 768K, reserved 1048576K
}
Event: 1.033 GC heap before
{Heap before GC invocations=1 (full 0):
 garbage-first heap   total 262144K, used 34635K [0x0000000701000000, 0x0000000800000000)
  region size 2048K, 17 young (34816K), 2 survivors (4096K)
 Metaspace       used 9457K, committed 9728K, reserved 1064960K
  class space    used 1141K, committed 1280K, reserved 1048576K
}
Event: 1.037 GC heap after
{Heap after GC invocations=2 (full 0):
 garbage-first heap   total 262144K, used 5267K [0x0000000701000000, 0x0000000800000000)
  region size 2048K, 1 young (2048K), 1 survivors (2048K)
 Metaspace       used 9457K, committed 9728K, reserved 1064960K
  class space    used 1141K, committed 1280K, reserved 1048576K
}
Event: 2.689 GC heap before
{Heap before GC invocations=2 (full 0):
 garbage-first heap   total 262144K, used 191635K [0x0000000701000000, 0x0000000800000000)
  region size 2048K, 76 young (155648K), 1 survivors (2048K)
 Metaspace       used 18045K, committed 18304K, reserved 1073152K
  class space    used 2045K, committed 2176K, reserved 1048576K
}
Event: 2.698 GC heap after
{Heap after GC invocations=3 (full 0):
 garbage-first heap   total 262144K, used 19505K [0x0000000701000000, 0x0000000800000000)
  region size 2048K, 8 young (16384K), 8 survivors (16384K)
 Metaspace       used 18045K, committed 18304K, reserved 1073152K
  class space    used 2045K, committed 2176K, reserved 1048576K
}
Event: 2.906 GC heap before
{Heap before GC invocations=3 (full 0):
 garbage-first heap   total 262144K, used 33841K [0x0000000701000000, 0x0000000800000000)
  region size 2048K, 17 young (34816K), 8 survivors (16384K)
 Metaspace       used 21273K, committed 21504K, reserved 1073152K
  class space    used 2500K, committed 2624K, reserved 1048576K
}
Event: 2.913 GC heap after
{Heap after GC invocations=4 (full 0):
 garbage-first heap   total 262144K, used 21510K [0x0000000701000000, 0x0000000800000000)
  region size 2048K, 2 young (4096K), 2 survivors (4096K)
 Metaspace       used 21273K, committed 21504K, reserved 1073152K
  class space    used 2500K, committed 2624K, reserved 1048576K
}
Event: 3.488 GC heap before
{Heap before GC invocations=5 (full 0):
 garbage-first heap   total 90112K, used 68614K [0x0000000701000000, 0x0000000800000000)
  region size 2048K, 26 young (53248K), 2 survivors (4096K)
 Metaspace       used 25552K, committed 25792K, reserved 1073152K
  class space    used 2951K, committed 3072K, reserved 1048576K
}
Event: 3.494 GC heap after
{Heap after GC invocations=6 (full 0):
 garbage-first heap   total 92160K, used 37444K [0x0000000701000000, 0x0000000800000000)
  region size 2048K, 4 young (8192K), 4 survivors (8192K)
 Metaspace       used 25552K, committed 25792K, reserved 1073152K
  class space    used 2951K, committed 3072K, reserved 1048576K
}
Event: 3.511 GC heap before
{Heap before GC invocations=6 (full 0):
 garbage-first heap   total 92160K, used 39492K [0x0000000701000000, 0x0000000800000000)
  region size 2048K, 5 young (10240K), 4 survivors (8192K)
 Metaspace       used 25581K, committed 25856K, reserved 1073152K
  class space    used 2952K, committed 3072K, reserved 1048576K
}
Event: 3.515 GC heap after
{Heap after GC invocations=7 (full 0):
 garbage-first heap   total 92160K, used 39785K [0x0000000701000000, 0x0000000800000000)
  region size 2048K, 1 young (2048K), 1 survivors (2048K)
 Metaspace       used 25581K, committed 25856K, reserved 1073152K
  class space    used 2952K, committed 3072K, reserved 1048576K
}
Event: 3.777 GC heap before
{Heap before GC invocations=7 (full 0):
 garbage-first heap   total 92160K, used 66409K [0x0000000701000000, 0x0000000800000000)
  region size 2048K, 14 young (28672K), 1 survivors (2048K)
 Metaspace       used 26689K, committed 26944K, reserved 1081344K
  class space    used 3063K, committed 3200K, reserved 1048576K
}
Event: 3.786 GC heap after
{Heap after GC invocations=8 (full 0):
 garbage-first heap   total 92160K, used 44263K [0x0000000701000000, 0x0000000800000000)
  region size 2048K, 2 young (4096K), 2 survivors (4096K)
 Metaspace       used 26689K, committed 26944K, reserved 1081344K
  class space    used 3063K, committed 3200K, reserved 1048576K
}
Event: 4.096 GC heap before
{Heap before GC invocations=8 (full 0):
 garbage-first heap   total 92160K, used 64743K [0x0000000701000000, 0x0000000800000000)
  region size 2048K, 13 young (26624K), 2 survivors (4096K)
 Metaspace       used 27986K, committed 28288K, reserved 1081344K
  class space    used 3212K, committed 3392K, reserved 1048576K
}
Event: 4.100 GC heap after
{Heap after GC invocations=9 (full 0):
 garbage-first heap   total 92160K, used 45257K [0x0000000701000000, 0x0000000800000000)
  region size 2048K, 1 young (2048K), 1 survivors (2048K)
 Metaspace       used 27986K, committed 28288K, reserved 1081344K
  class space    used 3212K, committed 3392K, reserved 1048576K
}
Event: 4.326 GC heap before
{Heap before GC invocations=9 (full 0):
 garbage-first heap   total 92160K, used 67785K [0x0000000701000000, 0x0000000800000000)
  region size 2048K, 13 young (26624K), 1 survivors (2048K)
 Metaspace       used 28690K, committed 28992K, reserved 1081344K
  class space    used 3274K, committed 3456K, reserved 1048576K
}
Event: 4.329 GC heap after
{Heap after GC invocations=10 (full 0):
 garbage-first heap   total 157696K, used 45747K [0x0000000701000000, 0x0000000800000000)
  region size 2048K, 1 young (2048K), 1 survivors (2048K)
 Metaspace       used 28690K, committed 28992K, reserved 1081344K
  class space    used 3274K, committed 3456K, reserved 1048576K
}

Dll operation events (11 events):
Event: 0.006 Loaded shared library C:\Users\PC - Escritorio\.jdks\corretto-17.0.5\bin\java.dll
Event: 0.012 Loaded shared library C:\Users\PC - Escritorio\.jdks\corretto-17.0.5\bin\jsvml.dll
Event: 0.052 Loaded shared library C:\Users\PC - Escritorio\.jdks\corretto-17.0.5\bin\zip.dll
Event: 0.054 Loaded shared library C:\Users\PC - Escritorio\.jdks\corretto-17.0.5\bin\instrument.dll
Event: 0.059 Loaded shared library C:\Users\PC - Escritorio\.jdks\corretto-17.0.5\bin\net.dll
Event: 0.061 Loaded shared library C:\Users\PC - Escritorio\.jdks\corretto-17.0.5\bin\nio.dll
Event: 0.063 Loaded shared library C:\Users\PC - Escritorio\.jdks\corretto-17.0.5\bin\zip.dll
Event: 0.069 Loaded shared library C:\Program Files\JetBrains\IntelliJ IDEA Community Edition 2022.1.1\bin\breakgen64.dll
Event: 0.139 Loaded shared library C:\Users\PC - Escritorio\.jdks\corretto-17.0.5\bin\jimage.dll
Event: 0.171 Loaded shared library C:\Users\PC - Escritorio\AppData\Local\Temp\jansi-2.4.0-47c671ad02b55c36-jansi.dll
Event: 0.179 Loaded shared library C:\Users\PC - Escritorio\.jdks\corretto-17.0.5\bin\verify.dll

Deoptimization events (20 events):
Event: 4.510 Thread 0x000001fc54733f80 Uncommon trap: trap_request=0xffffffc6 fr.pc=0x000001fc63ea47dc relative=0x000000000000093c
Event: 4.510 Thread 0x000001fc54733f80 Uncommon trap: reason=bimorphic_or_optimized_type_check action=maybe_recompile pc=0x000001fc63ea47dc method=java.util.HashMap.putVal(ILjava/lang/Object;Ljava/lang/Object;ZZ)Ljava/lang/Object; @ 253 c2
Event: 4.510 Thread 0x000001fc54733f80 DEOPT PACKING pc=0x000001fc63ea47dc sp=0x0000008e5f8fd320
Event: 4.510 Thread 0x000001fc54733f80 DEOPT UNPACKING pc=0x000001fc5c2923a3 sp=0x0000008e5f8fd278 mode 2
Event: 4.512 Thread 0x000001fc54733f80 Uncommon trap: trap_request=0xffffffc6 fr.pc=0x000001fc63ebd71c relative=0x000000000000087c
Event: 4.512 Thread 0x000001fc54733f80 Uncommon trap: reason=bimorphic_or_optimized_type_check action=maybe_recompile pc=0x000001fc63ebd71c method=java.util.HashMap.putVal(ILjava/lang/Object;Ljava/lang/Object;ZZ)Ljava/lang/Object; @ 253 c2
Event: 4.512 Thread 0x000001fc54733f80 DEOPT PACKING pc=0x000001fc63ebd71c sp=0x0000008e5f8fd290
Event: 4.512 Thread 0x000001fc54733f80 DEOPT UNPACKING pc=0x000001fc5c2923a3 sp=0x0000008e5f8fd270 mode 2
Event: 4.567 Thread 0x000001fc54733f80 Uncommon trap: trap_request=0xffffff45 fr.pc=0x000001fc640442f8 relative=0x0000000000000338
Event: 4.567 Thread 0x000001fc54733f80 Uncommon trap: reason=unstable_if action=reinterpret pc=0x000001fc640442f8 method=com.sun.tools.javac.util.IntHashTable.lookup(Ljava/lang/Object;)I @ 73 c2
Event: 4.567 Thread 0x000001fc54733f80 DEOPT PACKING pc=0x000001fc640442f8 sp=0x0000008e5f8fcf40
Event: 4.567 Thread 0x000001fc54733f80 DEOPT UNPACKING pc=0x000001fc5c2923a3 sp=0x0000008e5f8fce50 mode 2
Event: 4.607 Thread 0x000001fc54733f80 DEOPT PACKING pc=0x000001fc5d4fab6b sp=0x0000008e5f8fd050
Event: 4.607 Thread 0x000001fc54733f80 DEOPT UNPACKING pc=0x000001fc5c292b43 sp=0x0000008e5f8fc4c0 mode 0
Event: 4.620 Thread 0x000001fc54733f80 Uncommon trap: trap_request=0xffffff45 fr.pc=0x000001fc63ff4334 relative=0x0000000000000954
Event: 4.620 Thread 0x000001fc54733f80 Uncommon trap: reason=unstable_if action=reinterpret pc=0x000001fc63ff4334 method=com.sun.tools.javac.jvm.ClassReader.sigToType()Lcom/sun/tools/javac/code/Type; @ 695 c2
Event: 4.620 Thread 0x000001fc54733f80 DEOPT PACKING pc=0x000001fc63ff4334 sp=0x0000008e5f8fa620
Event: 4.620 Thread 0x000001fc54733f80 DEOPT UNPACKING pc=0x000001fc5c2923a3 sp=0x0000008e5f8fa618 mode 2
Event: 4.630 Thread 0x000001fc54733f80 DEOPT PACKING pc=0x000001fc5cac004c sp=0x0000008e5f8fb3e0
Event: 4.630 Thread 0x000001fc54733f80 DEOPT UNPACKING pc=0x000001fc5c292b43 sp=0x0000008e5f8fa938 mode 0

Classes unloaded (0 events):
No events

Classes redefined (0 events):
No events

Internal exceptions (20 events):
Event: 4.588 Thread 0x000001fc54733f80 Exception <a 'sun/nio/fs/WindowsException'{0x0000000708f75340}> (0x0000000708f75340) 
thrown [s\src\hotspot\share\prims\jni.cpp, line 516]
Event: 4.591 Thread 0x000001fc54733f80 Exception <a 'sun/nio/fs/WindowsException'{0x0000000708f88910}> (0x0000000708f88910) 
thrown [s\src\hotspot\share\prims\jni.cpp, line 516]
Event: 4.591 Thread 0x000001fc54733f80 Exception <a 'sun/nio/fs/WindowsException'{0x0000000708f88fa0}> (0x0000000708f88fa0) 
thrown [s\src\hotspot\share\prims\jni.cpp, line 516]
Event: 4.591 Thread 0x000001fc54733f80 Exception <a 'sun/nio/fs/WindowsException'{0x0000000708f89730}> (0x0000000708f89730) 
thrown [s\src\hotspot\share\prims\jni.cpp, line 516]
Event: 4.598 Thread 0x000001fc54733f80 Exception <a 'sun/nio/fs/WindowsException'{0x0000000708fd2248}> (0x0000000708fd2248) 
thrown [s\src\hotspot\share\prims\jni.cpp, line 516]
Event: 4.598 Thread 0x000001fc54733f80 Exception <a 'sun/nio/fs/WindowsException'{0x0000000708fd2908}> (0x0000000708fd2908) 
thrown [s\src\hotspot\share\prims\jni.cpp, line 516]
Event: 4.598 Thread 0x000001fc54733f80 Exception <a 'sun/nio/fs/WindowsException'{0x0000000708fd31b8}> (0x0000000708fd31b8) 
thrown [s\src\hotspot\share\prims\jni.cpp, line 516]
Event: 4.600 Thread 0x000001fc54733f80 Exception <a 'sun/nio/fs/WindowsException'{0x0000000708fe56d8}> (0x0000000708fe56d8) 
thrown [s\src\hotspot\share\prims\jni.cpp, line 516]
Event: 4.600 Thread 0x000001fc54733f80 Exception <a 'sun/nio/fs/WindowsException'{0x0000000708fe5d68}> (0x0000000708fe5d68) 
thrown [s\src\hotspot\share\prims\jni.cpp, line 516]
Event: 4.601 Thread 0x000001fc54733f80 Exception <a 'sun/nio/fs/WindowsException'{0x0000000708fe64f8}> (0x0000000708fe64f8) 
thrown [s\src\hotspot\share\prims\jni.cpp, line 516]
Event: 4.606 Thread 0x000001fc54733f80 Exception <a 'sun/nio/fs/WindowsException'{0x0000000708c27000}> (0x0000000708c27000) 
thrown [s\src\hotspot\share\prims\jni.cpp, line 516]
Event: 4.607 Thread 0x000001fc54733f80 Exception <a 'sun/nio/fs/WindowsException'{0x0000000708c276b0}> (0x0000000708c276b0) 
thrown [s\src\hotspot\share\prims\jni.cpp, line 516]
Event: 4.607 Thread 0x000001fc54733f80 Exception <a 'sun/nio/fs/WindowsException'{0x0000000708c27ef0}> (0x0000000708c27ef0) 
thrown [s\src\hotspot\share\prims\jni.cpp, line 516]
Event: 4.608 Thread 0x000001fc54733f80 Exception <a 'sun/nio/fs/WindowsException'{0x0000000708c38748}> (0x0000000708c38748) 
thrown [s\src\hotspot\share\prims\jni.cpp, line 516]
Event: 4.608 Thread 0x000001fc54733f80 Exception <a 'sun/nio/fs/WindowsException'{0x0000000708c38dd0}> (0x0000000708c38dd0) 
thrown [s\src\hotspot\share\prims\jni.cpp, line 516]
Event: 4.608 Thread 0x000001fc54733f80 Exception <a 'sun/nio/fs/WindowsException'{0x0000000708c39558}> (0x0000000708c39558) 
thrown [s\src\hotspot\share\prims\jni.cpp, line 516]
Event: 4.614 Thread 0x000001fc54733f80 Exception <a 'sun/nio/fs/WindowsException'{0x0000000708cbfe10}> (0x0000000708cbfe10) 
thrown [s\src\hotspot\share\prims\jni.cpp, line 516]
Event: 4.614 Thread 0x000001fc54733f80 Exception <a 'sun/nio/fs/WindowsException'{0x0000000708cc04c0}> (0x0000000708cc04c0) 
thrown [s\src\hotspot\share\prims\jni.cpp, line 516]
Event: 4.614 Thread 0x000001fc54733f80 Exception <a 'sun/nio/fs/WindowsException'{0x0000000708cc0d00}> (0x0000000708cc0d00) 
thrown [s\src\hotspot\share\prims\jni.cpp, line 516]
Event: 4.634 Thread 0x000001fc54733f80 Exception <a 'java/lang/NoSuchMethodError'{0x0000000708d4f578}: 'int java.lang.invoke.DirectMethodHandle$Holder.invokeVirtual(java.lang.Object, java.lang.Object, java.lang.Object, java.lang.Object)'> (0x0000000708d4f578) 
thrown [s\src\hotspot\share\interpreter\linkResolver.cpp, line 759]

VM Operations (20 events):
Event: 4.362 Executing VM operation: G1Concurrent
Event: 4.363 Executing VM operation: G1Concurrent done
Event: 4.460 Executing VM operation: ICBufferFull
Event: 4.460 Executing VM operation: ICBufferFull done
Event: 4.521 Executing VM operation: HandshakeAllThreads
Event: 4.521 Executing VM operation: HandshakeAllThreads done
Event: 4.533 Executing VM operation: HandshakeAllThreads
Event: 4.533 Executing VM operation: HandshakeAllThreads done
Event: 4.546 Executing VM operation: HandshakeAllThreads
Event: 4.546 Executing VM operation: HandshakeAllThreads done
Event: 4.546 Executing VM operation: ICBufferFull
Event: 4.547 Executing VM operation: ICBufferFull done
Event: 4.626 Executing VM operation: HandshakeAllThreads
Event: 4.626 Executing VM operation: HandshakeAllThreads done
Event: 4.630 Executing VM operation: HandshakeAllThreads
Event: 4.630 Executing VM operation: HandshakeAllThreads done
Event: 4.630 Executing VM operation: HandshakeAllThreads
Event: 4.630 Executing VM operation: HandshakeAllThreads done
Event: 4.630 Executing VM operation: HandshakeAllThreads
Event: 4.630 Executing VM operation: HandshakeAllThreads done

Events (20 events):
Event: 4.054 loading class java/util/IdentityHashMap$EntrySet
Event: 4.054 loading class java/util/IdentityHashMap$EntrySet done
Event: 4.054 loading class java/util/IdentityHashMap$EntryIterator
Event: 4.054 loading class java/util/IdentityHashMap$EntryIterator done
Event: 4.054 loading class java/util/IdentityHashMap$EntryIterator$Entry
Event: 4.054 loading class java/util/IdentityHashMap$EntryIterator$Entry done
Event: 4.123 loading class java/util/regex/Pattern$SliceI
Event: 4.124 loading class java/util/regex/Pattern$SliceI done
Event: 4.125 loading class java/util/regex/Pattern$Loop
Event: 4.125 loading class java/util/regex/Pattern$Loop done
Event: 4.125 loading class java/util/regex/Pattern$Prolog
Event: 4.125 loading class java/util/regex/Pattern$Prolog done
Event: 4.162 loading class java/util/regex/Pattern$LazyLoop
Event: 4.162 loading class java/util/regex/Pattern$LazyLoop done
Event: 4.517 loading class java/nio/channels/Channels$1
Event: 4.517 loading class java/nio/channels/Channels$1 done
Event: 4.546 loading class java/util/function/ToIntBiFunction
Event: 4.546 loading class java/util/function/ToIntBiFunction done
Event: 4.632 Thread 0x000001fc77bc51b0 flushing nmethod 0x000001fc5c8d5410
Event: 4.633 Thread 0x000001fc77bc51b0 flushing nmethod 0x000001fc5ca3cf10


Dynamic libraries:
0x00007ff627350000 - 0x00007ff62735d000 	C:\Users\PC - Escritorio\.jdks\corretto-17.0.5\bin\java.exe
0x00007ffe28830000 - 0x00007ffe28a28000 	C:\WINDOWS\SYSTEM32\ntdll.dll
0x00007ffe28730000 - 0x00007ffe287ef000 	C:\WINDOWS\System32\KERNEL32.DLL
0x00007ffe26070000 - 0x00007ffe26366000 	C:\WINDOWS\System32\KERNELBASE.dll
0x00007ffe26790000 - 0x00007ffe26890000 	C:\WINDOWS\System32\ucrtbase.dll
0x00007ffe0c370000 - 0x00007ffe0c385000 	C:\Users\PC - Escritorio\.jdks\corretto-17.0.5\bin\VCRUNTIME140.dll
0x00007ffe0d540000 - 0x00007ffe0d557000 	C:\Users\PC - Escritorio\.jdks\corretto-17.0.5\bin\jli.dll
0x00007ffe26cd0000 - 0x00007ffe26e6d000 	C:\WINDOWS\System32\USER32.dll
0x00007ffe157e0000 - 0x00007ffe15a7a000 	C:\WINDOWS\WinSxS\amd64_microsoft.windows.common-controls_6595b64144ccf1df_6.0.19041.1110_none_60b5254171f9507e\COMCTL32.dll
0x00007ffe263a0000 - 0x00007ffe263c2000 	C:\WINDOWS\System32\win32u.dll
0x00007ffe26960000 - 0x00007ffe269fe000 	C:\WINDOWS\System32\msvcrt.dll
0x00007ffe26c40000 - 0x00007ffe26c6c000 	C:\WINDOWS\System32\GDI32.dll
0x00007ffe265e0000 - 0x00007ffe266f5000 	C:\WINDOWS\System32\gdi32full.dll
0x00007ffe26540000 - 0x00007ffe265dd000 	C:\WINDOWS\System32\msvcp_win.dll
0x00007ffe27e50000 - 0x00007ffe27e80000 	C:\WINDOWS\System32\IMM32.DLL
0x00007ffdeb5c0000 - 0x00007ffdeb65b000 	C:\Users\PC - Escritorio\.jdks\corretto-17.0.5\bin\msvcp140.dll
0x00007ffddb070000 - 0x00007ffddbc84000 	C:\Users\PC - Escritorio\.jdks\corretto-17.0.5\bin\server\jvm.dll
0x00007ffe26b90000 - 0x00007ffe26c3f000 	C:\WINDOWS\System32\ADVAPI32.dll
0x00007ffe28330000 - 0x00007ffe283cc000 	C:\WINDOWS\System32\sechost.dll
0x00007ffe26e70000 - 0x00007ffe26f96000 	C:\WINDOWS\System32\RPCRT4.dll
0x00007ffe208d0000 - 0x00007ffe208d9000 	C:\WINDOWS\SYSTEM32\WSOCK32.dll
0x00007ffe1d6c0000 - 0x00007ffe1d6ca000 	C:\WINDOWS\SYSTEM32\VERSION.dll
0x00007ffe1a530000 - 0x00007ffe1a557000 	C:\WINDOWS\SYSTEM32\WINMM.dll
0x00007ffe27570000 - 0x00007ffe275db000 	C:\WINDOWS\System32\WS2_32.dll
0x00007ffe24720000 - 0x00007ffe24732000 	C:\WINDOWS\SYSTEM32\kernel.appcore.dll
0x00007ffe1ebc0000 - 0x00007ffe1ebca000 	C:\Users\PC - Escritorio\.jdks\corretto-17.0.5\bin\jimage.dll
0x00007ffe23540000 - 0x00007ffe23724000 	C:\WINDOWS\SYSTEM32\DBGHELP.DLL
0x00007ffe0c150000 - 0x00007ffe0c184000 	C:\WINDOWS\SYSTEM32\dbgcore.DLL
0x00007ffe26700000 - 0x00007ffe26782000 	C:\WINDOWS\System32\bcryptPrimitives.dll
0x00007ffe0e060000 - 0x00007ffe0e06e000 	C:\Users\PC - Escritorio\.jdks\corretto-17.0.5\bin\instrument.dll
0x00007ffe0c340000 - 0x00007ffe0c365000 	C:\Users\PC - Escritorio\.jdks\corretto-17.0.5\bin\java.dll
0x00007ffde2880000 - 0x00007ffde2956000 	C:\Users\PC - Escritorio\.jdks\corretto-17.0.5\bin\jsvml.dll
0x00007ffe27700000 - 0x00007ffe27e44000 	C:\WINDOWS\System32\SHELL32.dll
0x00007ffe23f70000 - 0x00007ffe24703000 	C:\WINDOWS\SYSTEM32\windows.storage.dll
0x00007ffe283d0000 - 0x00007ffe28724000 	C:\WINDOWS\System32\combase.dll
0x00007ffe25950000 - 0x00007ffe2597e000 	C:\WINDOWS\SYSTEM32\Wldp.dll
0x00007ffe26a00000 - 0x00007ffe26aad000 	C:\WINDOWS\System32\SHCORE.dll
0x00007ffe274b0000 - 0x00007ffe27505000 	C:\WINDOWS\System32\shlwapi.dll
0x00007ffe25e40000 - 0x00007ffe25e65000 	C:\WINDOWS\SYSTEM32\profapi.dll
0x00007ffe023d0000 - 0x00007ffe023e8000 	C:\Users\PC - Escritorio\.jdks\corretto-17.0.5\bin\zip.dll
0x00007ffe0b890000 - 0x00007ffe0b8a9000 	C:\Users\PC - Escritorio\.jdks\corretto-17.0.5\bin\net.dll
0x00007ffe1f600000 - 0x00007ffe1f70a000 	C:\WINDOWS\SYSTEM32\WINHTTP.dll
0x00007ffe25660000 - 0x00007ffe256ca000 	C:\WINDOWS\system32\mswsock.dll
0x00007ffe023f0000 - 0x00007ffe02405000 	C:\Users\PC - Escritorio\.jdks\corretto-17.0.5\bin\nio.dll
0x00007ffdebb90000 - 0x00007ffdebbaa000 	C:\Program Files\JetBrains\IntelliJ IDEA Community Edition 2022.1.1\bin\breakgen64.dll
0x0000000069ac0000 - 0x0000000069ae4000 	C:\Users\PC - Escritorio\AppData\Local\Temp\jansi-2.4.0-47c671ad02b55c36-jansi.dll
0x00007ffe0e160000 - 0x00007ffe0e170000 	C:\Users\PC - Escritorio\.jdks\corretto-17.0.5\bin\verify.dll

dbghelp: loaded successfully - version: 4.0.5 - missing functions: none
symbol engine: initialized successfully - sym options: 0x614 - pdb path: .;C:\Users\PC - Escritorio\.jdks\corretto-17.0.5\bin;C:\WINDOWS\SYSTEM32;C:\WINDOWS\WinSxS\amd64_microsoft.windows.common-controls_6595b64144ccf1df_6.0.19041.1110_none_60b5254171f9507e;C:\Users\PC - Escritorio\.jdks\corretto-17.0.5\bin\server;C:\Program Files\JetBrains\IntelliJ IDEA Community Edition 2022.1.1\bin;C:\Users\PC - Escritorio\AppData\Local\Temp

VM Arguments:
jvm_args: -Dmaven.multiModuleProjectDirectory=E:\Escritorio\WORK\asur-backend -Dmaven.home=C:\Users\PC - Escritorio\.m2\wrapper\dists\apache-maven-3.9.4-bin\2vqnav6ufo1qvo5j2um40861m\apache-maven-3.9.4 -Dclassworlds.conf=C:\Users\PC - Escritorio\.m2\wrapper\dists\apache-maven-3.9.4-bin\2vqnav6ufo1qvo5j2um40861m\apache-maven-3.9.4\bin\m2.conf -Dmaven.ext.class.path=C:\Program Files\JetBrains\IntelliJ IDEA Community Edition 2022.1.1\plugins\maven\lib\maven-event-listener.jar -javaagent:C:\Program Files\JetBrains\IntelliJ IDEA Community Edition 2022.1.1\lib\idea_rt.jar=60873:C:\Program Files\JetBrains\IntelliJ IDEA Community Edition 2022.1.1\bin -Dfile.encoding=UTF-8 
java_command: org.codehaus.classworlds.Launcher -Didea.version=2022.1.1 spring-boot:run
java_class_path (initial): C:\Users\PC - Escritorio\.m2\wrapper\dists\apache-maven-3.9.4-bin\2vqnav6ufo1qvo5j2um40861m\apache-maven-3.9.4\boot\plexus-classworlds-2.7.0.jar;C:\Users\PC - Escritorio\.m2\wrapper\dists\apache-maven-3.9.4-bin\2vqnav6ufo1qvo5j2um40861m\apache-maven-3.9.4\boot\plexus-classworlds.license
Launcher Type: SUN_STANDARD

[Global flags]
     intx CICompilerCount                          = 4                                         {product} {ergonomic}
     uint ConcGCThreads                            = 3                                         {product} {ergonomic}
     uint G1ConcRefinementThreads                  = 10                                        {product} {ergonomic}
   size_t G1HeapRegionSize                         = 2097152                                   {product} {ergonomic}
    uintx GCDrainStackTargetSize                   = 64                                        {product} {ergonomic}
   size_t InitialHeapSize                          = 268435456                                 {product} {ergonomic}
   size_t MarkStackSize                            = 4194304                                   {product} {ergonomic}
   size_t MaxHeapSize                              = 4278190080                                {product} {ergonomic}
   size_t MaxNewSize                               = 2566914048                                {product} {ergonomic}
   size_t MinHeapDeltaBytes                        = 2097152                                   {product} {ergonomic}
   size_t MinHeapSize                              = 8388608                                   {product} {ergonomic}
    uintx NonNMethodCodeHeapSize                   = 5839372                                {pd product} {ergonomic}
    uintx NonProfiledCodeHeapSize                  = 122909434                              {pd product} {ergonomic}
    uintx ProfiledCodeHeapSize                     = 122909434                              {pd product} {ergonomic}
    uintx ReservedCodeCacheSize                    = 251658240                              {pd product} {ergonomic}
     bool SegmentedCodeCache                       = true                                      {product} {ergonomic}
   size_t SoftMaxHeapSize                          = 4278190080                             {manageable} {ergonomic}
     bool UseCompressedClassPointers               = true                           {product lp64_product} {ergonomic}
     bool UseCompressedOops                        = true                           {product lp64_product} {ergonomic}
     bool UseG1GC                                  = true                                      {product} {ergonomic}
     bool UseLargePagesIndividualAllocation        = false                                  {pd product} {ergonomic}

Logging:
Log output configuration:
 #0: stdout all=warning uptime,level,tags
 #1: stderr all=off uptime,level,tags

Environment Variables:
JAVA_HOME=C:\Program Files\Java\jdk-11
PATH=C:\Program Files\Common Files\Oracle\Java\javapath;C:\Program Files (x86)\Common Files\Oracle\Java\javapath;C:\ProgramData\Oracle\Java\javapath;c:\python39\scripts\;c:\python39\;c:\windows\system32;c:\windows;c:\windows\system32\wbem;c:\windows\system32\windowspowershell\v1.0\;c:\windows\system32\openssh\;c:\program files\java\jdk1.8.0_281\bin;c:\programdata\chocolatey\bin;c:\users\pc - escritorio\appdata\roaming\nvm;c:\program files\nodejs;c:\program files\git\cmd;C:\Program Files (x86)\NVIDIA Corporation\PhysX\Common;C:\Program Files\NVIDIA Corporation\NVIDIA NvDLISR;C:\WINDOWS\system32;C:\WINDOWS;C:\WINDOWS\System32\Wbem;C:\WINDOWS\System32\WindowsPowerShell\v1.0\;C:\WINDOWS\System32\OpenSSH\;C:\Program Files\Docker\Docker\resources\bin;C:\Users\PC - Escritorio\AppData\Local\Programs\Python\Python311\Scripts\;C:\Users\PC - Escritorio\AppData\Local\Programs\Python\Python311\;C:\Users\PC - Escritorio\AppData\Local\Microsoft\WindowsApps;C:\Users\PC - Escritorio\AppData\Local\Programs\Microsoft VS Code\bin;C:\Program Files\MongoDB\Server\4.4\bin;C:\Users\PC - Escritorio\AppData\Roaming\npm;C:\Program Files\Azure Data Studio\bin;C:\Program Files\JetBrains\IntelliJ IDEA Community Edition 2022.1.1\bin;;C:\maven\bin;C:\Program Files\Java\jdk-11\bin;C:\Users\PC - Escritorio\AppData\Roaming\nvm;C:\Program Files\nodejs;
USERNAME=PC - Escritorio
OS=Windows_NT
PROCESSOR_IDENTIFIER=AMD64 Family 23 Model 113 Stepping 0, AuthenticAMD
TMP=C:\Users\PC - Escritorio\AppData\Local\Temp
TEMP=C:\Users\PC - Escritorio\AppData\Local\Temp



---------------  S Y S T E M  ---------------

OS:
 Windows 10 , 64 bit Build 19041 (10.0.19041.3155)
OS uptime: 0 days 16:10 hours
Hyper-V role detected

CPU: total 12 (initial active 12) (12 cores per cpu, 2 threads per core) family 23 model 113 stepping 0 microcode 0x0, cx8, cmov, fxsr, ht, mmx, 3dnowpref, sse, sse2, sse3, ssse3, sse4a, sse4.1, sse4.2, popcnt, lzcnt, tsc, tscinvbit, avx, avx2, aes, clmul, bmi1, bmi2, adx, sha, fma, vzeroupper, clflush, clflushopt, hv

Memory: 4k page, system-wide physical 16316M (6982M free)
TotalPageFile size 32700M (AvailPageFile size 18208M)
current process WorkingSet (physical memory assigned to process): 300M, peak: 312M
current process commit charge ("private bytes"): 379M, peak: 417M

vm_info: OpenJDK 64-Bit Server VM (17.0.5+8-LTS) for windows-amd64 JRE (17.0.5+8-LTS), built on Oct 13 2022 05:18:14 by "Administrator" with MS VC++ 15.9 (VS2017)

END.
